2024-09-30 20:03:53,530 [INFO] Activator:176 - 


2024-09-30 20:03:53,537 [INFO] Activator:177 - !SESSION log4j initialized
2024-09-30 20:04:01,389 [INFO] LogOutputStream:77 - [STDOUT_REDIRECT] 
2024-09-30 20:04:02,753 [INFO] ApplicationProperties:184 - Using Application install path: C:\ST\STM32CubeIDE_1.12.0\STM32CubeIDE\plugins\com.st.stm32cube.common.mx_6.12.0.202406281431
2024-09-30 20:04:02,771 [INFO] DbMcusXml:78 - Set database path to: C:\ST\STM32CubeIDE_1.12.0\STM32CubeIDE\plugins\com.st.stm32cube.common.mx_6.12.0.202406281431\\db\/mcu/
2024-09-30 20:04:02,771 [INFO] ApiDb:274 - Set plugin database path to: C:\ST\STM32CubeIDE_1.12.0\STM32CubeIDE\plugins\com.st.stm32cube.common.mx_6.12.0.202406281431\\db\/plugins/boardmanager/
2024-09-30 20:04:02,772 [WARN] ApiDb:259 - Overriding images path with different value:  => C:\ST\STM32CubeIDE_1.12.0\STM32CubeIDE\plugins\com.st.stm32cube.common.mx_6.12.0.202406281431\\db\/plugins/mcufinder/images/
2024-09-30 20:04:02,783 [INFO] ApiDb:250 - Set database path to: C:\Users\umutu\.stmcufinder\plugins\mcufinder//mcu/
2024-09-30 20:04:02,784 [INFO] DbMcusAds:125 - Set database path to: C:\Users\umutu\.stmcufinder\plugins\mcufinder//mcu/
2024-09-30 20:04:02,787 [INFO] CrossReferenceDbSqlite:203 - Set database path to: C:\Users\umutu\.stmcufinder\plugins\mcufinder//mcu/cs/
2024-09-30 20:04:02,912 [INFO] RulesReader:64 - Compatibility file has been processed (297 Rules)
2024-09-30 20:04:03,025 [INFO] DbMcusXml:78 - Set database path to: C:\ST\STM32CubeIDE_1.12.0\STM32CubeIDE\plugins\com.st.stm32cube.common.mx_6.12.0.202406281431\\db\/mcu/
2024-09-30 20:04:03,025 [INFO] ApiDb:274 - Set plugin database path to: C:\ST\STM32CubeIDE_1.12.0\STM32CubeIDE\plugins\com.st.stm32cube.common.mx_6.12.0.202406281431\\db\/plugins/boardmanager/
2024-09-30 20:04:03,025 [INFO] ApiDb:261 - Set plugin images path to: C:\ST\STM32CubeIDE_1.12.0\STM32CubeIDE\plugins\com.st.stm32cube.common.mx_6.12.0.202406281431\\db\/plugins/mcufinder/images/
2024-09-30 20:04:03,026 [WARN] DbFile:41 - Overriding database path with different value: C:\Users\umutu\.stmcufinder\plugins\mcufinder/ => C:\Users\umutu\.stmcufinder\plugins\mcufinder
2024-09-30 20:04:03,026 [INFO] ApiDb:250 - Set database path to: C:\Users\umutu\.stmcufinder\plugins\mcufinder//mcu/
2024-09-30 20:04:03,026 [WARN] DbFile:41 - Overriding database path with different value: C:\Users\umutu\.stmcufinder\plugins\mcufinder/ => C:\Users\umutu\.stmcufinder\plugins\mcufinder
2024-09-30 20:04:03,026 [INFO] DbMcusAds:125 - Set database path to: C:\Users\umutu\.stmcufinder\plugins\mcufinder//mcu/
2024-09-30 20:04:03,026 [WARN] DbFile:41 - Overriding database path with different value: C:\Users\umutu\.stmcufinder\plugins\mcufinder/ => C:\Users\umutu\.stmcufinder\plugins\mcufinder
2024-09-30 20:04:03,026 [WARN] DbFile:41 - Overriding database path with different value: C:\Users\umutu\.stmcufinder\plugins\mcufinder/ => C:\Users\umutu\.stmcufinder\plugins\mcufinder
2024-09-30 20:04:03,026 [INFO] CrossReferenceDbSqlite:203 - Set database path to: C:\Users\umutu\.stmcufinder\plugins\mcufinder//mcu/cs/
2024-09-30 20:04:03,148 [INFO] MainPanel:268 - HeapMemory: 268435456
2024-09-30 20:04:03,277 [INFO] DbMcusXml:78 - Set database path to: C:\ST\STM32CubeIDE_1.12.0\STM32CubeIDE\plugins\com.st.stm32cube.common.mx_6.12.0.202406281431\\db\/mcu/
2024-09-30 20:04:03,277 [INFO] ApiDb:274 - Set plugin database path to: C:\ST\STM32CubeIDE_1.12.0\STM32CubeIDE\plugins\com.st.stm32cube.common.mx_6.12.0.202406281431\\db\/plugins/boardmanager/
2024-09-30 20:04:03,277 [INFO] ApiDb:261 - Set plugin images path to: C:\ST\STM32CubeIDE_1.12.0\STM32CubeIDE\plugins\com.st.stm32cube.common.mx_6.12.0.202406281431\\db\/plugins/mcufinder/images/
2024-09-30 20:04:03,278 [WARN] DbFile:41 - Overriding database path with different value: C:\Users\umutu\.stmcufinder\plugins\mcufinder/ => C:\Users\umutu\.stmcufinder\plugins\mcufinder
2024-09-30 20:04:03,278 [INFO] ApiDb:250 - Set database path to: C:\Users\umutu\.stmcufinder\plugins\mcufinder//mcu/
2024-09-30 20:04:03,278 [WARN] DbFile:41 - Overriding database path with different value: C:\Users\umutu\.stmcufinder\plugins\mcufinder/ => C:\Users\umutu\.stmcufinder\plugins\mcufinder
2024-09-30 20:04:03,278 [INFO] DbMcusAds:125 - Set database path to: C:\Users\umutu\.stmcufinder\plugins\mcufinder//mcu/
2024-09-30 20:04:03,278 [WARN] DbFile:41 - Overriding database path with different value: C:\Users\umutu\.stmcufinder\plugins\mcufinder/ => C:\Users\umutu\.stmcufinder\plugins\mcufinder
2024-09-30 20:04:03,278 [WARN] DbFile:41 - Overriding database path with different value: C:\Users\umutu\.stmcufinder\plugins\mcufinder/ => C:\Users\umutu\.stmcufinder\plugins\mcufinder
2024-09-30 20:04:03,278 [INFO] CrossReferenceDbSqlite:203 - Set database path to: C:\Users\umutu\.stmcufinder\plugins\mcufinder//mcu/cs/
2024-09-30 20:04:03,294 [INFO] ApplicationProperties:184 - Using Application install path: C:\ST\STM32CubeIDE_1.12.0\STM32CubeIDE\plugins\com.st.stm32cube.common.mx_6.12.0.202406281431
2024-09-30 20:04:03,295 [INFO] PluginManage:196 - Search for loadable plugins [exclusion list=, ]
2024-09-30 20:04:03,296 [INFO] PluginManage:310 - Check plugin analytics
2024-09-30 20:04:03,473 [INFO] AnalyticsPlugin:253 - Accepted Software Licenses: 
2024-09-30 20:04:03,474 [INFO] AnalyticsPlugin:255 - Accepted CMSIS Pack Licenses: 
2024-09-30 20:04:03,474 [INFO] AnalyticsPlugin:257 - Accepted Firmware Licenses: 
2024-09-30 20:04:03,477 [INFO] PluginManage:359 - Loaded plugin analytics (category:tool,tabindex:-1)
2024-09-30 20:04:03,478 [INFO] PluginManage:310 - Check plugin cadmodel
2024-09-30 20:04:03,495 [INFO] CADModel:105 - Init CAD model plugin
2024-09-30 20:04:03,495 [INFO] PluginManage:359 - Loaded plugin cadmodel (category:power,tabindex:5)
2024-09-30 20:04:03,496 [INFO] PluginManage:310 - Check plugin clock
2024-09-30 20:04:03,517 [INFO] PluginManage:359 - Loaded plugin clock (category:base,tabindex:2)
2024-09-30 20:04:03,518 [INFO] PluginManage:310 - Check plugin ddr
2024-09-30 20:04:03,521 [INFO] PluginManage:359 - Loaded plugin ddr (category:tool,tabindex:6)
2024-09-30 20:04:03,521 [INFO] PluginManage:310 - Check plugin filemanager
2024-09-30 20:04:03,670 [INFO] PluginManage:359 - Loaded plugin filemanager (category:base,tabindex:10)
2024-09-30 20:04:03,670 [INFO] PluginManage:310 - Check plugin ipmanager
2024-09-30 20:04:03,677 [INFO] PluginManage:359 - Loaded plugin ipmanager (category:base,tabindex:5)
2024-09-30 20:04:03,677 [INFO] PluginManage:310 - Check plugin lpbam
2024-09-30 20:04:03,815 [INFO] PluginManage:359 - Loaded plugin lpbam (category:base,tabindex:0)
2024-09-30 20:04:03,816 [INFO] PluginManage:310 - Check plugin memorymap
2024-09-30 20:04:03,943 [INFO] PluginManage:359 - Loaded plugin memorymap (category:base,tabindex:4)
2024-09-30 20:04:03,943 [INFO] PluginManage:310 - Check plugin pinoutandconfiguration
2024-09-30 20:04:03,956 [INFO] PluginManage:359 - Loaded plugin pinoutandconfiguration (category:base,tabindex:1)
2024-09-30 20:04:03,957 [INFO] PluginManage:310 - Check plugin pinoutconfig
2024-09-30 20:04:04,043 [WARN] SupportedApi:132 - Cannot load RTOS API schema: s4s-elt-must-match.1: The content of 'definitions' must match (annotation?, (simpleType | complexType)?, (unique | key | keyref)*)). A problem was found starting at: attribute.
2024-09-30 20:04:04,152 [INFO] PluginManage:359 - Loaded plugin pinoutconfig (category:base,tabindex:0)
2024-09-30 20:04:04,152 [INFO] PluginManage:310 - Check plugin power
2024-09-30 20:04:04,182 [INFO] PluginManage:359 - Loaded plugin power (category:power,tabindex:4)
2024-09-30 20:04:04,182 [INFO] PluginManage:310 - Check plugin projectmanager
2024-09-30 20:04:04,196 [INFO] PluginManage:359 - Loaded plugin projectmanager (category:projectmanager,tabindex:4)
2024-09-30 20:04:04,197 [INFO] PluginManage:310 - Check plugin rif
2024-09-30 20:04:04,205 [INFO] PluginManage:359 - Loaded plugin rif (category:base,tabindex:3)
2024-09-30 20:04:04,205 [INFO] PluginManage:310 - Check plugin thirdparty
2024-09-30 20:04:04,397 [INFO] PluginManage:359 - Loaded plugin thirdparty (category:base,tabindex:-1)
2024-09-30 20:04:04,397 [WARN] IntegrityCheckThread:84 - waiting for thirdparty lock release [integrity check]
2024-09-30 20:04:04,397 [INFO] IntegrityCheckThread:86 - entering critical section [integrity check]
2024-09-30 20:04:04,398 [INFO] PluginManage:310 - Check plugin tools
2024-09-30 20:04:04,398 [INFO] ThirdPartyUpdaterWithRetryManager:70 - Updater plugin not ready yet. [1/15]
2024-09-30 20:04:04,415 [INFO] PluginManage:359 - Loaded plugin tools (category:base,tabindex:7)
2024-09-30 20:04:04,415 [INFO] PluginManage:310 - Check plugin tutovideos
2024-09-30 20:04:04,618 [INFO] PluginManage:359 - Loaded plugin tutovideos (category:base,tabindex:-1)
2024-09-30 20:04:04,618 [INFO] PluginManage:310 - Check plugin updater
2024-09-30 20:04:04,633 [INFO] PluginManage:359 - Loaded plugin updater (category:base,tabindex:12)
2024-09-30 20:04:04,633 [INFO] PluginManage:310 - Check plugin userauth
2024-09-30 20:04:04,638 [INFO] UserAuth:113 - Init User Auth plugin
2024-09-30 20:04:04,638 [INFO] PluginManage:359 - Loaded plugin userauth (category:base,tabindex:14)
2024-09-30 20:04:04,639 [INFO] PluginManage:283 - PluginManage : Loaded plugins [18]
2024-09-30 20:04:04,834 [INFO] PinOutPanel:1561 - setPackage(No Configuration,No Configuration)
2024-09-30 20:04:04,930 [INFO] CADModel:165 - CPN selected for project level
2024-09-30 20:04:04,930 [INFO] CADModel:114 - Register for checkConnection events
2024-09-30 20:04:04,990 [INFO] IPUIPlugin:80 - create IPUIPlugin
2024-09-30 20:04:04,991 [INFO] PluginManager:220 - loadIPPluginJar : add adc
2024-09-30 20:04:05,007 [INFO] IPUIPlugin:80 - create IPUIPlugin
2024-09-30 20:04:05,007 [INFO] PluginManager:220 - loadIPPluginJar : add aes
2024-09-30 20:04:05,026 [INFO] IPUIPlugin:80 - create IPUIPlugin
2024-09-30 20:04:05,027 [INFO] PluginManager:220 - loadIPPluginJar : add can
2024-09-30 20:04:05,038 [INFO] IPUIPlugin:80 - create IPUIPlugin
2024-09-30 20:04:05,038 [INFO] PluginManager:220 - loadIPPluginJar : add comp
2024-09-30 20:04:05,053 [INFO] IPUIPlugin:80 - create IPUIPlugin
2024-09-30 20:04:05,053 [INFO] PluginManager:220 - loadIPPluginJar : add cryp
2024-09-30 20:04:05,060 [INFO] IPUIPlugin:80 - create IPUIPlugin
2024-09-30 20:04:05,060 [INFO] PluginManager:220 - loadIPPluginJar : add ddr_ctrl_phy
2024-09-30 20:04:05,076 [INFO] IPUIPlugin:80 - create IPUIPlugin
2024-09-30 20:04:05,076 [INFO] PluginManager:220 - loadIPPluginJar : add dfsdm
2024-09-30 20:04:05,116 [INFO] IPUIPlugin:80 - create IPUIPlugin
2024-09-30 20:04:05,116 [INFO] PluginManager:220 - loadIPPluginJar : add dma
2024-09-30 20:04:05,139 [INFO] IPUIPlugin:80 - create IPUIPlugin
2024-09-30 20:04:05,139 [INFO] PluginManager:220 - loadIPPluginJar : add dma3
2024-09-30 20:04:05,157 [INFO] IPUIPlugin:80 - create IPUIPlugin
2024-09-30 20:04:05,157 [INFO] PluginManager:220 - loadIPPluginJar : add extmemmanager
2024-09-30 20:04:05,168 [INFO] IPUIPlugin:80 - create IPUIPlugin
2024-09-30 20:04:05,168 [INFO] PluginManager:220 - loadIPPluginJar : add fatfs
2024-09-30 20:04:05,189 [INFO] IPUIPlugin:80 - create IPUIPlugin
2024-09-30 20:04:05,189 [INFO] PluginManager:220 - loadIPPluginJar : add fmc
2024-09-30 20:04:05,198 [INFO] IPUIPlugin:80 - create IPUIPlugin
2024-09-30 20:04:05,199 [INFO] PluginManager:220 - loadIPPluginJar : add freertos
2024-09-30 20:04:05,210 [INFO] IPUIPlugin:80 - create IPUIPlugin
2024-09-30 20:04:05,210 [INFO] PluginManager:220 - loadIPPluginJar : add genericplugin
2024-09-30 20:04:05,248 [INFO] IPUIPlugin:80 - create IPUIPlugin
2024-09-30 20:04:05,248 [INFO] PluginManager:220 - loadIPPluginJar : add gfxmmu
2024-09-30 20:04:05,303 [INFO] IPUIPlugin:80 - create IPUIPlugin
2024-09-30 20:04:05,303 [INFO] PluginManager:220 - loadIPPluginJar : add gic
2024-09-30 20:04:05,402 [INFO] IPUIPlugin:80 - create IPUIPlugin
2024-09-30 20:04:05,403 [INFO] PluginManager:220 - loadIPPluginJar : add gpio
2024-09-30 20:04:05,436 [INFO] IPUIPlugin:80 - create IPUIPlugin
2024-09-30 20:04:05,437 [INFO] PluginManager:220 - loadIPPluginJar : add gtzc
2024-09-30 20:04:05,452 [INFO] IPUIPlugin:80 - create IPUIPlugin
2024-09-30 20:04:05,452 [INFO] PluginManager:220 - loadIPPluginJar : add hash
2024-09-30 20:04:05,475 [INFO] IPUIPlugin:80 - create IPUIPlugin
2024-09-30 20:04:05,475 [INFO] PluginManager:220 - loadIPPluginJar : add i2c
2024-09-30 20:04:05,493 [INFO] IPUIPlugin:80 - create IPUIPlugin
2024-09-30 20:04:05,493 [INFO] PluginManager:220 - loadIPPluginJar : add i2s
2024-09-30 20:04:05,511 [INFO] IPUIPlugin:80 - create IPUIPlugin
2024-09-30 20:04:05,511 [INFO] PluginManager:220 - loadIPPluginJar : add i3c
2024-09-30 20:04:05,541 [INFO] IPUIPlugin:80 - create IPUIPlugin
2024-09-30 20:04:05,541 [INFO] PluginManager:220 - loadIPPluginJar : add ipddr
2024-09-30 20:04:05,582 [INFO] IPUIPlugin:80 - create IPUIPlugin
2024-09-30 20:04:05,582 [INFO] PluginManager:220 - loadIPPluginJar : add linkedlist
2024-09-30 20:04:05,599 [INFO] IPUIPlugin:80 - create IPUIPlugin
2024-09-30 20:04:05,599 [INFO] PluginManager:220 - loadIPPluginJar : add lorawan
2024-09-30 20:04:05,615 [INFO] IPUIPlugin:80 - create IPUIPlugin
2024-09-30 20:04:05,615 [INFO] PluginManager:220 - loadIPPluginJar : add ltdc
2024-09-30 20:04:05,693 [INFO] IPUIPlugin:80 - create IPUIPlugin
2024-09-30 20:04:05,693 [INFO] PluginManager:220 - loadIPPluginJar : add mdma
2024-09-30 20:04:05,791 [INFO] IPUIPlugin:80 - create IPUIPlugin
2024-09-30 20:04:05,791 [INFO] PluginManager:220 - loadIPPluginJar : add nvic
2024-09-30 20:04:05,808 [INFO] IPUIPlugin:80 - create IPUIPlugin
2024-09-30 20:04:05,808 [INFO] PluginManager:220 - loadIPPluginJar : add opamp
2024-09-30 20:04:05,835 [INFO] IPUIPlugin:80 - create IPUIPlugin
2024-09-30 20:04:05,835 [INFO] PluginManager:220 - loadIPPluginJar : add openamp
2024-09-30 20:04:05,855 [INFO] IPUIPlugin:80 - create IPUIPlugin
2024-09-30 20:04:05,855 [INFO] PluginManager:220 - loadIPPluginJar : add pdm2pcm
2024-09-30 20:04:05,943 [INFO] IPUIPlugin:80 - create IPUIPlugin
2024-09-30 20:04:05,946 [INFO] PluginManager:220 - loadIPPluginJar : add plateformsettings
2024-09-30 20:04:05,958 [INFO] IPUIPlugin:80 - create IPUIPlugin
2024-09-30 20:04:05,958 [INFO] PluginManager:220 - loadIPPluginJar : add quadspi
2024-09-30 20:04:05,972 [INFO] IPUIPlugin:80 - create IPUIPlugin
2024-09-30 20:04:05,973 [INFO] PluginManager:220 - loadIPPluginJar : add radio
2024-09-30 20:04:05,981 [INFO] IPUIPlugin:80 - create IPUIPlugin
2024-09-30 20:04:05,981 [INFO] PluginManager:220 - loadIPPluginJar : add resmgrutility
2024-09-30 20:04:06,000 [INFO] IPUIPlugin:80 - create IPUIPlugin
2024-09-30 20:04:06,000 [INFO] PluginManager:220 - loadIPPluginJar : add sai
2024-09-30 20:04:06,019 [INFO] IPUIPlugin:80 - create IPUIPlugin
2024-09-30 20:04:06,020 [INFO] PluginManager:220 - loadIPPluginJar : add spi
2024-09-30 20:04:06,047 [INFO] IPUIPlugin:80 - create IPUIPlugin
2024-09-30 20:04:06,047 [INFO] PluginManager:220 - loadIPPluginJar : add stm32_wpan
2024-09-30 20:04:06,059 [INFO] IPUIPlugin:80 - create IPUIPlugin
2024-09-30 20:04:06,059 [INFO] PluginManager:220 - loadIPPluginJar : add tim
2024-09-30 20:04:06,084 [INFO] IPUIPlugin:80 - create IPUIPlugin
2024-09-30 20:04:06,084 [INFO] PluginManager:220 - loadIPPluginJar : add touchsensing
2024-09-30 20:04:06,096 [INFO] IPUIPlugin:80 - create IPUIPlugin
2024-09-30 20:04:06,096 [INFO] PluginManager:220 - loadIPPluginJar : add tracer_emb
2024-09-30 20:04:06,109 [INFO] IPUIPlugin:80 - create IPUIPlugin
2024-09-30 20:04:06,109 [INFO] PluginManager:220 - loadIPPluginJar : add ts
2024-09-30 20:04:06,121 [INFO] IPUIPlugin:80 - create IPUIPlugin
2024-09-30 20:04:06,121 [INFO] PluginManager:220 - loadIPPluginJar : add tsc
2024-09-30 20:04:06,133 [INFO] IPUIPlugin:80 - create IPUIPlugin
2024-09-30 20:04:06,133 [INFO] PluginManager:220 - loadIPPluginJar : add ucpd
2024-09-30 20:04:06,151 [INFO] IPUIPlugin:80 - create IPUIPlugin
2024-09-30 20:04:06,151 [INFO] PluginManager:220 - loadIPPluginJar : add usart
2024-09-30 20:04:06,169 [INFO] IPUIPlugin:80 - create IPUIPlugin
2024-09-30 20:04:06,170 [INFO] PluginManager:220 - loadIPPluginJar : add usbx
2024-09-30 20:04:06,293 [INFO] CADModel:165 - CPN selected for project level
2024-09-30 20:04:06,293 [INFO] CADModel:114 - Register for checkConnection events
2024-09-30 20:04:06,293 [FATAL] Updater:334 - Updater called before beeing initialized
2024-09-30 20:04:06,293 [ERROR] CADModel:125 - Updater not yet initialized, retry later 
2024-09-30 20:04:06,424 [INFO] CADModel:165 - CPN selected for project level
2024-09-30 20:04:06,424 [INFO] CADModel:114 - Register for checkConnection events
2024-09-30 20:04:06,424 [FATAL] Updater:334 - Updater called before beeing initialized
2024-09-30 20:04:06,424 [ERROR] CADModel:125 - Updater not yet initialized, retry later 
2024-09-30 20:04:06,427 [FATAL] Updater:334 - Updater called before beeing initialized
2024-09-30 20:04:06,531 [FATAL] Updater:334 - Updater called before beeing initialized
2024-09-30 20:04:06,538 [INFO] DbMcusAds:53 - JSON generation date=Mon Sep 16 17:39:53 TRT 2024 (1726497593128)
2024-09-30 20:04:06,539 [FATAL] Updater:334 - Updater called before beeing initialized
2024-09-30 20:04:06,616 [WARN] DetailPanel:346 - Failed to get advertising image, set to default
2024-09-30 20:04:06,687 [FATAL] Updater:334 - Updater called before beeing initialized
2024-09-30 20:04:06,689 [FATAL] Updater:334 - Updater called before beeing initialized
2024-09-30 20:04:06,689 [FATAL] Updater:334 - Updater called before beeing initialized
2024-09-30 20:04:06,689 [WARN] DetailPanel:346 - Failed to get advertising image, set to default
2024-09-30 20:04:06,690 [FATAL] Updater:334 - Updater called before beeing initialized
2024-09-30 20:04:06,748 [ERROR] Updater:1164 - MainUpdater not yet initialized. External WinMGr cannot be set.
2024-09-30 20:04:06,754 [INFO] Updater:1100 - Updater Version found : 6.12.0
2024-09-30 20:04:06,770 [INFO] ApplicationProperties:184 - Using Application install path: C:\ST\STM32CubeIDE_1.12.0\STM32CubeIDE\plugins\com.st.stm32cube.common.mx_6.12.0.202406281431
2024-09-30 20:04:07,399 [INFO] ThirdPartyUpdaterWithRetryManager:70 - Updater plugin not ready yet. [2/15]
2024-09-30 20:04:08,345 [ERROR] LogOutputStream:75 - [STDERR_REDIRECT] Sep 30, 2024 8:04:08 PM java.util.prefs.WindowsPreferences <init>
2024-09-30 20:04:08,347 [ERROR] LogOutputStream:75 - [STDERR_REDIRECT] WARNING: Could not open/create prefs root node Software\JavaSoft\Prefs at root 0xffffffff80000002. Windows RegCreateKeyEx(...) returned error code 5.
2024-09-30 20:04:08,347 [ERROR] LogOutputStream:75 - [STDERR_REDIRECT] 
2024-09-30 20:04:08,795 [INFO] MainUpdater:2873 - connection check result : 10
2024-09-30 20:04:08,795 [INFO] MainUpdater:3567 - Updater definition file requires update
2024-09-30 20:04:08,796 [INFO] MainUpdater:290 - Updater Check For Update Now.
2024-09-30 20:04:08,796 [INFO] MicroXplorer:498 - Change Database Version : DB.6.0.120
2024-09-30 20:04:08,806 [INFO] McuFinderGlobals:63 - Set McuFinder mode to 2 (CubeIDE integrated)
2024-09-30 20:04:08,811 [INFO] UserAuth:417 - Internet connection configuration mode: 1
2024-09-30 20:04:08,824 [INFO] JxBrowserEngine:152 - Initiate JxBrowser Engine with user profile folder
2024-09-30 20:04:09,024 [INFO] ServerAccessManage:473 - Download File updaters.zip
2024-09-30 20:04:09,155 [INFO] FileExtend:240 - Unzip File : updaters.zip
2024-09-30 20:04:09,156 [INFO] FileExtend:255 - Standard Zip Deflate
2024-09-30 20:04:09,547 [INFO] ServerAccessManage:473 - Download File PacksControlFlags.xml
2024-09-30 20:04:09,647 [INFO] ServerAccessManage:473 - Download File cubemx.pidx
2024-09-30 20:04:10,391 [INFO] ServerAccessManage:473 - Download File STMicroelectronics.X-CUBE-ISPU.pdsc
2024-09-30 20:04:10,400 [WARN] MainUpdater:1194 - Updater busy. Cannot search thirdparties
2024-09-30 20:04:10,401 [INFO] ThirdPartyUpdaterWithRetryManager:96 - Updater plugin is busy. [1/15]
2024-09-30 20:04:11,279 [INFO] ServerAccessManage:473 - Download File STMicroelectronics.X-CUBE-NFC9.pdsc
2024-09-30 20:04:11,547 [INFO] WebApp:167 - Instantiating new browser for Auth
2024-09-30 20:04:11,562 [INFO] ServerAccessManage:473 - Download File STMicroelectronics.X-CUBE-NFC10.pdsc
2024-09-30 20:04:12,116 [INFO] ServerAccessManage:473 - Download File STMicroelectronics.X-CUBE-TOUCHGFX.pdsc
2024-09-30 20:04:12,607 [INFO] WebApp:448 - Apply proxy settings
2024-09-30 20:04:12,608 [INFO] WebApp:533 - Chromium requires no authentication
2024-09-30 20:04:12,624 [INFO] WebApp:476 - Direct internet connection detected
2024-09-30 20:04:12,661 [INFO] WebApp:869 - Register for checkConnection events
2024-09-30 20:04:12,661 [INFO] WebApp:448 - Apply proxy settings
2024-09-30 20:04:12,662 [INFO] WebApp:533 - Chromium requires no authentication
2024-09-30 20:04:12,662 [INFO] WebApp:476 - Direct internet connection detected
2024-09-30 20:04:12,891 [INFO] WebApp:220 - Starting web application
2024-09-30 20:04:12,892 [INFO] WebApp:578 - Web application path used C:\ST\STM32CubeIDE_1.12.0\STM32CubeIDE\plugins\com.st.stm32cube.common.mx_6.12.0.202406281431\db\plugins\mcufinder\reactClient1\index.html
2024-09-30 20:04:13,054 [INFO] UserAuth:417 - Internet connection configuration mode: 1
2024-09-30 20:04:13,401 [WARN] MainUpdater:1194 - Updater busy. Cannot search thirdparties
2024-09-30 20:04:13,401 [INFO] ThirdPartyUpdaterWithRetryManager:96 - Updater plugin is busy. [2/15]
2024-09-30 20:04:13,777 [INFO] WebApp:186 - Connection restablished
2024-09-30 20:04:15,887 [WARN] PackLoader:240 - Cannot read IP mode file for STMicroelectronics.X-CUBE-ISPU.2.1.0
2024-09-30 20:04:15,903 [WARN] PackLoader:240 - Cannot read IP mode file for STMicroelectronics.X-CUBE-NFC9.1.0.0
2024-09-30 20:04:15,915 [WARN] PackLoader:240 - Cannot read IP mode file for STMicroelectronics.X-CUBE-NFC10.1.0.0
2024-09-30 20:04:15,923 [WARN] PackLoader:240 - Cannot read IP mode file for STMicroelectronics.X-CUBE-TOUCHGFX.4.24.1
2024-09-30 20:04:15,923 [INFO] PopulateThirdPartyThread:66 - Ending populate Thread
2024-09-30 20:04:15,926 [INFO] ThirdParty:1030 - CMSIS Pack Vendor :STMicroelectronics X-CUBE-NFC9 1.0.0
2024-09-30 20:04:15,926 [INFO] ThirdParty:1030 - CMSIS Pack Vendor :STMicroelectronics X-CUBE-NFC10 1.0.0
2024-09-30 20:04:15,926 [INFO] ThirdParty:1030 - CMSIS Pack Vendor :STMicroelectronics X-CUBE-TOUCHGFX 4.24.1
2024-09-30 20:04:15,926 [INFO] ThirdParty:1030 - CMSIS Pack Vendor :STMicroelectronics X-CUBE-ISPU 2.1.0
2024-09-30 20:04:15,926 [INFO] LoadServerUpdatesThread:375 - End of LoadServerUpdate Thread
2024-09-30 20:04:16,021 [INFO] CheckServerUpdateThread:120 - End of CheckServer Thread
2024-09-30 20:04:16,708 [WARN] PackLoader:240 - Cannot read IP mode file for STMicroelectronics.FP-SNS-MOTENVWB1.1.4.0
2024-09-30 20:04:16,727 [WARN] PackLoader:240 - Cannot read IP mode file for STMicroelectronics.X-CUBE-SMBUS.2.1.0
2024-09-30 20:04:16,741 [WARN] PackLoader:240 - Cannot read IP mode file for STMicroelectronics.X-CUBE-TOUCHGFX.4.23.0
2024-09-30 20:04:16,793 [WARN] PackLoader:240 - Cannot read IP mode file for STMicroelectronics.X-CUBE-AZRTOS-F7.1.1.0
2024-09-30 20:04:16,817 [WARN] PackLoader:240 - Cannot read IP mode file for STMicroelectronics.FP-SNS-MOTENV1.4.3.2
2024-09-30 20:04:16,899 [WARN] PackLoader:240 - Cannot read IP mode file for STMicroelectronics.X-CUBE-MEMS1.11.0.0
2024-09-30 20:04:17,108 [WARN] PackLoader:240 - Cannot read IP mode file for STMicroelectronics.X-CUBE-BLE1.6.2.4
2024-09-30 20:04:17,124 [WARN] PackLoader:240 - Cannot read IP mode file for STMicroelectronics.FP-SNS-FLIGHT1.5.0.2
2024-09-30 20:04:17,144 [WARN] PackLoader:240 - Cannot read IP mode file for STMicroelectronics.X-CUBE-DISPLAY.3.0.0
2024-09-30 20:04:17,166 [WARN] PackLoader:240 - Cannot read IP mode file for STMicroelectronics.X-CUBE-BLE1.7.0.0
2024-09-30 20:04:17,176 [WARN] PackLoader:240 - Cannot read IP mode file for STMicroelectronics.X-CUBE-NFC10.1.0.0
2024-09-30 20:04:17,201 [WARN] PackLoader:240 - Cannot read IP mode file for emotas.I-CUBE-CANOPEN.1.3.0
2024-09-30 20:04:17,215 [WARN] PackLoader:240 - Cannot read IP mode file for STMicroelectronics.X-CUBE-TOUCHGFX.4.22.0
2024-09-30 20:04:17,239 [WARN] PackLoader:240 - Cannot read IP mode file for STMicroelectronics.X-CUBE-TOUCHGFX.4.22.1
2024-09-30 20:04:17,262 [WARN] PackLoader:240 - Cannot read IP mode file for STMicroelectronics.X-CUBE-BLEMGR.3.1.0
2024-09-30 20:04:17,287 [WARN] PackLoader:240 - Cannot read IP mode file for STMicroelectronics.FP-SNS-SMARTAG2.1.2.0
2024-09-30 20:04:17,342 [INFO] LogOutputStream:77 - [STDOUT_REDIRECT] 1 : Invalid condition id : UX_CORESTACK_Condition cause : null
2024-09-30 20:04:17,343 [INFO] LogOutputStream:77 - [STDOUT_REDIRECT] 1 : Invalid condition id : UX_CORESTACK_Condition cause : null
2024-09-30 20:04:17,345 [INFO] LogOutputStream:77 - [STDOUT_REDIRECT] 1 : Invalid condition id : UX_CORESTACK_Condition cause : null
2024-09-30 20:04:17,347 [INFO] LogOutputStream:77 - [STDOUT_REDIRECT] 1 : Invalid condition id : UX_CORESTACK_Condition cause : null
2024-09-30 20:04:17,348 [INFO] LogOutputStream:77 - [STDOUT_REDIRECT] 1 : Invalid condition id : UX_CORESTACK_Condition cause : null
2024-09-30 20:04:17,351 [WARN] PackLoader:240 - Cannot read IP mode file for STMicroelectronics.X-CUBE-AZRTOS-WL.2.0.0
2024-09-30 20:04:17,369 [WARN] PackLoader:240 - Cannot read IP mode file for STMicroelectronics.FP-SNS-MOTENV1.5.0.0
2024-09-30 20:04:17,387 [WARN] PackLoader:240 - Cannot read IP mode file for wolfSSL.I-CUBE-wolfMQTT.1.19.0
2024-09-30 20:04:17,407 [WARN] PackLoader:240 - Cannot read IP mode file for WES.I-CUBE-Cesium.1.3.0
2024-09-30 20:04:17,423 [WARN] PackLoader:240 - Cannot read IP mode file for STMicroelectronics.X-CUBE-BLE2.3.3.0
2024-09-30 20:04:17,432 [WARN] PackLoader:240 - Cannot read IP mode file for STMicroelectronics.X-CUBE-NFC9.1.0.0
2024-09-30 20:04:17,455 [WARN] PackLoader:240 - Cannot read IP mode file for STMicroelectronics.X-CUBE-TCPP.4.1.0
2024-09-30 20:04:17,473 [WARN] PackLoader:240 - Cannot read IP mode file for STMicroelectronics.X-CUBE-ALGOBUILD.1.3.0
2024-09-30 20:04:17,511 [WARN] PackLoader:240 - Cannot read IP mode file for STMicroelectronics.X-CUBE-AZRTOS-G0.1.1.0
2024-09-30 20:04:17,533 [WARN] PackLoader:240 - Cannot read IP mode file for STMicroelectronics.X-CUBE-SAFEA1.1.2.2
2024-09-30 20:04:17,550 [WARN] PackLoader:240 - Cannot read IP mode file for STMicroelectronics.X-CUBE-NFC4.3.0.0
2024-09-30 20:04:17,571 [WARN] PackLoader:240 - Cannot read IP mode file for EmbeddedOffice.I-CUBE-FS-RTOS.1.0.1
2024-09-30 20:04:17,572 [ERROR] ConditionMgr:805 - Attr not supported : Dmpu
2024-09-30 20:04:17,572 [ERROR] ConditionMgr:805 - Attr not supported : Dmpu
2024-09-30 20:04:17,573 [ERROR] ConditionMgr:805 - Attr not supported : Dmpu
2024-09-30 20:04:17,573 [ERROR] ConditionMgr:805 - Attr not supported : Dmpu
2024-09-30 20:04:17,573 [ERROR] ConditionMgr:805 - Attr not supported : Dmpu
2024-09-30 20:04:17,573 [ERROR] ConditionMgr:805 - Attr not supported : Dmpu
2024-09-30 20:04:17,573 [ERROR] ConditionMgr:805 - Attr not supported : Dmpu
2024-09-30 20:04:17,573 [ERROR] ConditionMgr:805 - Attr not supported : Dmpu
2024-09-30 20:04:17,573 [ERROR] ConditionMgr:805 - Attr not supported : Dmpu
2024-09-30 20:04:17,573 [ERROR] ConditionMgr:805 - Attr not supported : Dmpu
2024-09-30 20:04:17,573 [ERROR] ConditionMgr:805 - Attr not supported : Dmpu
2024-09-30 20:04:17,573 [ERROR] ConditionMgr:805 - Attr not supported : Dmpu
2024-09-30 20:04:17,573 [ERROR] ConditionMgr:805 - Attr not supported : Dmpu
2024-09-30 20:04:17,573 [ERROR] ConditionMgr:805 - Attr not supported : Dmpu
2024-09-30 20:04:17,573 [ERROR] ConditionMgr:805 - Attr not supported : Dmpu
2024-09-30 20:04:17,573 [ERROR] ConditionMgr:805 - Attr not supported : Dmpu
2024-09-30 20:04:17,573 [ERROR] ConditionMgr:805 - Attr not supported : Dmpu
2024-09-30 20:04:17,573 [ERROR] ConditionMgr:805 - Attr not supported : Dmpu
2024-09-30 20:04:17,573 [ERROR] ConditionMgr:805 - Attr not supported : Dmpu
2024-09-30 20:04:17,573 [ERROR] ConditionMgr:805 - Attr not supported : Dmpu
2024-09-30 20:04:17,573 [ERROR] ConditionMgr:805 - Attr not supported : Dmpu
2024-09-30 20:04:17,574 [ERROR] ConditionMgr:805 - Attr not supported : Dmpu
2024-09-30 20:04:17,574 [ERROR] ConditionMgr:805 - Attr not supported : Dmpu
2024-09-30 20:04:17,574 [ERROR] ConditionMgr:805 - Attr not supported : Dmpu
2024-09-30 20:04:17,574 [ERROR] ConditionMgr:805 - Attr not supported : Dmpu
2024-09-30 20:04:17,574 [ERROR] ConditionMgr:805 - Attr not supported : Dmpu
2024-09-30 20:04:17,574 [ERROR] ConditionMgr:805 - Attr not supported : Dmpu
2024-09-30 20:04:17,574 [ERROR] ConditionMgr:805 - Attr not supported : Dmpu
2024-09-30 20:04:17,574 [ERROR] ConditionMgr:805 - Attr not supported : Dmpu
2024-09-30 20:04:17,574 [ERROR] ConditionMgr:805 - Attr not supported : Dmpu
2024-09-30 20:04:17,574 [ERROR] ConditionMgr:805 - Attr not supported : Dmpu
2024-09-30 20:04:17,574 [ERROR] ConditionMgr:805 - Attr not supported : Dmpu
2024-09-30 20:04:17,574 [ERROR] ConditionMgr:805 - Attr not supported : Dmpu
2024-09-30 20:04:17,574 [ERROR] ConditionMgr:805 - Attr not supported : Dmpu
2024-09-30 20:04:17,574 [ERROR] ConditionMgr:805 - Attr not supported : Dmpu
2024-09-30 20:04:17,574 [ERROR] ConditionMgr:805 - Attr not supported : Dmpu
2024-09-30 20:04:17,574 [ERROR] ConditionMgr:805 - Attr not supported : Dmpu
2024-09-30 20:04:17,574 [ERROR] ConditionMgr:805 - Attr not supported : Dmpu
2024-09-30 20:04:17,575 [ERROR] ConditionMgr:805 - Attr not supported : Dmpu
2024-09-30 20:04:17,575 [ERROR] ConditionMgr:805 - Attr not supported : Dmpu
2024-09-30 20:04:17,575 [ERROR] ConditionMgr:805 - Attr not supported : Dmpu
2024-09-30 20:04:17,575 [ERROR] ConditionMgr:805 - Attr not supported : Dmpu
2024-09-30 20:04:17,575 [ERROR] ConditionMgr:805 - Attr not supported : Dmpu
2024-09-30 20:04:17,575 [ERROR] ConditionMgr:805 - Attr not supported : Dmpu
2024-09-30 20:04:17,575 [ERROR] ConditionMgr:805 - Attr not supported : Dmpu
2024-09-30 20:04:17,575 [ERROR] ConditionMgr:805 - Attr not supported : Dmpu
2024-09-30 20:04:17,575 [ERROR] ConditionMgr:805 - Attr not supported : Dmpu
2024-09-30 20:04:17,575 [ERROR] ConditionMgr:805 - Attr not supported : Dmpu
2024-09-30 20:04:17,575 [ERROR] ConditionMgr:805 - Attr not supported : Dmpu
2024-09-30 20:04:17,575 [ERROR] ConditionMgr:805 - Attr not supported : Dmpu
2024-09-30 20:04:17,575 [ERROR] ConditionMgr:805 - Attr not supported : Dmpu
2024-09-30 20:04:17,575 [ERROR] ConditionMgr:805 - Attr not supported : Dmpu
2024-09-30 20:04:17,575 [ERROR] ConditionMgr:805 - Attr not supported : Dmpu
2024-09-30 20:04:17,575 [ERROR] ConditionMgr:805 - Attr not supported : Dmpu
2024-09-30 20:04:17,575 [ERROR] ConditionMgr:805 - Attr not supported : Dmpu
2024-09-30 20:04:17,576 [ERROR] ConditionMgr:805 - Attr not supported : Dmpu
2024-09-30 20:04:17,576 [ERROR] ConditionMgr:805 - Attr not supported : Dmpu
2024-09-30 20:04:17,576 [ERROR] ConditionMgr:805 - Attr not supported : Dmpu
2024-09-30 20:04:17,576 [ERROR] ConditionMgr:805 - Attr not supported : Dmpu
2024-09-30 20:04:17,576 [ERROR] ConditionMgr:805 - Attr not supported : Dmpu
2024-09-30 20:04:17,576 [ERROR] ConditionMgr:805 - Attr not supported : Dmpu
2024-09-30 20:04:17,576 [ERROR] ConditionMgr:805 - Attr not supported : Dmpu
2024-09-30 20:04:17,576 [ERROR] ConditionMgr:805 - Attr not supported : Dmpu
2024-09-30 20:04:17,576 [ERROR] ConditionMgr:805 - Attr not supported : Dmpu
2024-09-30 20:04:17,597 [WARN] PackLoader:240 - Cannot read IP mode file for STMicroelectronics.X-CUBE-BLEMGR.3.0.0
2024-09-30 20:04:17,616 [WARN] PackLoader:240 - Cannot read IP mode file for RealThread.X-CUBE-RT-Thread_Nano.4.1.1
2024-09-30 20:04:17,634 [WARN] PackLoader:240 - Cannot read IP mode file for STMicroelectronics.FP-ATR-SIGFOX1.3.2.0
2024-09-30 20:04:17,655 [WARN] PackLoader:240 - Cannot read IP mode file for STMicroelectronics.X-CUBE-EEPRMA1.5.1.0
2024-09-30 20:04:17,706 [WARN] PackLoader:240 - Cannot read IP mode file for SEGGER.I-CUBE-embOS.1.3.1
2024-09-30 20:04:17,758 [WARN] PackLoader:240 - Cannot read IP mode file for STMicroelectronics.X-CUBE-ALGOBUILD.1.4.0
2024-09-30 20:04:17,780 [WARN] PackLoader:240 - Cannot read IP mode file for STMicroelectronics.X-CUBE-GNSS1.6.0.0
2024-09-30 20:04:17,816 [WARN] PackLoader:240 - Cannot read IP mode file for STMicroelectronics.X-CUBE-AZRTOS-F4.1.1.0
2024-09-30 20:04:17,835 [WARN] PackLoader:240 - Cannot read IP mode file for wolfSSL.I-CUBE-wolfSSL.5.6.3
2024-09-30 20:04:17,842 [WARN] PackLoader:240 - Cannot read IP mode file for STMicroelectronics.X-CUBE-ISPU.2.1.0
2024-09-30 20:04:17,870 [WARN] PackLoader:240 - Cannot read IP mode file for STMicroelectronics.X-CUBE-FREERTOS.1.2.0
2024-09-30 20:04:17,908 [WARN] PackLoader:240 - Cannot read IP mode file for STMicroelectronics.X-CUBE-AZRTOS-L5.2.0.0
2024-09-30 20:04:17,958 [WARN] PackLoader:240 - Cannot read IP mode file for STMicroelectronics.X-CUBE-MEMS1.9.6.0
2024-09-30 20:04:18,062 [WARN] PackLoader:240 - Cannot read IP mode file for STMicroelectronics.X-CUBE-EEPRMA1.4.2.0
2024-09-30 20:04:18,076 [WARN] PackLoader:240 - Cannot read IP mode file for STMicroelectronics.X-CUBE-NFC6.3.1.0
2024-09-30 20:04:18,088 [WARN] PackLoader:240 - Cannot read IP mode file for ITTIA_DB.I-CUBE-ITTIADB.8.8.0
2024-09-30 20:04:18,104 [WARN] PackLoader:240 - Cannot read IP mode file for STMicroelectronics.X-CUBE-BLEMGR.2.0.0
2024-09-30 20:04:18,115 [WARN] PackLoader:240 - Cannot read IP mode file for STMicroelectronics.X-CUBE-DPower.1.2.0
2024-09-30 20:04:18,127 [WARN] PackLoader:240 - Cannot read IP mode file for STMicroelectronics.X-CUBE-AI.9.0.0
2024-09-30 20:04:18,152 [WARN] ConditionMgr:438 - getConditionDescription Invalid condition id : UX DEVICE CLASS RTOS Condition cause : null
2024-09-30 20:04:18,152 [WARN] ConditionMgr:438 - getConditionDescription Invalid condition id : UX DEVICE CLASS RTOS Condition cause : null
2024-09-30 20:04:18,156 [WARN] PackLoader:240 - Cannot read IP mode file for STMicroelectronics.X-CUBE-AZRTOS-H7.3.1.0
2024-09-30 20:04:18,157 [WARN] ConditionMgr:1039 - genDependencies : Invalid condition id : UX DEVICE CLASS RTOS Condition cause : null
2024-09-30 20:04:18,157 [WARN] ConditionMgr:1039 - genDependencies : Invalid condition id : UX DEVICE CLASS RTOS Condition cause : null
2024-09-30 20:04:18,158 [WARN] ConditionMgr:1039 - genDependencies : Invalid condition id : UX DEVICE CLASS RTOS Condition cause : null
2024-09-30 20:04:18,158 [WARN] ConditionMgr:1039 - genDependencies : Invalid condition id : UX DEVICE CLASS RTOS Condition cause : null
2024-09-30 20:04:18,159 [WARN] ConditionMgr:1039 - genDependencies : Invalid condition id : UX DEVICE CLASS RTOS Condition cause : null
2024-09-30 20:04:18,171 [WARN] PackLoader:240 - Cannot read IP mode file for STMicroelectronics.X-CUBE-NFC7.1.0.1
2024-09-30 20:04:18,180 [WARN] PackLoader:240 - Cannot read IP mode file for wolfSSL.I-CUBE-wolfTPM.3.2.0
2024-09-30 20:04:18,191 [WARN] PackLoader:240 - Cannot read IP mode file for STMicroelectronics.X-CUBE-NFC6.3.0.0
2024-09-30 20:04:18,204 [WARN] PackLoader:240 - Cannot read IP mode file for STMicroelectronics.X-CUBE-EEPRMA1.4.1.0
2024-09-30 20:04:18,214 [WARN] PackLoader:240 - Cannot read IP mode file for STMicroelectronics.X-CUBE-AI.8.1.0
2024-09-30 20:04:18,240 [WARN] ConditionMgr:438 - getConditionDescription Invalid condition id : LAN8742 Phy interface Condition cause : null
2024-09-30 20:04:18,242 [WARN] PackLoader:240 - Cannot read IP mode file for STMicroelectronics.X-CUBE-AZRTOS-L4.2.0.0
2024-09-30 20:04:18,243 [WARN] ConditionMgr:1039 - genDependencies : Invalid condition id : LAN8742 Phy interface Condition cause : null
2024-09-30 20:04:18,243 [WARN] ConditionMgr:1039 - genDependencies : Invalid condition id : LAN8742 Phy interface Condition cause : null
2024-09-30 20:04:18,243 [WARN] ConditionMgr:1039 - genDependencies : Invalid condition id : LAN8742 Phy interface Condition cause : null
2024-09-30 20:04:18,257 [WARN] PackLoader:240 - Cannot read IP mode file for STMicroelectronics.X-CUBE-SFXS2LP1.4.0.0
2024-09-30 20:04:18,267 [WARN] PackLoader:240 - Cannot read IP mode file for STMicroelectronics.X-CUBE-ISPU.1.1.0
2024-09-30 20:04:18,291 [WARN] PackLoader:240 - Cannot read IP mode file for STMicroelectronics.X-CUBE-AZRTOS-H7.3.3.0
2024-09-30 20:04:18,312 [WARN] ConditionMgr:438 - getConditionDescription Invalid condition id : UX DEVICE CLASS RTOS Condition cause : null
2024-09-30 20:04:18,313 [WARN] ConditionMgr:438 - getConditionDescription Invalid condition id : UX DEVICE CLASS RTOS Condition cause : null
2024-09-30 20:04:18,314 [WARN] PackLoader:240 - Cannot read IP mode file for STMicroelectronics.X-CUBE-AZRTOS-WB.2.0.0
2024-09-30 20:04:18,314 [WARN] ConditionMgr:1039 - genDependencies : Invalid condition id : UX DEVICE CLASS RTOS Condition cause : null
2024-09-30 20:04:18,314 [WARN] ConditionMgr:1039 - genDependencies : Invalid condition id : UX DEVICE CLASS RTOS Condition cause : null
2024-09-30 20:04:18,315 [WARN] ConditionMgr:1039 - genDependencies : Invalid condition id : UX DEVICE CLASS RTOS Condition cause : null
2024-09-30 20:04:18,315 [WARN] ConditionMgr:1039 - genDependencies : Invalid condition id : UX DEVICE CLASS RTOS Condition cause : null
2024-09-30 20:04:18,315 [WARN] ConditionMgr:1039 - genDependencies : Invalid condition id : UX DEVICE CLASS RTOS Condition cause : null
2024-09-30 20:04:18,328 [WARN] PackLoader:240 - Cannot read IP mode file for STMicroelectronics.X-CUBE-FREERTOS.1.0.1
2024-09-30 20:04:18,342 [WARN] PackLoader:240 - Cannot read IP mode file for STMicroelectronics.X-CUBE-GNSS1.7.0.0
2024-09-30 20:04:18,358 [WARN] PackLoader:240 - Cannot read IP mode file for STMicroelectronics.FP-SNS-STBOX1.2.0.0
2024-09-30 20:04:18,388 [WARN] PackLoader:240 - Cannot read IP mode file for STMicroelectronics.X-CUBE-AZRTOS-L5.1.1.0
2024-09-30 20:04:18,402 [WARN] PackLoader:240 - Cannot read IP mode file for STMicroelectronics.X-CUBE-AI.8.0.1
2024-09-30 20:04:18,423 [WARN] PackLoader:240 - Cannot read IP mode file for STMicroelectronics.X-CUBE-SUBG2.5.0.0
2024-09-30 20:04:18,439 [WARN] PackLoader:240 - Cannot read IP mode file for Cesanta.I-CUBE-Mongoose.7.13.0
2024-09-30 20:04:18,459 [WARN] PackLoader:240 - Cannot read IP mode file for STMicroelectronics.X-CUBE-TOF1.3.3.1
2024-09-30 20:04:18,490 [WARN] PackLoader:240 - Cannot read IP mode file for STMicroelectronics.X-CUBE-AZRTOS-G4.2.0.0
2024-09-30 20:04:18,512 [WARN] PackLoader:240 - Cannot read IP mode file for Infineon.AIROC-Wi-Fi-Bluetooth-STM32.1.5.1
2024-09-30 20:04:18,524 [WARN] PackLoader:240 - Cannot read IP mode file for STMicroelectronics.FP-SNS-MOTENVWB1.1.3.0
2024-09-30 20:04:18,536 [WARN] PackLoader:240 - Cannot read IP mode file for STMicroelectronics.FP-SNS-MOTENVWB1.1.3.1
2024-09-30 20:04:18,546 [WARN] PackLoader:240 - Cannot read IP mode file for STMicroelectronics.X-CUBE-ISPU.2.0.0
2024-09-30 20:04:18,559 [WARN] PackLoader:240 - Cannot read IP mode file for STMicroelectronics.X-CUBE-ALS.1.0.2
2024-09-30 20:04:18,595 [WARN] PackLoader:240 - Cannot read IP mode file for STMicroelectronics.X-CUBE-MEMS1.10.0.0
2024-09-30 20:04:18,699 [WARN] PackLoader:240 - Cannot read IP mode file for STMicroelectronics.X-CUBE-FREERTOS.1.1.0
2024-09-30 20:04:18,708 [WARN] PackLoader:240 - Cannot read IP mode file for STMicroelectronics.X-CUBE-TOUCHGFX.4.24.0
2024-09-30 20:04:18,712 [WARN] PackLoader:240 - Cannot read IP mode file for STMicroelectronics.X-CUBE-TOUCHGFX.4.24.1
2024-09-30 20:04:18,725 [WARN] PackLoader:240 - Cannot read IP mode file for portGmbH.I-Cube-SoM-uGOAL.1.1.0
2024-09-30 20:04:18,737 [WARN] PackLoader:240 - Cannot read IP mode file for STMicroelectronics.X-CUBE-ALS.1.0.1
2024-09-30 20:04:18,764 [WARN] PackLoader:240 - Cannot read IP mode file for STMicroelectronics.X-CUBE-AZRTOS-WB.1.1.0
2024-09-30 20:04:18,795 [WARN] PackLoader:240 - Cannot read IP mode file for STMicroelectronics.X-CUBE-AZRTOS-H7RS.1.0.0
2024-09-30 20:04:18,811 [WARN] PackLoader:240 - Cannot read IP mode file for STMicroelectronics.FP-ATR-ASTRA1.2.0.0
2024-09-30 20:04:18,828 [WARN] PackLoader:240 - Cannot read IP mode file for STMicroelectronics.X-CUBE-TOF1.3.4.2
2024-09-30 20:04:18,855 [WARN] PackLoader:240 - Cannot read IP mode file for STMicroelectronics.X-CUBE-TOF1.3.4.0
2024-09-30 20:04:18,895 [WARN] PackLoader:240 - Cannot read IP mode file for STMicroelectronics.X-CUBE-TOF1.3.4.1
2024-09-30 20:04:18,937 [WARN] PackLoader:240 - Cannot read IP mode file for STMicroelectronics.X-CUBE-AZRTOS-H7.3.2.0
2024-09-30 20:04:18,951 [WARN] PackLoader:240 - Cannot read IP mode file for wolfSSL.I-CUBE-wolfSSH.1.4.17
2024-09-30 20:04:18,952 [INFO] ThirdParty:978 - Integrity check success = true
2024-09-30 20:04:18,953 [INFO] IntegrityCheckThread:100 - exiting critical section [integrity check]
2024-09-30 20:04:18,953 [INFO] IntegrityCheckThread:103 - End integrity checks thread
2024-09-30 20:04:37,171 [ERROR] LogOutputStream:75 - [STDERR_REDIRECT] 
2024-09-30 20:04:37,172 [ERROR] LogOutputStream:75 - [STDERR_REDIRECT] 
