2025-04-30 15:02:37,910 [INFO] Activator:176 - 


2025-04-30 15:02:37,915 [INFO] Activator:177 - !SESSION log4j initialized
2025-04-30 15:02:45,920 [INFO] LogOutputStream:77 - [STDOUT_REDIRECT] 
2025-04-30 15:02:47,352 [INFO] ApplicationProperties:184 - Using Application install path: C:\ST\STM32CubeIDE_1.12.0\STM32CubeIDE\plugins\com.st.stm32cube.common.mx_6.14.0.202502271554
2025-04-30 15:02:47,409 [INFO] DbMcusXml:78 - Set database path to: C:\ST\STM32CubeIDE_1.12.0\STM32CubeIDE\plugins\com.st.stm32cube.common.mx_6.14.0.202502271554\\db\/mcu/
2025-04-30 15:02:47,411 [INFO] ApiDb:274 - Set plugin database path to: C:\ST\STM32CubeIDE_1.12.0\STM32CubeIDE\plugins\com.st.stm32cube.common.mx_6.14.0.202502271554\\db\/plugins/boardmanager/
2025-04-30 15:02:47,415 [WARN] ApiDb:259 - Overriding images path with different value:  => C:\ST\STM32CubeIDE_1.12.0\STM32CubeIDE\plugins\com.st.stm32cube.common.mx_6.14.0.202502271554\\db\/plugins/mcufinder/images/
2025-04-30 15:02:47,435 [INFO] ApiDb:250 - Set database path to: C:\Users\umutu\.stmcufinder\plugins\mcufinder//mcu/
2025-04-30 15:02:47,438 [INFO] DbMcusAds:125 - Set database path to: C:\Users\umutu\.stmcufinder\plugins\mcufinder//mcu/
2025-04-30 15:02:47,443 [INFO] CrossReferenceDbSqlite:203 - Set database path to: C:\Users\umutu\.stmcufinder\plugins\mcufinder//mcu/cs/
2025-04-30 15:02:47,594 [INFO] RulesReader:64 - Compatibility file has been processed (301 Rules)
2025-04-30 15:02:47,716 [INFO] DbMcusXml:78 - Set database path to: C:\ST\STM32CubeIDE_1.12.0\STM32CubeIDE\plugins\com.st.stm32cube.common.mx_6.14.0.202502271554\\db\/mcu/
2025-04-30 15:02:47,716 [INFO] ApiDb:274 - Set plugin database path to: C:\ST\STM32CubeIDE_1.12.0\STM32CubeIDE\plugins\com.st.stm32cube.common.mx_6.14.0.202502271554\\db\/plugins/boardmanager/
2025-04-30 15:02:47,716 [INFO] ApiDb:261 - Set plugin images path to: C:\ST\STM32CubeIDE_1.12.0\STM32CubeIDE\plugins\com.st.stm32cube.common.mx_6.14.0.202502271554\\db\/plugins/mcufinder/images/
2025-04-30 15:02:47,717 [WARN] DbFile:41 - Overriding database path with different value: C:\Users\umutu\.stmcufinder\plugins\mcufinder/ => C:\Users\umutu\.stmcufinder\plugins\mcufinder
2025-04-30 15:02:47,717 [INFO] ApiDb:250 - Set database path to: C:\Users\umutu\.stmcufinder\plugins\mcufinder//mcu/
2025-04-30 15:02:47,717 [WARN] DbFile:41 - Overriding database path with different value: C:\Users\umutu\.stmcufinder\plugins\mcufinder/ => C:\Users\umutu\.stmcufinder\plugins\mcufinder
2025-04-30 15:02:47,717 [INFO] DbMcusAds:125 - Set database path to: C:\Users\umutu\.stmcufinder\plugins\mcufinder//mcu/
2025-04-30 15:02:47,717 [WARN] DbFile:41 - Overriding database path with different value: C:\Users\umutu\.stmcufinder\plugins\mcufinder/ => C:\Users\umutu\.stmcufinder\plugins\mcufinder
2025-04-30 15:02:47,717 [WARN] DbFile:41 - Overriding database path with different value: C:\Users\umutu\.stmcufinder\plugins\mcufinder/ => C:\Users\umutu\.stmcufinder\plugins\mcufinder
2025-04-30 15:02:47,717 [INFO] CrossReferenceDbSqlite:203 - Set database path to: C:\Users\umutu\.stmcufinder\plugins\mcufinder//mcu/cs/
2025-04-30 15:02:47,835 [INFO] MainPanel:272 - HeapMemory: 300941312
2025-04-30 15:02:48,009 [INFO] DbMcusXml:78 - Set database path to: C:\ST\STM32CubeIDE_1.12.0\STM32CubeIDE\plugins\com.st.stm32cube.common.mx_6.14.0.202502271554\\db\/mcu/
2025-04-30 15:02:48,010 [INFO] ApiDb:274 - Set plugin database path to: C:\ST\STM32CubeIDE_1.12.0\STM32CubeIDE\plugins\com.st.stm32cube.common.mx_6.14.0.202502271554\\db\/plugins/boardmanager/
2025-04-30 15:02:48,010 [INFO] ApiDb:261 - Set plugin images path to: C:\ST\STM32CubeIDE_1.12.0\STM32CubeIDE\plugins\com.st.stm32cube.common.mx_6.14.0.202502271554\\db\/plugins/mcufinder/images/
2025-04-30 15:02:48,010 [WARN] DbFile:41 - Overriding database path with different value: C:\Users\umutu\.stmcufinder\plugins\mcufinder/ => C:\Users\umutu\.stmcufinder\plugins\mcufinder
2025-04-30 15:02:48,010 [INFO] ApiDb:250 - Set database path to: C:\Users\umutu\.stmcufinder\plugins\mcufinder//mcu/
2025-04-30 15:02:48,010 [WARN] DbFile:41 - Overriding database path with different value: C:\Users\umutu\.stmcufinder\plugins\mcufinder/ => C:\Users\umutu\.stmcufinder\plugins\mcufinder
2025-04-30 15:02:48,011 [INFO] DbMcusAds:125 - Set database path to: C:\Users\umutu\.stmcufinder\plugins\mcufinder//mcu/
2025-04-30 15:02:48,011 [WARN] DbFile:41 - Overriding database path with different value: C:\Users\umutu\.stmcufinder\plugins\mcufinder/ => C:\Users\umutu\.stmcufinder\plugins\mcufinder
2025-04-30 15:02:48,011 [WARN] DbFile:41 - Overriding database path with different value: C:\Users\umutu\.stmcufinder\plugins\mcufinder/ => C:\Users\umutu\.stmcufinder\plugins\mcufinder
2025-04-30 15:02:48,011 [INFO] CrossReferenceDbSqlite:203 - Set database path to: C:\Users\umutu\.stmcufinder\plugins\mcufinder//mcu/cs/
2025-04-30 15:02:48,052 [INFO] ApplicationProperties:184 - Using Application install path: C:\ST\STM32CubeIDE_1.12.0\STM32CubeIDE\plugins\com.st.stm32cube.common.mx_6.14.0.202502271554
2025-04-30 15:02:48,055 [INFO] PluginManage:196 - Search for loadable plugins [exclusion list=, ]
2025-04-30 15:02:48,057 [INFO] PluginManage:310 - Check plugin analytics
2025-04-30 15:02:48,290 [INFO] AnalyticsPlugin:253 - Accepted Software Licenses: 
2025-04-30 15:02:48,290 [INFO] AnalyticsPlugin:255 - Accepted CMSIS Pack Licenses: 
2025-04-30 15:02:48,291 [INFO] AnalyticsPlugin:257 - Accepted Firmware Licenses: 
2025-04-30 15:02:48,294 [INFO] PluginManage:359 - Loaded plugin analytics (category:tool,tabindex:-1)
2025-04-30 15:02:48,294 [INFO] PluginManage:310 - Check plugin cadmodel
2025-04-30 15:02:48,309 [INFO] CADModel:105 - Init CAD model plugin
2025-04-30 15:02:48,310 [INFO] PluginManage:359 - Loaded plugin cadmodel (category:power,tabindex:5)
2025-04-30 15:02:48,310 [INFO] PluginManage:310 - Check plugin clock
2025-04-30 15:02:48,328 [INFO] PluginManage:359 - Loaded plugin clock (category:base,tabindex:2)
2025-04-30 15:02:48,329 [INFO] PluginManage:310 - Check plugin ddr
2025-04-30 15:02:48,332 [INFO] PluginManage:359 - Loaded plugin ddr (category:tool,tabindex:6)
2025-04-30 15:02:48,333 [INFO] PluginManage:310 - Check plugin filemanager
2025-04-30 15:02:48,503 [INFO] PluginManage:359 - Loaded plugin filemanager (category:base,tabindex:10)
2025-04-30 15:02:48,504 [INFO] PluginManage:310 - Check plugin ipmanager
2025-04-30 15:02:48,515 [INFO] PluginManage:359 - Loaded plugin ipmanager (category:base,tabindex:5)
2025-04-30 15:02:48,515 [INFO] PluginManage:310 - Check plugin lpbam
2025-04-30 15:02:48,757 [INFO] PluginManage:359 - Loaded plugin lpbam (category:base,tabindex:0)
2025-04-30 15:02:48,757 [INFO] PluginManage:310 - Check plugin memorymap
2025-04-30 15:02:49,041 [INFO] PluginManage:359 - Loaded plugin memorymap (category:base,tabindex:4)
2025-04-30 15:02:49,041 [INFO] PluginManage:310 - Check plugin pinoutandconfiguration
2025-04-30 15:02:49,066 [INFO] PluginManage:359 - Loaded plugin pinoutandconfiguration (category:base,tabindex:1)
2025-04-30 15:02:49,066 [INFO] PluginManage:310 - Check plugin pinoutconfig
2025-04-30 15:02:49,298 [WARN] SupportedApi:132 - Cannot load RTOS API schema: s4s-elt-must-match.1: The content of 'definitions' must match (annotation?, (simpleType | complexType)?, (unique | key | keyref)*)). A problem was found starting at: attribute.
2025-04-30 15:02:49,543 [INFO] PluginManage:359 - Loaded plugin pinoutconfig (category:base,tabindex:0)
2025-04-30 15:02:49,543 [INFO] PluginManage:310 - Check plugin power
2025-04-30 15:02:49,568 [INFO] PluginManage:359 - Loaded plugin power (category:power,tabindex:4)
2025-04-30 15:02:49,568 [INFO] PluginManage:310 - Check plugin projectmanager
2025-04-30 15:02:49,598 [INFO] PluginManage:359 - Loaded plugin projectmanager (category:projectmanager,tabindex:4)
2025-04-30 15:02:49,599 [INFO] PluginManage:310 - Check plugin rif
2025-04-30 15:02:49,619 [INFO] PluginManage:359 - Loaded plugin rif (category:base,tabindex:3)
2025-04-30 15:02:49,619 [INFO] PluginManage:310 - Check plugin thirdparty
2025-04-30 15:02:49,893 [INFO] PluginManage:359 - Loaded plugin thirdparty (category:base,tabindex:-1)
2025-04-30 15:02:49,893 [WARN] IntegrityCheckThread:84 - waiting for thirdparty lock release [integrity check]
2025-04-30 15:02:49,894 [INFO] PluginManage:310 - Check plugin tools
2025-04-30 15:02:49,894 [INFO] IntegrityCheckThread:86 - entering critical section [integrity check]
2025-04-30 15:02:49,894 [INFO] ThirdPartyUpdaterWithRetryManager:70 - Updater plugin not ready yet. [1/15]
2025-04-30 15:02:49,925 [INFO] PluginManage:359 - Loaded plugin tools (category:base,tabindex:7)
2025-04-30 15:02:49,926 [INFO] PluginManage:310 - Check plugin tutovideos
2025-04-30 15:02:50,306 [INFO] PluginManage:359 - Loaded plugin tutovideos (category:base,tabindex:-1)
2025-04-30 15:02:50,306 [INFO] PluginManage:310 - Check plugin updater
2025-04-30 15:02:50,340 [INFO] PluginManage:359 - Loaded plugin updater (category:base,tabindex:12)
2025-04-30 15:02:50,340 [INFO] PluginManage:310 - Check plugin userauth
2025-04-30 15:02:50,348 [INFO] UserAuth:118 - Init User Auth plugin
2025-04-30 15:02:50,350 [INFO] PluginManage:359 - Loaded plugin userauth (category:base,tabindex:14)
2025-04-30 15:02:50,351 [INFO] PluginManage:283 - PluginManage : Loaded plugins [18]
2025-04-30 15:02:50,782 [INFO] PinOutPanel:1589 - setPackage(No Configuration,No Configuration)
2025-04-30 15:02:50,918 [INFO] CADModel:165 - CPN selected for project level
2025-04-30 15:02:50,918 [INFO] CADModel:114 - Register for checkConnection events
2025-04-30 15:02:50,998 [INFO] IPUIPlugin:80 - create IPUIPlugin
2025-04-30 15:02:50,999 [INFO] PluginManager:220 - loadIPPluginJar : add adc
2025-04-30 15:02:51,025 [INFO] IPUIPlugin:80 - create IPUIPlugin
2025-04-30 15:02:51,025 [INFO] PluginManager:220 - loadIPPluginJar : add aes
2025-04-30 15:02:51,080 [INFO] IPUIPlugin:80 - create IPUIPlugin
2025-04-30 15:02:51,081 [INFO] PluginManager:220 - loadIPPluginJar : add can
2025-04-30 15:02:51,103 [INFO] IPUIPlugin:80 - create IPUIPlugin
2025-04-30 15:02:51,103 [INFO] PluginManager:220 - loadIPPluginJar : add comp
2025-04-30 15:02:51,127 [INFO] IPUIPlugin:80 - create IPUIPlugin
2025-04-30 15:02:51,128 [INFO] PluginManager:220 - loadIPPluginJar : add cryp
2025-04-30 15:02:51,142 [INFO] IPUIPlugin:80 - create IPUIPlugin
2025-04-30 15:02:51,142 [INFO] PluginManager:220 - loadIPPluginJar : add ddr_ctrl_phy
2025-04-30 15:02:51,170 [INFO] IPUIPlugin:80 - create IPUIPlugin
2025-04-30 15:02:51,171 [INFO] PluginManager:220 - loadIPPluginJar : add dfsdm
2025-04-30 15:02:51,247 [INFO] IPUIPlugin:80 - create IPUIPlugin
2025-04-30 15:02:51,248 [INFO] PluginManager:220 - loadIPPluginJar : add dma
2025-04-30 15:02:51,284 [INFO] IPUIPlugin:80 - create IPUIPlugin
2025-04-30 15:02:51,285 [INFO] PluginManager:220 - loadIPPluginJar : add dma3
2025-04-30 15:02:51,315 [INFO] IPUIPlugin:80 - create IPUIPlugin
2025-04-30 15:02:51,315 [INFO] PluginManager:220 - loadIPPluginJar : add extmemmanager
2025-04-30 15:02:51,378 [INFO] IPUIPlugin:80 - create IPUIPlugin
2025-04-30 15:02:51,378 [INFO] PluginManager:220 - loadIPPluginJar : add fatfs
2025-04-30 15:02:51,421 [INFO] IPUIPlugin:80 - create IPUIPlugin
2025-04-30 15:02:51,422 [INFO] PluginManager:220 - loadIPPluginJar : add fmc
2025-04-30 15:02:51,459 [INFO] IPUIPlugin:80 - create IPUIPlugin
2025-04-30 15:02:51,460 [INFO] PluginManager:220 - loadIPPluginJar : add freertos
2025-04-30 15:02:51,518 [INFO] IPUIPlugin:80 - create IPUIPlugin
2025-04-30 15:02:51,518 [INFO] PluginManager:220 - loadIPPluginJar : add genericplugin
2025-04-30 15:02:51,654 [INFO] IPUIPlugin:80 - create IPUIPlugin
2025-04-30 15:02:51,654 [INFO] PluginManager:220 - loadIPPluginJar : add gfxmmu
2025-04-30 15:02:51,809 [INFO] IPUIPlugin:80 - create IPUIPlugin
2025-04-30 15:02:51,810 [INFO] PluginManager:220 - loadIPPluginJar : add gic
2025-04-30 15:02:51,949 [INFO] IPUIPlugin:80 - create IPUIPlugin
2025-04-30 15:02:51,949 [INFO] PluginManager:220 - loadIPPluginJar : add gpio
2025-04-30 15:02:52,013 [INFO] IPUIPlugin:80 - create IPUIPlugin
2025-04-30 15:02:52,014 [INFO] PluginManager:220 - loadIPPluginJar : add gtzc
2025-04-30 15:02:52,047 [INFO] IPUIPlugin:80 - create IPUIPlugin
2025-04-30 15:02:52,047 [INFO] PluginManager:220 - loadIPPluginJar : add hash
2025-04-30 15:02:52,085 [INFO] IPUIPlugin:80 - create IPUIPlugin
2025-04-30 15:02:52,085 [INFO] PluginManager:220 - loadIPPluginJar : add i2c
2025-04-30 15:02:52,116 [INFO] IPUIPlugin:80 - create IPUIPlugin
2025-04-30 15:02:52,116 [INFO] PluginManager:220 - loadIPPluginJar : add i2s
2025-04-30 15:02:52,145 [INFO] IPUIPlugin:80 - create IPUIPlugin
2025-04-30 15:02:52,146 [INFO] PluginManager:220 - loadIPPluginJar : add i3c
2025-04-30 15:02:52,198 [INFO] IPUIPlugin:80 - create IPUIPlugin
2025-04-30 15:02:52,199 [INFO] PluginManager:220 - loadIPPluginJar : add ipddr
2025-04-30 15:02:52,281 [INFO] IPUIPlugin:80 - create IPUIPlugin
2025-04-30 15:02:52,281 [INFO] PluginManager:220 - loadIPPluginJar : add linkedlist
2025-04-30 15:02:52,308 [INFO] IPUIPlugin:80 - create IPUIPlugin
2025-04-30 15:02:52,308 [INFO] PluginManager:220 - loadIPPluginJar : add lorawan
2025-04-30 15:02:52,337 [INFO] IPUIPlugin:80 - create IPUIPlugin
2025-04-30 15:02:52,337 [INFO] PluginManager:220 - loadIPPluginJar : add ltdc
2025-04-30 15:02:52,467 [INFO] IPUIPlugin:80 - create IPUIPlugin
2025-04-30 15:02:52,468 [INFO] PluginManager:220 - loadIPPluginJar : add mdma
2025-04-30 15:02:52,611 [INFO] IPUIPlugin:80 - create IPUIPlugin
2025-04-30 15:02:52,619 [INFO] PluginManager:220 - loadIPPluginJar : add nvic
2025-04-30 15:02:52,656 [INFO] IPUIPlugin:80 - create IPUIPlugin
2025-04-30 15:02:52,656 [INFO] PluginManager:220 - loadIPPluginJar : add opamp
2025-04-30 15:02:52,693 [INFO] IPUIPlugin:80 - create IPUIPlugin
2025-04-30 15:02:52,693 [INFO] PluginManager:220 - loadIPPluginJar : add openamp
2025-04-30 15:02:52,723 [INFO] IPUIPlugin:80 - create IPUIPlugin
2025-04-30 15:02:52,723 [INFO] PluginManager:220 - loadIPPluginJar : add pdm2pcm
2025-04-30 15:02:52,844 [INFO] IPUIPlugin:80 - create IPUIPlugin
2025-04-30 15:02:52,847 [INFO] PluginManager:220 - loadIPPluginJar : add plateformsettings
2025-04-30 15:02:52,864 [INFO] IPUIPlugin:80 - create IPUIPlugin
2025-04-30 15:02:52,864 [INFO] PluginManager:220 - loadIPPluginJar : add quadspi
2025-04-30 15:02:52,882 [INFO] IPUIPlugin:80 - create IPUIPlugin
2025-04-30 15:02:52,883 [INFO] PluginManager:220 - loadIPPluginJar : add radio
2025-04-30 15:02:52,892 [INFO] IPUIPlugin:80 - create IPUIPlugin
2025-04-30 15:02:52,892 [INFO] PluginManager:220 - loadIPPluginJar : add resmgrutility
2025-04-30 15:02:52,901 [INFO] ThirdPartyUpdaterWithRetryManager:70 - Updater plugin not ready yet. [2/15]
2025-04-30 15:02:52,916 [INFO] IPUIPlugin:80 - create IPUIPlugin
2025-04-30 15:02:52,916 [INFO] PluginManager:220 - loadIPPluginJar : add sai
2025-04-30 15:02:52,940 [INFO] IPUIPlugin:80 - create IPUIPlugin
2025-04-30 15:02:52,941 [INFO] PluginManager:220 - loadIPPluginJar : add spi
2025-04-30 15:02:52,976 [INFO] IPUIPlugin:80 - create IPUIPlugin
2025-04-30 15:02:52,976 [INFO] PluginManager:220 - loadIPPluginJar : add stm32_wpan
2025-04-30 15:02:52,990 [INFO] IPUIPlugin:80 - create IPUIPlugin
2025-04-30 15:02:52,990 [INFO] PluginManager:220 - loadIPPluginJar : add tim
2025-04-30 15:02:53,023 [INFO] IPUIPlugin:80 - create IPUIPlugin
2025-04-30 15:02:53,023 [INFO] PluginManager:220 - loadIPPluginJar : add touchsensing
2025-04-30 15:02:53,040 [INFO] IPUIPlugin:80 - create IPUIPlugin
2025-04-30 15:02:53,040 [INFO] PluginManager:220 - loadIPPluginJar : add tracer_emb
2025-04-30 15:02:53,056 [INFO] IPUIPlugin:80 - create IPUIPlugin
2025-04-30 15:02:53,057 [INFO] PluginManager:220 - loadIPPluginJar : add ts
2025-04-30 15:02:53,081 [INFO] IPUIPlugin:80 - create IPUIPlugin
2025-04-30 15:02:53,082 [INFO] PluginManager:220 - loadIPPluginJar : add tsc
2025-04-30 15:02:53,098 [INFO] IPUIPlugin:80 - create IPUIPlugin
2025-04-30 15:02:53,098 [INFO] PluginManager:220 - loadIPPluginJar : add ucpd
2025-04-30 15:02:53,128 [INFO] IPUIPlugin:80 - create IPUIPlugin
2025-04-30 15:02:53,129 [INFO] PluginManager:220 - loadIPPluginJar : add usart
2025-04-30 15:02:53,155 [INFO] IPUIPlugin:80 - create IPUIPlugin
2025-04-30 15:02:53,155 [INFO] PluginManager:220 - loadIPPluginJar : add usbx
2025-04-30 15:02:53,300 [FATAL] Updater:351 - Updater called before beeing initialized
2025-04-30 15:02:53,338 [INFO] RulesReader:64 - Compatibility file has been processed (301 Rules)
2025-04-30 15:02:53,348 [INFO] RulesReader:64 - Compatibility file has been processed (301 Rules)
2025-04-30 15:02:53,357 [INFO] CADModel:165 - CPN selected for project level
2025-04-30 15:02:53,357 [INFO] CADModel:114 - Register for checkConnection events
2025-04-30 15:02:53,357 [FATAL] Updater:351 - Updater called before beeing initialized
2025-04-30 15:02:53,357 [ERROR] CADModel:125 - Updater not yet initialized, retry later 
2025-04-30 15:02:53,535 [FATAL] Updater:351 - Updater called before beeing initialized
2025-04-30 15:02:53,539 [INFO] CADModel:165 - CPN selected for project level
2025-04-30 15:02:53,540 [INFO] CADModel:114 - Register for checkConnection events
2025-04-30 15:02:53,540 [FATAL] Updater:351 - Updater called before beeing initialized
2025-04-30 15:02:53,540 [ERROR] CADModel:125 - Updater not yet initialized, retry later 
2025-04-30 15:02:53,544 [FATAL] Updater:351 - Updater called before beeing initialized
2025-04-30 15:02:53,713 [FATAL] Updater:351 - Updater called before beeing initialized
2025-04-30 15:02:53,722 [INFO] DbMcusAds:53 - JSON generation date=Thu Sep 30 09:55:09 TRT 2021 (1632984909247)
2025-04-30 15:02:53,722 [FATAL] Updater:351 - Updater called before beeing initialized
2025-04-30 15:02:53,809 [WARN] DetailPanel:346 - Failed to get advertising image, set to default
2025-04-30 15:02:54,023 [FATAL] Updater:351 - Updater called before beeing initialized
2025-04-30 15:02:54,025 [FATAL] Updater:351 - Updater called before beeing initialized
2025-04-30 15:02:54,025 [FATAL] Updater:351 - Updater called before beeing initialized
2025-04-30 15:02:54,025 [WARN] DetailPanel:346 - Failed to get advertising image, set to default
2025-04-30 15:02:54,026 [FATAL] Updater:351 - Updater called before beeing initialized
2025-04-30 15:02:54,070 [ERROR] Updater:1198 - MainUpdater not yet initialized. External WinMGr cannot be set.
2025-04-30 15:02:54,076 [INFO] Updater:1134 - Updater Version found : 6.14.0
2025-04-30 15:02:54,093 [INFO] ApplicationProperties:184 - Using Application install path: C:\ST\STM32CubeIDE_1.12.0\STM32CubeIDE\plugins\com.st.stm32cube.common.mx_6.14.0.202502271554
2025-04-30 15:02:55,722 [ERROR] LogOutputStream:75 - [STDERR_REDIRECT] Apr 30, 2025 3:02:55 PM java.util.prefs.WindowsPreferences <init>
2025-04-30 15:02:55,723 [ERROR] LogOutputStream:75 - [STDERR_REDIRECT] WARNING: Could not open/create prefs root node Software\JavaSoft\Prefs at root 0xffffffff80000002. Windows RegCreateKeyEx(...) returned error code 5.
2025-04-30 15:02:55,723 [ERROR] LogOutputStream:75 - [STDERR_REDIRECT] 
2025-04-30 15:02:55,908 [INFO] ThirdPartyUpdaterWithRetryManager:70 - Updater plugin not ready yet. [3/15]
2025-04-30 15:02:56,202 [INFO] MainUpdater:2872 - connection check result : 10
2025-04-30 15:02:56,202 [INFO] MainUpdater:3566 - Updater definition file requires update
2025-04-30 15:02:56,203 [INFO] MainUpdater:289 - Updater Check For Update Now.
2025-04-30 15:02:56,203 [INFO] MicroXplorer:498 - Change Database Version : DB.6.0.140
2025-04-30 15:02:56,210 [INFO] McuFinderGlobals:63 - Set McuFinder mode to 2 (CubeIDE integrated)
2025-04-30 15:02:56,214 [INFO] UserAuth:486 - Internet connection configuration mode: 1
2025-04-30 15:02:56,232 [INFO] JxBrowserEngine:152 - Initiate JxBrowser Engine with user profile folder
2025-04-30 15:02:56,435 [INFO] ServerAccessManage:473 - Download File updaters.zip
2025-04-30 15:02:56,621 [INFO] FileExtend:242 - Unzip File : updaters.zip
2025-04-30 15:02:56,621 [INFO] FileExtend:257 - Standard Zip Deflate
2025-04-30 15:02:57,120 [INFO] ServerAccessManage:473 - Download File PacksControlFlags.xml
2025-04-30 15:02:57,179 [INFO] WebApp:169 - Instantiating new browser for Auth
2025-04-30 15:02:57,210 [INFO] ServerAccessManage:473 - Download File cubemx.pidx
2025-04-30 15:02:58,216 [INFO] ServerAccessManage:473 - Download File STMicroelectronics.X-CUBE-NFC7.pdsc
2025-04-30 15:02:58,296 [INFO] WebApp:463 - Apply proxy settings
2025-04-30 15:02:58,297 [INFO] WebApp:548 - Chromium requires no authentication
2025-04-30 15:02:58,310 [INFO] WebApp:491 - Direct internet connection detected
2025-04-30 15:02:58,358 [INFO] WebApp:894 - Register for checkConnection events
2025-04-30 15:02:58,358 [INFO] WebApp:463 - Apply proxy settings
2025-04-30 15:02:58,359 [INFO] WebApp:548 - Chromium requires no authentication
2025-04-30 15:02:58,359 [INFO] WebApp:491 - Direct internet connection detected
2025-04-30 15:02:58,549 [INFO] WebApp:225 - Starting web application
2025-04-30 15:02:58,550 [INFO] WebApp:593 - Web application path used C:\ST\STM32CubeIDE_1.12.0\STM32CubeIDE\plugins\com.st.stm32cube.common.mx_6.14.0.202502271554\db\plugins\mcufinder\reactClient1\index.html
2025-04-30 15:02:58,684 [INFO] UserAuth:486 - Internet connection configuration mode: 1
2025-04-30 15:02:58,912 [WARN] MainUpdater:1193 - Updater busy. Cannot search thirdparties
2025-04-30 15:02:58,913 [INFO] ThirdPartyUpdaterWithRetryManager:96 - Updater plugin is busy. [1/15]
2025-04-30 15:02:59,051 [INFO] WebApp:191 - Connection restablished
2025-04-30 15:02:59,876 [WARN] PackLoader:240 - Cannot read IP mode file for STMicroelectronics.X-CUBE-NFC7.2.0.0
2025-04-30 15:02:59,882 [INFO] PopulateThirdPartyThread:66 - Ending populate Thread
2025-04-30 15:02:59,888 [INFO] ThirdParty:1030 - CMSIS Pack Vendor :STMicroelectronics X-CUBE-NFC7 2.0.0
2025-04-30 15:02:59,889 [INFO] LoadServerUpdatesThread:375 - End of LoadServerUpdate Thread
2025-04-30 15:03:00,025 [INFO] CheckServerUpdateThread:120 - End of CheckServer Thread
2025-04-30 15:03:02,216 [WARN] PackLoader:240 - Cannot read IP mode file for STMicroelectronics.FP-SNS-MOTENVWB1.1.4.0
2025-04-30 15:03:02,224 [WARN] PackLoader:240 - Cannot read IP mode file for STMicroelectronics.FP-ATR-ASTRA1.2.0.2
2025-04-30 15:03:02,235 [WARN] PackLoader:240 - Cannot read IP mode file for STMicroelectronics.FP-ATR-ASTRA1.2.0.1
2025-04-30 15:03:02,250 [WARN] PackLoader:240 - Cannot read IP mode file for STMicroelectronics.X-CUBE-SMBUS.2.1.0
2025-04-30 15:03:02,265 [WARN] PackLoader:240 - Cannot read IP mode file for STMicroelectronics.X-CUBE-WB05N.1.1.0
2025-04-30 15:03:02,278 [WARN] PackLoader:240 - Cannot read IP mode file for STMicroelectronics.X-CUBE-TOUCHGFX.4.23.0
2025-04-30 15:03:02,311 [WARN] PackLoader:240 - Cannot read IP mode file for STMicroelectronics.X-CUBE-AZRTOS-F7.1.1.0
2025-04-30 15:03:02,329 [WARN] PackLoader:240 - Cannot read IP mode file for STMicroelectronics.FP-SNS-MOTENV1.4.3.2
2025-04-30 15:03:02,381 [WARN] PackLoader:240 - Cannot read IP mode file for STMicroelectronics.X-CUBE-MEMS1.11.0.0
2025-04-30 15:03:02,503 [WARN] PackLoader:240 - Cannot read IP mode file for STMicroelectronics.X-CUBE-BLE1.6.2.4
2025-04-30 15:03:02,515 [WARN] PackLoader:240 - Cannot read IP mode file for STMicroelectronics.FP-SNS-FLIGHT1.5.0.2
2025-04-30 15:03:02,531 [WARN] PackLoader:240 - Cannot read IP mode file for STMicroelectronics.X-CUBE-DISPLAY.3.0.0
2025-04-30 15:03:02,546 [WARN] PackLoader:240 - Cannot read IP mode file for STMicroelectronics.X-CUBE-BLE1.7.0.0
2025-04-30 15:03:02,556 [WARN] PackLoader:240 - Cannot read IP mode file for STMicroelectronics.X-CUBE-NFC10.1.0.0
2025-04-30 15:03:02,573 [WARN] PackLoader:240 - Cannot read IP mode file for STMicroelectronics.X-CUBE-BLEMGR.4.0.0
2025-04-30 15:03:02,585 [WARN] PackLoader:240 - Cannot read IP mode file for emotas.I-CUBE-CANOPEN.1.3.0
2025-04-30 15:03:02,596 [WARN] PackLoader:240 - Cannot read IP mode file for STMicroelectronics.X-CUBE-TOUCHGFX.4.22.0
2025-04-30 15:03:02,606 [WARN] PackLoader:240 - Cannot read IP mode file for STMicroelectronics.X-CUBE-TOUCHGFX.4.22.1
2025-04-30 15:03:02,620 [WARN] PackLoader:240 - Cannot read IP mode file for STMicroelectronics.X-CUBE-BLEMGR.3.1.0
2025-04-30 15:03:02,631 [WARN] PackLoader:240 - Cannot read IP mode file for STMicroelectronics.X-CUBE-AI.10.0.0
2025-04-30 15:03:02,642 [WARN] PackLoader:240 - Cannot read IP mode file for STMicroelectronics.FP-SNS-SMARTAG2.1.2.0
2025-04-30 15:03:02,652 [WARN] PackLoader:240 - Cannot read IP mode file for STMicroelectronics.FP-SNS-FLIGHT1.5.1.0
2025-04-30 15:03:02,713 [WARN] PackLoader:240 - Cannot read IP mode file for STMicroelectronics.X-CUBE-MEMS1.11.1.0
2025-04-30 15:03:03,005 [INFO] LogOutputStream:77 - [STDOUT_REDIRECT] 1 : Invalid condition id : UX_CORESTACK_Condition cause : null
2025-04-30 15:03:03,006 [INFO] LogOutputStream:77 - [STDOUT_REDIRECT] 1 : Invalid condition id : UX_CORESTACK_Condition cause : null
2025-04-30 15:03:03,007 [INFO] LogOutputStream:77 - [STDOUT_REDIRECT] 1 : Invalid condition id : UX_CORESTACK_Condition cause : null
2025-04-30 15:03:03,008 [INFO] LogOutputStream:77 - [STDOUT_REDIRECT] 1 : Invalid condition id : UX_CORESTACK_Condition cause : null
2025-04-30 15:03:03,009 [INFO] LogOutputStream:77 - [STDOUT_REDIRECT] 1 : Invalid condition id : UX_CORESTACK_Condition cause : null
2025-04-30 15:03:03,013 [WARN] PackLoader:240 - Cannot read IP mode file for STMicroelectronics.X-CUBE-AZRTOS-WL.2.0.0
2025-04-30 15:03:03,026 [WARN] PackLoader:240 - Cannot read IP mode file for STMicroelectronics.FP-SNS-MOTENV1.5.0.0
2025-04-30 15:03:03,038 [WARN] PackLoader:240 - Cannot read IP mode file for wolfSSL.I-CUBE-wolfMQTT.1.19.0
2025-04-30 15:03:03,055 [WARN] PackLoader:240 - Cannot read IP mode file for WES.I-CUBE-Cesium.1.3.0
2025-04-30 15:03:03,071 [WARN] PackLoader:240 - Cannot read IP mode file for STMicroelectronics.X-CUBE-BLE2.3.3.0
2025-04-30 15:03:03,084 [WARN] PackLoader:240 - Cannot read IP mode file for STMicroelectronics.X-CUBE-NFC9.1.0.0
2025-04-30 15:03:03,091 [WARN] PackLoader:240 - Cannot read IP mode file for STMicroelectronics.X-CUBE-BLE1.7.1.0
2025-04-30 15:03:03,104 [WARN] PackLoader:240 - Cannot read IP mode file for STMicroelectronics.X-CUBE-TCPP.4.1.0
2025-04-30 15:03:03,121 [WARN] PackLoader:240 - Cannot read IP mode file for STMicroelectronics.X-CUBE-ALGOBUILD.1.3.0
2025-04-30 15:03:03,172 [WARN] PackLoader:240 - Cannot read IP mode file for STMicroelectronics.X-CUBE-MEMS1.11.2.0
2025-04-30 15:03:03,267 [WARN] PackLoader:240 - Cannot read IP mode file for STMicroelectronics.X-CUBE-AZRTOS-G0.1.1.0
2025-04-30 15:03:03,287 [WARN] PackLoader:240 - Cannot read IP mode file for STMicroelectronics.X-CUBE-SAFEA1.1.2.2
2025-04-30 15:03:03,299 [WARN] PackLoader:240 - Cannot read IP mode file for STMicroelectronics.X-CUBE-NFC4.3.0.0
2025-04-30 15:03:03,315 [WARN] PackLoader:240 - Cannot read IP mode file for EmbeddedOffice.I-CUBE-FS-RTOS.1.0.1
2025-04-30 15:03:03,341 [WARN] PackLoader:240 - Cannot read IP mode file for STMicroelectronics.X-CUBE-WB05N.2.0.0
2025-04-30 15:03:03,365 [WARN] PackLoader:240 - Cannot read IP mode file for STMicroelectronics.X-CUBE-BLEMGR.3.0.0
2025-04-30 15:03:03,382 [WARN] PackLoader:240 - Cannot read IP mode file for STMicroelectronics.X-CUBE-TCPP.4.2.0
2025-04-30 15:03:03,401 [WARN] PackLoader:240 - Cannot read IP mode file for RealThread.X-CUBE-RT-Thread_Nano.4.1.1
2025-04-30 15:03:03,416 [WARN] PackLoader:240 - Cannot read IP mode file for STMicroelectronics.FP-ATR-SIGFOX1.3.2.0
2025-04-30 15:03:03,449 [WARN] ConditionMgr:438 - getConditionDescription Invalid condition id : Cortex-A Device cause : null
2025-04-30 15:03:03,466 [WARN] ConditionMgr:1044 - genDependencies : Invalid condition id : Cortex-A Device cause : null
2025-04-30 15:03:03,466 [WARN] ConditionMgr:1044 - genDependencies : Invalid condition id : Cortex-A Device cause : null
2025-04-30 15:03:03,466 [WARN] ConditionMgr:1044 - genDependencies : Invalid condition id : Cortex-A Device cause : null
2025-04-30 15:03:03,490 [WARN] PackLoader:240 - Cannot read IP mode file for STMicroelectronics.X-CUBE-EEPRMA1.5.1.0
2025-04-30 15:03:03,518 [WARN] PackLoader:240 - Cannot read IP mode file for SEGGER.I-CUBE-embOS.1.3.1
2025-04-30 15:03:03,552 [WARN] PackLoader:240 - Cannot read IP mode file for STMicroelectronics.X-CUBE-ALGOBUILD.1.4.0
2025-04-30 15:03:03,566 [WARN] PackLoader:240 - Cannot read IP mode file for STMicroelectronics.X-CUBE-AI.9.1.0
2025-04-30 15:03:03,582 [WARN] PackLoader:240 - Cannot read IP mode file for STMicroelectronics.X-CUBE-GNSS1.6.0.0
2025-04-30 15:03:03,612 [WARN] PackLoader:240 - Cannot read IP mode file for STMicroelectronics.X-CUBE-AZRTOS-F4.1.1.0
2025-04-30 15:03:03,626 [WARN] PackLoader:240 - Cannot read IP mode file for wolfSSL.I-CUBE-wolfSSL.5.6.3
2025-04-30 15:03:03,635 [WARN] PackLoader:240 - Cannot read IP mode file for Avnet-IotConnect.X-CUBE-IoTC-DA16k-PMOD.1.0.0
2025-04-30 15:03:03,650 [WARN] PackLoader:240 - Cannot read IP mode file for STMicroelectronics.X-CUBE-ISPU.2.1.0
2025-04-30 15:03:03,665 [WARN] PackLoader:240 - Cannot read IP mode file for STMicroelectronics.X-CUBE-FREERTOS.1.2.0
2025-04-30 15:03:03,694 [WARN] PackLoader:240 - Cannot read IP mode file for STMicroelectronics.X-CUBE-AZRTOS-L5.2.0.0
2025-04-30 15:03:03,744 [WARN] PackLoader:240 - Cannot read IP mode file for STMicroelectronics.X-CUBE-MEMS1.9.6.0
2025-04-30 15:03:03,832 [WARN] PackLoader:240 - Cannot read IP mode file for STMicroelectronics.X-CUBE-EEPRMA1.4.2.0
2025-04-30 15:03:03,847 [WARN] PackLoader:240 - Cannot read IP mode file for STMicroelectronics.X-CUBE-NFC6.3.1.0
2025-04-30 15:03:03,857 [WARN] PackLoader:240 - Cannot read IP mode file for ITTIA_DB.I-CUBE-ITTIADB.8.8.0
2025-04-30 15:03:03,868 [WARN] PackLoader:240 - Cannot read IP mode file for STMicroelectronics.X-CUBE-BLEMGR.2.0.0
2025-04-30 15:03:03,880 [WARN] PackLoader:240 - Cannot read IP mode file for STMicroelectronics.X-CUBE-DPower.1.2.0
2025-04-30 15:03:03,888 [WARN] PackLoader:240 - Cannot read IP mode file for STMicroelectronics.X-CUBE-AI.9.0.0
2025-04-30 15:03:03,914 [WARN] ConditionMgr:438 - getConditionDescription Invalid condition id : UX DEVICE CLASS RTOS Condition cause : null
2025-04-30 15:03:03,915 [WARN] ConditionMgr:438 - getConditionDescription Invalid condition id : UX DEVICE CLASS RTOS Condition cause : null
2025-04-30 15:03:03,917 [WARN] PackLoader:240 - Cannot read IP mode file for STMicroelectronics.X-CUBE-AZRTOS-H7.3.1.0
2025-04-30 15:03:03,918 [WARN] ConditionMgr:1044 - genDependencies : Invalid condition id : UX DEVICE CLASS RTOS Condition cause : null
2025-04-30 15:03:03,918 [WARN] ConditionMgr:1044 - genDependencies : Invalid condition id : UX DEVICE CLASS RTOS Condition cause : null
2025-04-30 15:03:03,919 [WARN] ConditionMgr:1044 - genDependencies : Invalid condition id : UX DEVICE CLASS RTOS Condition cause : null
2025-04-30 15:03:03,920 [WARN] ConditionMgr:1044 - genDependencies : Invalid condition id : UX DEVICE CLASS RTOS Condition cause : null
2025-04-30 15:03:03,921 [WARN] ConditionMgr:1044 - genDependencies : Invalid condition id : UX DEVICE CLASS RTOS Condition cause : null
2025-04-30 15:03:03,932 [WARN] PackLoader:240 - Cannot read IP mode file for STMicroelectronics.X-CUBE-FREERTOS.1.3.0
2025-04-30 15:03:03,946 [WARN] PackLoader:240 - Cannot read IP mode file for STMicroelectronics.X-CUBE-NFC7.1.0.1
2025-04-30 15:03:03,957 [WARN] PackLoader:240 - Cannot read IP mode file for wolfSSL.I-CUBE-wolfTPM.3.2.0
2025-04-30 15:03:03,973 [WARN] PackLoader:240 - Cannot read IP mode file for STMicroelectronics.X-CUBE-NFC6.3.0.0
2025-04-30 15:03:03,990 [WARN] PackLoader:240 - Cannot read IP mode file for STMicroelectronics.X-CUBE-EEPRMA1.4.1.0
2025-04-30 15:03:04,005 [WARN] PackLoader:240 - Cannot read IP mode file for STMicroelectronics.X-CUBE-DPower.1.3.0
2025-04-30 15:03:04,017 [WARN] PackLoader:240 - Cannot read IP mode file for STMicroelectronics.X-CUBE-AI.8.1.0
2025-04-30 15:03:04,070 [WARN] ConditionMgr:438 - getConditionDescription Invalid condition id : LAN8742 Phy interface Condition cause : null
2025-04-30 15:03:04,071 [WARN] PackLoader:240 - Cannot read IP mode file for STMicroelectronics.X-CUBE-AZRTOS-L4.2.0.0
2025-04-30 15:03:04,072 [WARN] ConditionMgr:1044 - genDependencies : Invalid condition id : LAN8742 Phy interface Condition cause : null
2025-04-30 15:03:04,073 [WARN] ConditionMgr:1044 - genDependencies : Invalid condition id : LAN8742 Phy interface Condition cause : null
2025-04-30 15:03:04,075 [WARN] ConditionMgr:1044 - genDependencies : Invalid condition id : LAN8742 Phy interface Condition cause : null
2025-04-30 15:03:04,092 [WARN] PackLoader:240 - Cannot read IP mode file for STMicroelectronics.X-CUBE-SFXS2LP1.4.0.0
2025-04-30 15:03:04,104 [WARN] PackLoader:240 - Cannot read IP mode file for STMicroelectronics.X-CUBE-ISPU.1.1.0
2025-04-30 15:03:04,141 [WARN] PackLoader:240 - Cannot read IP mode file for STMicroelectronics.X-CUBE-AZRTOS-H7.3.3.0
2025-04-30 15:03:04,164 [WARN] PackLoader:240 - Cannot read IP mode file for STMicroelectronics.X-CUBE-IPS.3.0.0
2025-04-30 15:03:04,196 [WARN] ConditionMgr:438 - getConditionDescription Invalid condition id : UX DEVICE CLASS RTOS Condition cause : null
2025-04-30 15:03:04,196 [WARN] ConditionMgr:438 - getConditionDescription Invalid condition id : UX DEVICE CLASS RTOS Condition cause : null
2025-04-30 15:03:04,198 [WARN] PackLoader:240 - Cannot read IP mode file for STMicroelectronics.X-CUBE-AZRTOS-WB.2.0.0
2025-04-30 15:03:04,198 [WARN] ConditionMgr:1044 - genDependencies : Invalid condition id : UX DEVICE CLASS RTOS Condition cause : null
2025-04-30 15:03:04,198 [WARN] ConditionMgr:1044 - genDependencies : Invalid condition id : UX DEVICE CLASS RTOS Condition cause : null
2025-04-30 15:03:04,198 [WARN] ConditionMgr:1044 - genDependencies : Invalid condition id : UX DEVICE CLASS RTOS Condition cause : null
2025-04-30 15:03:04,198 [WARN] ConditionMgr:1044 - genDependencies : Invalid condition id : UX DEVICE CLASS RTOS Condition cause : null
2025-04-30 15:03:04,198 [WARN] ConditionMgr:1044 - genDependencies : Invalid condition id : UX DEVICE CLASS RTOS Condition cause : null
2025-04-30 15:03:04,213 [WARN] PackLoader:240 - Cannot read IP mode file for STMicroelectronics.X-CUBE-FREERTOS.1.0.1
2025-04-30 15:03:04,227 [WARN] PackLoader:240 - Cannot read IP mode file for STMicroelectronics.X-CUBE-GNSS1.7.0.0
2025-04-30 15:03:04,237 [WARN] PackLoader:240 - Cannot read IP mode file for STMicroelectronics.X-CUBE-GNSS1.7.0.1
2025-04-30 15:03:04,258 [WARN] PackLoader:240 - Cannot read IP mode file for STMicroelectronics.X-CUBE-TOUCHGFX.4.25.0
2025-04-30 15:03:04,307 [WARN] PackLoader:240 - Cannot read IP mode file for STMicroelectronics.FP-SNS-STBOX1.2.0.0
2025-04-30 15:03:04,356 [WARN] PackLoader:240 - Cannot read IP mode file for STMicroelectronics.X-CUBE-AZRTOS-L5.1.1.0
2025-04-30 15:03:04,373 [WARN] PackLoader:240 - Cannot read IP mode file for STMicroelectronics.X-CUBE-AI.8.0.1
2025-04-30 15:03:04,402 [WARN] PackLoader:240 - Cannot read IP mode file for STMicroelectronics.X-CUBE-SUBG2.5.0.0
2025-04-30 15:03:04,466 [WARN] PackLoader:240 - Cannot read IP mode file for STMicroelectronics.X-CUBE-AZRTOS-H7RS.1.1.0
2025-04-30 15:03:04,515 [WARN] PackLoader:240 - Cannot read IP mode file for Cesanta.I-CUBE-Mongoose.7.13.0
2025-04-30 15:03:04,557 [WARN] PackLoader:240 - Cannot read IP mode file for STMicroelectronics.X-CUBE-TOF1.3.3.1
2025-04-30 15:03:04,599 [WARN] PackLoader:240 - Cannot read IP mode file for STMicroelectronics.X-CUBE-AZRTOS-G4.2.0.0
2025-04-30 15:03:04,634 [WARN] PackLoader:240 - Cannot read IP mode file for Infineon.AIROC-Wi-Fi-Bluetooth-STM32.1.5.1
2025-04-30 15:03:04,652 [WARN] PackLoader:240 - Cannot read IP mode file for STMicroelectronics.FP-SNS-MOTENVWB1.1.3.0
2025-04-30 15:03:04,658 [WARN] PackLoader:240 - Cannot read IP mode file for STMicroelectronics.X-CUBE-NFC7.2.0.0
2025-04-30 15:03:04,674 [WARN] PackLoader:240 - Cannot read IP mode file for STMicroelectronics.FP-SNS-MOTENVWB1.1.3.1
2025-04-30 15:03:04,687 [WARN] PackLoader:240 - Cannot read IP mode file for STMicroelectronics.X-CUBE-ISPU.2.0.0
2025-04-30 15:03:04,706 [WARN] PackLoader:240 - Cannot read IP mode file for STMicroelectronics.X-CUBE-IPS.3.1.0
2025-04-30 15:03:04,722 [WARN] PackLoader:240 - Cannot read IP mode file for STMicroelectronics.X-CUBE-ALS.1.0.2
2025-04-30 15:03:04,765 [WARN] PackLoader:240 - Cannot read IP mode file for STMicroelectronics.X-CUBE-MEMS1.10.0.0
2025-04-30 15:03:04,866 [WARN] PackLoader:240 - Cannot read IP mode file for STMicroelectronics.X-CUBE-FREERTOS.1.1.0
2025-04-30 15:03:04,876 [WARN] PackLoader:240 - Cannot read IP mode file for STMicroelectronics.X-CUBE-TOUCHGFX.4.24.0
2025-04-30 15:03:04,886 [WARN] PackLoader:240 - Cannot read IP mode file for STMicroelectronics.X-CUBE-TOUCHGFX.4.24.2
2025-04-30 15:03:04,897 [WARN] PackLoader:240 - Cannot read IP mode file for STMicroelectronics.X-CUBE-TOUCHGFX.4.24.1
2025-04-30 15:03:04,914 [WARN] PackLoader:240 - Cannot read IP mode file for portGmbH.I-Cube-SoM-uGOAL.1.1.0
2025-04-30 15:03:04,925 [WARN] PackLoader:240 - Cannot read IP mode file for STMicroelectronics.X-CUBE-ALS.1.0.1
2025-04-30 15:03:04,949 [WARN] PackLoader:240 - Cannot read IP mode file for STMicroelectronics.X-CUBE-AZRTOS-WB.1.1.0
2025-04-30 15:03:04,974 [WARN] PackLoader:240 - Cannot read IP mode file for STMicroelectronics.X-CUBE-AZRTOS-H7RS.1.0.0
2025-04-30 15:03:04,985 [WARN] PackLoader:240 - Cannot read IP mode file for STMicroelectronics.FP-ATR-ASTRA1.2.0.0
2025-04-30 15:03:05,000 [WARN] PackLoader:240 - Cannot read IP mode file for STMicroelectronics.X-CUBE-TOF1.3.4.2
2025-04-30 15:03:05,039 [WARN] PackLoader:240 - Cannot read IP mode file for STMicroelectronics.X-CUBE-TOF1.3.4.3
2025-04-30 15:03:05,059 [WARN] PackLoader:240 - Cannot read IP mode file for STMicroelectronics.X-CUBE-TOF1.3.4.0
2025-04-30 15:03:05,083 [WARN] PackLoader:240 - Cannot read IP mode file for STMicroelectronics.X-CUBE-TOF1.3.4.1
2025-04-30 15:03:05,122 [WARN] PackLoader:240 - Cannot read IP mode file for STMicroelectronics.X-CUBE-AZRTOS-H7.3.2.0
2025-04-30 15:03:05,135 [WARN] PackLoader:240 - Cannot read IP mode file for wolfSSL.I-CUBE-wolfSSH.1.4.17
2025-04-30 15:03:05,137 [INFO] ThirdParty:978 - Integrity check success = true
2025-04-30 15:03:05,138 [INFO] IntegrityCheckThread:100 - exiting critical section [integrity check]
2025-04-30 15:03:05,138 [INFO] IntegrityCheckThread:103 - End integrity checks thread
2025-04-30 15:06:38,410 [ERROR] LogOutputStream:75 - [STDERR_REDIRECT] 
