2024-09-15 14:25:40,774 [INFO] Activator:176 - 


2024-09-15 14:25:40,778 [INFO] Activator:177 - !SESSION log4j initialized
2024-09-15 14:25:46,668 [INFO] LogOutputStream:77 - [STDOUT_REDIRECT] 
2024-09-15 14:25:48,021 [INFO] ApplicationProperties:184 - Using Application install path: C:\ST\STM32CubeIDE_1.12.0\STM32CubeIDE\plugins\com.st.stm32cube.common.mx_6.12.0.202406281431
2024-09-15 14:25:48,037 [INFO] DbMcusXml:78 - Set database path to: C:\ST\STM32CubeIDE_1.12.0\STM32CubeIDE\plugins\com.st.stm32cube.common.mx_6.12.0.202406281431\\db\/mcu/
2024-09-15 14:25:48,037 [INFO] ApiDb:274 - Set plugin database path to: C:\ST\STM32CubeIDE_1.12.0\STM32CubeIDE\plugins\com.st.stm32cube.common.mx_6.12.0.202406281431\\db\/plugins/boardmanager/
2024-09-15 14:25:48,037 [WARN] ApiDb:259 - Overriding images path with different value:  => C:\ST\STM32CubeIDE_1.12.0\STM32CubeIDE\plugins\com.st.stm32cube.common.mx_6.12.0.202406281431\\db\/plugins/mcufinder/images/
2024-09-15 14:25:48,049 [INFO] ApiDb:250 - Set database path to: C:\Users\umutu\.stmcufinder\plugins\mcufinder//mcu/
2024-09-15 14:25:48,050 [INFO] DbMcusAds:125 - Set database path to: C:\Users\umutu\.stmcufinder\plugins\mcufinder//mcu/
2024-09-15 14:25:48,053 [INFO] CrossReferenceDbSqlite:203 - Set database path to: C:\Users\umutu\.stmcufinder\plugins\mcufinder//mcu/cs/
2024-09-15 14:25:48,180 [INFO] RulesReader:64 - Compatibility file has been processed (297 Rules)
2024-09-15 14:25:48,241 [INFO] DbMcusXml:78 - Set database path to: C:\ST\STM32CubeIDE_1.12.0\STM32CubeIDE\plugins\com.st.stm32cube.common.mx_6.12.0.202406281431\\db\/mcu/
2024-09-15 14:25:48,241 [INFO] ApiDb:274 - Set plugin database path to: C:\ST\STM32CubeIDE_1.12.0\STM32CubeIDE\plugins\com.st.stm32cube.common.mx_6.12.0.202406281431\\db\/plugins/boardmanager/
2024-09-15 14:25:48,241 [INFO] ApiDb:261 - Set plugin images path to: C:\ST\STM32CubeIDE_1.12.0\STM32CubeIDE\plugins\com.st.stm32cube.common.mx_6.12.0.202406281431\\db\/plugins/mcufinder/images/
2024-09-15 14:25:48,241 [WARN] DbFile:41 - Overriding database path with different value: C:\Users\umutu\.stmcufinder\plugins\mcufinder/ => C:\Users\umutu\.stmcufinder\plugins\mcufinder
2024-09-15 14:25:48,242 [INFO] ApiDb:250 - Set database path to: C:\Users\umutu\.stmcufinder\plugins\mcufinder//mcu/
2024-09-15 14:25:48,242 [WARN] DbFile:41 - Overriding database path with different value: C:\Users\umutu\.stmcufinder\plugins\mcufinder/ => C:\Users\umutu\.stmcufinder\plugins\mcufinder
2024-09-15 14:25:48,242 [INFO] DbMcusAds:125 - Set database path to: C:\Users\umutu\.stmcufinder\plugins\mcufinder//mcu/
2024-09-15 14:25:48,242 [WARN] DbFile:41 - Overriding database path with different value: C:\Users\umutu\.stmcufinder\plugins\mcufinder/ => C:\Users\umutu\.stmcufinder\plugins\mcufinder
2024-09-15 14:25:48,242 [WARN] DbFile:41 - Overriding database path with different value: C:\Users\umutu\.stmcufinder\plugins\mcufinder/ => C:\Users\umutu\.stmcufinder\plugins\mcufinder
2024-09-15 14:25:48,242 [INFO] CrossReferenceDbSqlite:203 - Set database path to: C:\Users\umutu\.stmcufinder\plugins\mcufinder//mcu/cs/
2024-09-15 14:25:48,312 [INFO] MainPanel:268 - HeapMemory: 268435456
2024-09-15 14:25:48,405 [INFO] DbMcusXml:78 - Set database path to: C:\ST\STM32CubeIDE_1.12.0\STM32CubeIDE\plugins\com.st.stm32cube.common.mx_6.12.0.202406281431\\db\/mcu/
2024-09-15 14:25:48,405 [INFO] ApiDb:274 - Set plugin database path to: C:\ST\STM32CubeIDE_1.12.0\STM32CubeIDE\plugins\com.st.stm32cube.common.mx_6.12.0.202406281431\\db\/plugins/boardmanager/
2024-09-15 14:25:48,405 [INFO] ApiDb:261 - Set plugin images path to: C:\ST\STM32CubeIDE_1.12.0\STM32CubeIDE\plugins\com.st.stm32cube.common.mx_6.12.0.202406281431\\db\/plugins/mcufinder/images/
2024-09-15 14:25:48,406 [WARN] DbFile:41 - Overriding database path with different value: C:\Users\umutu\.stmcufinder\plugins\mcufinder/ => C:\Users\umutu\.stmcufinder\plugins\mcufinder
2024-09-15 14:25:48,406 [INFO] ApiDb:250 - Set database path to: C:\Users\umutu\.stmcufinder\plugins\mcufinder//mcu/
2024-09-15 14:25:48,406 [WARN] DbFile:41 - Overriding database path with different value: C:\Users\umutu\.stmcufinder\plugins\mcufinder/ => C:\Users\umutu\.stmcufinder\plugins\mcufinder
2024-09-15 14:25:48,406 [INFO] DbMcusAds:125 - Set database path to: C:\Users\umutu\.stmcufinder\plugins\mcufinder//mcu/
2024-09-15 14:25:48,406 [WARN] DbFile:41 - Overriding database path with different value: C:\Users\umutu\.stmcufinder\plugins\mcufinder/ => C:\Users\umutu\.stmcufinder\plugins\mcufinder
2024-09-15 14:25:48,406 [WARN] DbFile:41 - Overriding database path with different value: C:\Users\umutu\.stmcufinder\plugins\mcufinder/ => C:\Users\umutu\.stmcufinder\plugins\mcufinder
2024-09-15 14:25:48,406 [INFO] CrossReferenceDbSqlite:203 - Set database path to: C:\Users\umutu\.stmcufinder\plugins\mcufinder//mcu/cs/
2024-09-15 14:25:48,420 [INFO] ApplicationProperties:184 - Using Application install path: C:\ST\STM32CubeIDE_1.12.0\STM32CubeIDE\plugins\com.st.stm32cube.common.mx_6.12.0.202406281431
2024-09-15 14:25:48,422 [INFO] PluginManage:196 - Search for loadable plugins [exclusion list=, ]
2024-09-15 14:25:48,422 [INFO] PluginManage:310 - Check plugin analytics
2024-09-15 14:25:48,563 [INFO] AnalyticsPlugin:253 - Accepted Software Licenses: 
2024-09-15 14:25:48,563 [INFO] AnalyticsPlugin:255 - Accepted CMSIS Pack Licenses: 
2024-09-15 14:25:48,563 [INFO] AnalyticsPlugin:257 - Accepted Firmware Licenses: 
2024-09-15 14:25:48,566 [INFO] PluginManage:359 - Loaded plugin analytics (category:tool,tabindex:-1)
2024-09-15 14:25:48,566 [INFO] PluginManage:310 - Check plugin cadmodel
2024-09-15 14:25:48,582 [INFO] CADModel:105 - Init CAD model plugin
2024-09-15 14:25:48,582 [INFO] PluginManage:359 - Loaded plugin cadmodel (category:power,tabindex:5)
2024-09-15 14:25:48,582 [INFO] PluginManage:310 - Check plugin clock
2024-09-15 14:25:48,595 [INFO] PluginManage:359 - Loaded plugin clock (category:base,tabindex:2)
2024-09-15 14:25:48,596 [INFO] PluginManage:310 - Check plugin ddr
2024-09-15 14:25:48,598 [INFO] PluginManage:359 - Loaded plugin ddr (category:tool,tabindex:6)
2024-09-15 14:25:48,598 [INFO] PluginManage:310 - Check plugin filemanager
2024-09-15 14:25:48,719 [INFO] PluginManage:359 - Loaded plugin filemanager (category:base,tabindex:10)
2024-09-15 14:25:48,719 [INFO] PluginManage:310 - Check plugin ipmanager
2024-09-15 14:25:48,726 [INFO] PluginManage:359 - Loaded plugin ipmanager (category:base,tabindex:5)
2024-09-15 14:25:48,727 [INFO] PluginManage:310 - Check plugin lpbam
2024-09-15 14:25:48,847 [INFO] PluginManage:359 - Loaded plugin lpbam (category:base,tabindex:0)
2024-09-15 14:25:48,847 [INFO] PluginManage:310 - Check plugin memorymap
2024-09-15 14:25:48,961 [INFO] PluginManage:359 - Loaded plugin memorymap (category:base,tabindex:4)
2024-09-15 14:25:48,961 [INFO] PluginManage:310 - Check plugin pinoutandconfiguration
2024-09-15 14:25:48,973 [INFO] PluginManage:359 - Loaded plugin pinoutandconfiguration (category:base,tabindex:1)
2024-09-15 14:25:48,973 [INFO] PluginManage:310 - Check plugin pinoutconfig
2024-09-15 14:25:49,050 [WARN] SupportedApi:132 - Cannot load RTOS API schema: s4s-elt-must-match.1: The content of 'definitions' must match (annotation?, (simpleType | complexType)?, (unique | key | keyref)*)). A problem was found starting at: attribute.
2024-09-15 14:25:49,164 [INFO] PluginManage:359 - Loaded plugin pinoutconfig (category:base,tabindex:0)
2024-09-15 14:25:49,164 [INFO] PluginManage:310 - Check plugin power
2024-09-15 14:25:49,194 [INFO] PluginManage:359 - Loaded plugin power (category:power,tabindex:4)
2024-09-15 14:25:49,194 [INFO] PluginManage:310 - Check plugin projectmanager
2024-09-15 14:25:49,206 [INFO] PluginManage:359 - Loaded plugin projectmanager (category:projectmanager,tabindex:4)
2024-09-15 14:25:49,206 [INFO] PluginManage:310 - Check plugin rif
2024-09-15 14:25:49,215 [INFO] PluginManage:359 - Loaded plugin rif (category:base,tabindex:3)
2024-09-15 14:25:49,215 [INFO] PluginManage:310 - Check plugin thirdparty
2024-09-15 14:25:49,425 [INFO] PluginManage:359 - Loaded plugin thirdparty (category:base,tabindex:-1)
2024-09-15 14:25:49,425 [WARN] IntegrityCheckThread:84 - waiting for thirdparty lock release [integrity check]
2024-09-15 14:25:49,425 [INFO] IntegrityCheckThread:86 - entering critical section [integrity check]
2024-09-15 14:25:49,425 [INFO] PluginManage:310 - Check plugin tools
2024-09-15 14:25:49,426 [INFO] ThirdPartyUpdaterWithRetryManager:70 - Updater plugin not ready yet. [1/15]
2024-09-15 14:25:49,446 [INFO] PluginManage:359 - Loaded plugin tools (category:base,tabindex:7)
2024-09-15 14:25:49,446 [INFO] PluginManage:310 - Check plugin tutovideos
2024-09-15 14:25:49,637 [INFO] PluginManage:359 - Loaded plugin tutovideos (category:base,tabindex:-1)
2024-09-15 14:25:49,637 [INFO] PluginManage:310 - Check plugin updater
2024-09-15 14:25:49,652 [INFO] PluginManage:359 - Loaded plugin updater (category:base,tabindex:12)
2024-09-15 14:25:49,652 [INFO] PluginManage:310 - Check plugin userauth
2024-09-15 14:25:49,659 [INFO] UserAuth:113 - Init User Auth plugin
2024-09-15 14:25:49,659 [INFO] PluginManage:359 - Loaded plugin userauth (category:base,tabindex:14)
2024-09-15 14:25:49,659 [INFO] PluginManage:283 - PluginManage : Loaded plugins [18]
2024-09-15 14:25:49,829 [INFO] PinOutPanel:1561 - setPackage(No Configuration,No Configuration)
2024-09-15 14:25:49,900 [INFO] CADModel:165 - CPN selected for project level
2024-09-15 14:25:49,900 [INFO] CADModel:114 - Register for checkConnection events
2024-09-15 14:25:49,946 [INFO] IPUIPlugin:80 - create IPUIPlugin
2024-09-15 14:25:49,946 [INFO] PluginManager:220 - loadIPPluginJar : add adc
2024-09-15 14:25:49,961 [INFO] IPUIPlugin:80 - create IPUIPlugin
2024-09-15 14:25:49,961 [INFO] PluginManager:220 - loadIPPluginJar : add aes
2024-09-15 14:25:49,978 [INFO] IPUIPlugin:80 - create IPUIPlugin
2024-09-15 14:25:49,979 [INFO] PluginManager:220 - loadIPPluginJar : add can
2024-09-15 14:25:49,989 [INFO] IPUIPlugin:80 - create IPUIPlugin
2024-09-15 14:25:49,990 [INFO] PluginManager:220 - loadIPPluginJar : add comp
2024-09-15 14:25:50,004 [INFO] IPUIPlugin:80 - create IPUIPlugin
2024-09-15 14:25:50,004 [INFO] PluginManager:220 - loadIPPluginJar : add cryp
2024-09-15 14:25:50,012 [INFO] IPUIPlugin:80 - create IPUIPlugin
2024-09-15 14:25:50,012 [INFO] PluginManager:220 - loadIPPluginJar : add ddr_ctrl_phy
2024-09-15 14:25:50,026 [INFO] IPUIPlugin:80 - create IPUIPlugin
2024-09-15 14:25:50,027 [INFO] PluginManager:220 - loadIPPluginJar : add dfsdm
2024-09-15 14:25:50,066 [INFO] IPUIPlugin:80 - create IPUIPlugin
2024-09-15 14:25:50,067 [INFO] PluginManager:220 - loadIPPluginJar : add dma
2024-09-15 14:25:50,085 [INFO] IPUIPlugin:80 - create IPUIPlugin
2024-09-15 14:25:50,086 [INFO] PluginManager:220 - loadIPPluginJar : add dma3
2024-09-15 14:25:50,103 [INFO] IPUIPlugin:80 - create IPUIPlugin
2024-09-15 14:25:50,103 [INFO] PluginManager:220 - loadIPPluginJar : add extmemmanager
2024-09-15 14:25:50,113 [INFO] IPUIPlugin:80 - create IPUIPlugin
2024-09-15 14:25:50,113 [INFO] PluginManager:220 - loadIPPluginJar : add fatfs
2024-09-15 14:25:50,132 [INFO] IPUIPlugin:80 - create IPUIPlugin
2024-09-15 14:25:50,132 [INFO] PluginManager:220 - loadIPPluginJar : add fmc
2024-09-15 14:25:50,141 [INFO] IPUIPlugin:80 - create IPUIPlugin
2024-09-15 14:25:50,142 [INFO] PluginManager:220 - loadIPPluginJar : add freertos
2024-09-15 14:25:50,151 [INFO] IPUIPlugin:80 - create IPUIPlugin
2024-09-15 14:25:50,152 [INFO] PluginManager:220 - loadIPPluginJar : add genericplugin
2024-09-15 14:25:50,183 [INFO] IPUIPlugin:80 - create IPUIPlugin
2024-09-15 14:25:50,184 [INFO] PluginManager:220 - loadIPPluginJar : add gfxmmu
2024-09-15 14:25:50,228 [INFO] IPUIPlugin:80 - create IPUIPlugin
2024-09-15 14:25:50,228 [INFO] PluginManager:220 - loadIPPluginJar : add gic
2024-09-15 14:25:50,306 [INFO] IPUIPlugin:80 - create IPUIPlugin
2024-09-15 14:25:50,306 [INFO] PluginManager:220 - loadIPPluginJar : add gpio
2024-09-15 14:25:50,335 [INFO] IPUIPlugin:80 - create IPUIPlugin
2024-09-15 14:25:50,335 [INFO] PluginManager:220 - loadIPPluginJar : add gtzc
2024-09-15 14:25:50,349 [INFO] IPUIPlugin:80 - create IPUIPlugin
2024-09-15 14:25:50,349 [INFO] PluginManager:220 - loadIPPluginJar : add hash
2024-09-15 14:25:50,370 [INFO] IPUIPlugin:80 - create IPUIPlugin
2024-09-15 14:25:50,371 [INFO] PluginManager:220 - loadIPPluginJar : add i2c
2024-09-15 14:25:50,386 [INFO] IPUIPlugin:80 - create IPUIPlugin
2024-09-15 14:25:50,386 [INFO] PluginManager:220 - loadIPPluginJar : add i2s
2024-09-15 14:25:50,403 [INFO] IPUIPlugin:80 - create IPUIPlugin
2024-09-15 14:25:50,403 [INFO] PluginManager:220 - loadIPPluginJar : add i3c
2024-09-15 14:25:50,430 [INFO] IPUIPlugin:80 - create IPUIPlugin
2024-09-15 14:25:50,430 [INFO] PluginManager:220 - loadIPPluginJar : add ipddr
2024-09-15 14:25:50,465 [INFO] IPUIPlugin:80 - create IPUIPlugin
2024-09-15 14:25:50,465 [INFO] PluginManager:220 - loadIPPluginJar : add linkedlist
2024-09-15 14:25:50,481 [INFO] IPUIPlugin:80 - create IPUIPlugin
2024-09-15 14:25:50,481 [INFO] PluginManager:220 - loadIPPluginJar : add lorawan
2024-09-15 14:25:50,495 [INFO] IPUIPlugin:80 - create IPUIPlugin
2024-09-15 14:25:50,495 [INFO] PluginManager:220 - loadIPPluginJar : add ltdc
2024-09-15 14:25:50,562 [INFO] IPUIPlugin:80 - create IPUIPlugin
2024-09-15 14:25:50,562 [INFO] PluginManager:220 - loadIPPluginJar : add mdma
2024-09-15 14:25:50,637 [INFO] IPUIPlugin:80 - create IPUIPlugin
2024-09-15 14:25:50,637 [INFO] PluginManager:220 - loadIPPluginJar : add nvic
2024-09-15 14:25:50,653 [INFO] IPUIPlugin:80 - create IPUIPlugin
2024-09-15 14:25:50,653 [INFO] PluginManager:220 - loadIPPluginJar : add opamp
2024-09-15 14:25:50,676 [INFO] IPUIPlugin:80 - create IPUIPlugin
2024-09-15 14:25:50,676 [INFO] PluginManager:220 - loadIPPluginJar : add openamp
2024-09-15 14:25:50,694 [INFO] IPUIPlugin:80 - create IPUIPlugin
2024-09-15 14:25:50,694 [INFO] PluginManager:220 - loadIPPluginJar : add pdm2pcm
2024-09-15 14:25:50,766 [INFO] IPUIPlugin:80 - create IPUIPlugin
2024-09-15 14:25:50,768 [INFO] PluginManager:220 - loadIPPluginJar : add plateformsettings
2024-09-15 14:25:50,779 [INFO] IPUIPlugin:80 - create IPUIPlugin
2024-09-15 14:25:50,779 [INFO] PluginManager:220 - loadIPPluginJar : add quadspi
2024-09-15 14:25:50,791 [INFO] IPUIPlugin:80 - create IPUIPlugin
2024-09-15 14:25:50,792 [INFO] PluginManager:220 - loadIPPluginJar : add radio
2024-09-15 14:25:50,799 [INFO] IPUIPlugin:80 - create IPUIPlugin
2024-09-15 14:25:50,799 [INFO] PluginManager:220 - loadIPPluginJar : add resmgrutility
2024-09-15 14:25:50,817 [INFO] IPUIPlugin:80 - create IPUIPlugin
2024-09-15 14:25:50,817 [INFO] PluginManager:220 - loadIPPluginJar : add sai
2024-09-15 14:25:50,832 [INFO] IPUIPlugin:80 - create IPUIPlugin
2024-09-15 14:25:50,833 [INFO] PluginManager:220 - loadIPPluginJar : add spi
2024-09-15 14:25:50,857 [INFO] IPUIPlugin:80 - create IPUIPlugin
2024-09-15 14:25:50,857 [INFO] PluginManager:220 - loadIPPluginJar : add stm32_wpan
2024-09-15 14:25:50,867 [INFO] IPUIPlugin:80 - create IPUIPlugin
2024-09-15 14:25:50,867 [INFO] PluginManager:220 - loadIPPluginJar : add tim
2024-09-15 14:25:50,890 [INFO] IPUIPlugin:80 - create IPUIPlugin
2024-09-15 14:25:50,890 [INFO] PluginManager:220 - loadIPPluginJar : add touchsensing
2024-09-15 14:25:50,901 [INFO] IPUIPlugin:80 - create IPUIPlugin
2024-09-15 14:25:50,901 [INFO] PluginManager:220 - loadIPPluginJar : add tracer_emb
2024-09-15 14:25:50,913 [INFO] IPUIPlugin:80 - create IPUIPlugin
2024-09-15 14:25:50,913 [INFO] PluginManager:220 - loadIPPluginJar : add ts
2024-09-15 14:25:50,924 [INFO] IPUIPlugin:80 - create IPUIPlugin
2024-09-15 14:25:50,924 [INFO] PluginManager:220 - loadIPPluginJar : add tsc
2024-09-15 14:25:50,935 [INFO] IPUIPlugin:80 - create IPUIPlugin
2024-09-15 14:25:50,935 [INFO] PluginManager:220 - loadIPPluginJar : add ucpd
2024-09-15 14:25:50,952 [INFO] IPUIPlugin:80 - create IPUIPlugin
2024-09-15 14:25:50,952 [INFO] PluginManager:220 - loadIPPluginJar : add usart
2024-09-15 14:25:50,968 [INFO] IPUIPlugin:80 - create IPUIPlugin
2024-09-15 14:25:50,969 [INFO] PluginManager:220 - loadIPPluginJar : add usbx
2024-09-15 14:25:51,083 [INFO] CADModel:165 - CPN selected for project level
2024-09-15 14:25:51,083 [INFO] CADModel:114 - Register for checkConnection events
2024-09-15 14:25:51,083 [FATAL] Updater:334 - Updater called before beeing initialized
2024-09-15 14:25:51,084 [ERROR] CADModel:125 - Updater not yet initialized, retry later 
2024-09-15 14:25:51,204 [INFO] CADModel:165 - CPN selected for project level
2024-09-15 14:25:51,204 [INFO] CADModel:114 - Register for checkConnection events
2024-09-15 14:25:51,204 [FATAL] Updater:334 - Updater called before beeing initialized
2024-09-15 14:25:51,204 [ERROR] CADModel:125 - Updater not yet initialized, retry later 
2024-09-15 14:25:51,207 [FATAL] Updater:334 - Updater called before beeing initialized
2024-09-15 14:25:51,293 [FATAL] Updater:334 - Updater called before beeing initialized
2024-09-15 14:25:51,305 [INFO] DbMcusAds:53 - JSON generation date=Thu May 16 12:22:00 TRT 2024 (1715851320667)
2024-09-15 14:25:51,305 [FATAL] Updater:334 - Updater called before beeing initialized
2024-09-15 14:25:51,381 [WARN] DetailPanel:346 - Failed to get advertising image, set to default
2024-09-15 14:25:51,449 [FATAL] Updater:334 - Updater called before beeing initialized
2024-09-15 14:25:51,450 [FATAL] Updater:334 - Updater called before beeing initialized
2024-09-15 14:25:51,450 [FATAL] Updater:334 - Updater called before beeing initialized
2024-09-15 14:25:51,450 [WARN] DetailPanel:346 - Failed to get advertising image, set to default
2024-09-15 14:25:51,451 [FATAL] Updater:334 - Updater called before beeing initialized
2024-09-15 14:25:51,496 [ERROR] Updater:1164 - MainUpdater not yet initialized. External WinMGr cannot be set.
2024-09-15 14:25:51,500 [INFO] Updater:1100 - Updater Version found : 6.12.0
2024-09-15 14:25:51,515 [INFO] ApplicationProperties:184 - Using Application install path: C:\ST\STM32CubeIDE_1.12.0\STM32CubeIDE\plugins\com.st.stm32cube.common.mx_6.12.0.202406281431
2024-09-15 14:25:52,428 [INFO] ThirdPartyUpdaterWithRetryManager:70 - Updater plugin not ready yet. [2/15]
2024-09-15 14:25:53,101 [ERROR] LogOutputStream:75 - [STDERR_REDIRECT] Sep 15, 2024 2:25:53 PM java.util.prefs.WindowsPreferences <init>
2024-09-15 14:25:53,105 [ERROR] LogOutputStream:75 - [STDERR_REDIRECT] WARNING: Could not open/create prefs root node Software\JavaSoft\Prefs at root 0xffffffff80000002. Windows RegCreateKeyEx(...) returned error code 5.
2024-09-15 14:25:53,105 [ERROR] LogOutputStream:75 - [STDERR_REDIRECT] 
2024-09-15 14:25:53,400 [INFO] MainUpdater:2873 - connection check result : 10
2024-09-15 14:25:53,400 [INFO] MainUpdater:3567 - Updater definition file requires update
2024-09-15 14:25:53,401 [INFO] MainUpdater:290 - Updater Check For Update Now.
2024-09-15 14:25:53,401 [INFO] MicroXplorer:498 - Change Database Version : DB.6.0.120
2024-09-15 14:25:53,408 [INFO] McuFinderGlobals:63 - Set McuFinder mode to 2 (CubeIDE integrated)
2024-09-15 14:25:53,413 [INFO] UserAuth:417 - Internet connection configuration mode: 1
2024-09-15 14:25:53,427 [INFO] JxBrowserEngine:152 - Initiate JxBrowser Engine with user profile folder
2024-09-15 14:25:53,495 [INFO] ServerAccessManage:473 - Download File updaters.zip
2024-09-15 14:25:53,560 [INFO] FileExtend:240 - Unzip File : updaters.zip
2024-09-15 14:25:53,560 [INFO] FileExtend:255 - Standard Zip Deflate
2024-09-15 14:25:53,788 [INFO] ServerAccessManage:473 - Download File PacksControlFlags.xml
2024-09-15 14:25:53,859 [INFO] ServerAccessManage:473 - Download File cubemx.pidx
2024-09-15 14:25:53,934 [INFO] LoadServerUpdatesThread:375 - End of LoadServerUpdate Thread
2024-09-15 14:25:54,092 [INFO] CheckServerUpdateThread:120 - End of CheckServer Thread
2024-09-15 14:25:55,575 [INFO] WebApp:167 - Instantiating new browser for Auth
2024-09-15 14:25:55,882 [WARN] PackLoader:240 - Cannot read IP mode file for STMicroelectronics.FP-SNS-MOTENVWB1.1.4.0
2024-09-15 14:25:55,915 [WARN] PackLoader:240 - Cannot read IP mode file for STMicroelectronics.X-CUBE-SMBUS.2.1.0
2024-09-15 14:25:55,933 [WARN] PackLoader:240 - Cannot read IP mode file for STMicroelectronics.X-CUBE-TOUCHGFX.4.23.0
2024-09-15 14:25:55,990 [WARN] PackLoader:240 - Cannot read IP mode file for STMicroelectronics.X-CUBE-AZRTOS-F7.1.1.0
2024-09-15 14:25:56,013 [WARN] PackLoader:240 - Cannot read IP mode file for STMicroelectronics.FP-SNS-MOTENV1.4.3.2
2024-09-15 14:25:56,137 [WARN] PackLoader:240 - Cannot read IP mode file for STMicroelectronics.X-CUBE-MEMS1.11.0.0
2024-09-15 14:25:56,345 [WARN] PackLoader:240 - Cannot read IP mode file for STMicroelectronics.X-CUBE-BLE1.6.2.4
2024-09-15 14:25:56,368 [WARN] PackLoader:240 - Cannot read IP mode file for STMicroelectronics.FP-SNS-FLIGHT1.5.0.2
2024-09-15 14:25:56,390 [WARN] PackLoader:240 - Cannot read IP mode file for STMicroelectronics.X-CUBE-DISPLAY.3.0.0
2024-09-15 14:25:56,412 [WARN] PackLoader:240 - Cannot read IP mode file for STMicroelectronics.X-CUBE-BLE1.7.0.0
2024-09-15 14:25:56,442 [WARN] PackLoader:240 - Cannot read IP mode file for emotas.I-CUBE-CANOPEN.1.3.0
2024-09-15 14:25:56,458 [WARN] PackLoader:240 - Cannot read IP mode file for STMicroelectronics.X-CUBE-TOUCHGFX.4.22.0
2024-09-15 14:25:56,525 [WARN] PackLoader:240 - Cannot read IP mode file for STMicroelectronics.X-CUBE-TOUCHGFX.4.22.1
2024-09-15 14:25:56,633 [WARN] PackLoader:240 - Cannot read IP mode file for STMicroelectronics.X-CUBE-BLEMGR.3.1.0
2024-09-15 14:25:56,668 [WARN] PackLoader:240 - Cannot read IP mode file for STMicroelectronics.FP-SNS-SMARTAG2.1.2.0
2024-09-15 14:25:56,729 [INFO] LogOutputStream:77 - [STDOUT_REDIRECT] 1 : Invalid condition id : UX_CORESTACK_Condition cause : null
2024-09-15 14:25:56,731 [INFO] LogOutputStream:77 - [STDOUT_REDIRECT] 1 : Invalid condition id : UX_CORESTACK_Condition cause : null
2024-09-15 14:25:56,733 [INFO] LogOutputStream:77 - [STDOUT_REDIRECT] 1 : Invalid condition id : UX_CORESTACK_Condition cause : null
2024-09-15 14:25:56,734 [INFO] LogOutputStream:77 - [STDOUT_REDIRECT] 1 : Invalid condition id : UX_CORESTACK_Condition cause : null
2024-09-15 14:25:56,736 [INFO] LogOutputStream:77 - [STDOUT_REDIRECT] 1 : Invalid condition id : UX_CORESTACK_Condition cause : null
2024-09-15 14:25:56,740 [WARN] PackLoader:240 - Cannot read IP mode file for STMicroelectronics.X-CUBE-AZRTOS-WL.2.0.0
2024-09-15 14:25:56,762 [WARN] PackLoader:240 - Cannot read IP mode file for STMicroelectronics.FP-SNS-MOTENV1.5.0.0
2024-09-15 14:25:56,776 [INFO] WebApp:448 - Apply proxy settings
2024-09-15 14:25:56,777 [INFO] WebApp:533 - Chromium requires no authentication
2024-09-15 14:25:56,789 [WARN] PackLoader:240 - Cannot read IP mode file for wolfSSL.I-CUBE-wolfMQTT.1.19.0
2024-09-15 14:25:56,791 [INFO] WebApp:476 - Direct internet connection detected
2024-09-15 14:25:56,809 [WARN] PackLoader:240 - Cannot read IP mode file for WES.I-CUBE-Cesium.1.3.0
2024-09-15 14:25:56,825 [WARN] PackLoader:240 - Cannot read IP mode file for STMicroelectronics.X-CUBE-BLE2.3.3.0
2024-09-15 14:25:56,839 [INFO] WebApp:869 - Register for checkConnection events
2024-09-15 14:25:56,839 [INFO] WebApp:448 - Apply proxy settings
2024-09-15 14:25:56,839 [INFO] WebApp:533 - Chromium requires no authentication
2024-09-15 14:25:56,840 [INFO] WebApp:476 - Direct internet connection detected
2024-09-15 14:25:56,850 [WARN] PackLoader:240 - Cannot read IP mode file for STMicroelectronics.X-CUBE-TCPP.4.1.0
2024-09-15 14:25:56,884 [WARN] PackLoader:240 - Cannot read IP mode file for STMicroelectronics.X-CUBE-ALGOBUILD.1.3.0
2024-09-15 14:25:56,930 [WARN] PackLoader:240 - Cannot read IP mode file for STMicroelectronics.X-CUBE-AZRTOS-G0.1.1.0
2024-09-15 14:25:56,959 [WARN] PackLoader:240 - Cannot read IP mode file for STMicroelectronics.X-CUBE-SAFEA1.1.2.2
2024-09-15 14:25:56,982 [WARN] PackLoader:240 - Cannot read IP mode file for STMicroelectronics.X-CUBE-NFC4.3.0.0
2024-09-15 14:25:57,042 [WARN] PackLoader:240 - Cannot read IP mode file for EmbeddedOffice.I-CUBE-FS-RTOS.1.0.1
2024-09-15 14:25:57,048 [ERROR] ConditionMgr:805 - Attr not supported : Dmpu
2024-09-15 14:25:57,050 [ERROR] ConditionMgr:805 - Attr not supported : Dmpu
2024-09-15 14:25:57,055 [ERROR] ConditionMgr:805 - Attr not supported : Dmpu
2024-09-15 14:25:57,056 [ERROR] ConditionMgr:805 - Attr not supported : Dmpu
2024-09-15 14:25:57,058 [ERROR] ConditionMgr:805 - Attr not supported : Dmpu
2024-09-15 14:25:57,058 [ERROR] ConditionMgr:805 - Attr not supported : Dmpu
2024-09-15 14:25:57,058 [ERROR] ConditionMgr:805 - Attr not supported : Dmpu
2024-09-15 14:25:57,058 [ERROR] ConditionMgr:805 - Attr not supported : Dmpu
2024-09-15 14:25:57,058 [ERROR] ConditionMgr:805 - Attr not supported : Dmpu
2024-09-15 14:25:57,063 [ERROR] ConditionMgr:805 - Attr not supported : Dmpu
2024-09-15 14:25:57,063 [ERROR] ConditionMgr:805 - Attr not supported : Dmpu
2024-09-15 14:25:57,063 [ERROR] ConditionMgr:805 - Attr not supported : Dmpu
2024-09-15 14:25:57,065 [ERROR] ConditionMgr:805 - Attr not supported : Dmpu
2024-09-15 14:25:57,071 [ERROR] ConditionMgr:805 - Attr not supported : Dmpu
2024-09-15 14:25:57,074 [ERROR] ConditionMgr:805 - Attr not supported : Dmpu
2024-09-15 14:25:57,074 [ERROR] ConditionMgr:805 - Attr not supported : Dmpu
2024-09-15 14:25:57,074 [ERROR] ConditionMgr:805 - Attr not supported : Dmpu
2024-09-15 14:25:57,074 [ERROR] ConditionMgr:805 - Attr not supported : Dmpu
2024-09-15 14:25:57,074 [ERROR] ConditionMgr:805 - Attr not supported : Dmpu
2024-09-15 14:25:57,074 [ERROR] ConditionMgr:805 - Attr not supported : Dmpu
2024-09-15 14:25:57,074 [ERROR] ConditionMgr:805 - Attr not supported : Dmpu
2024-09-15 14:25:57,074 [ERROR] ConditionMgr:805 - Attr not supported : Dmpu
2024-09-15 14:25:57,074 [ERROR] ConditionMgr:805 - Attr not supported : Dmpu
2024-09-15 14:25:57,074 [ERROR] ConditionMgr:805 - Attr not supported : Dmpu
2024-09-15 14:25:57,074 [ERROR] ConditionMgr:805 - Attr not supported : Dmpu
2024-09-15 14:25:57,075 [ERROR] ConditionMgr:805 - Attr not supported : Dmpu
2024-09-15 14:25:57,075 [ERROR] ConditionMgr:805 - Attr not supported : Dmpu
2024-09-15 14:25:57,075 [ERROR] ConditionMgr:805 - Attr not supported : Dmpu
2024-09-15 14:25:57,075 [ERROR] ConditionMgr:805 - Attr not supported : Dmpu
2024-09-15 14:25:57,075 [ERROR] ConditionMgr:805 - Attr not supported : Dmpu
2024-09-15 14:25:57,075 [ERROR] ConditionMgr:805 - Attr not supported : Dmpu
2024-09-15 14:25:57,075 [ERROR] ConditionMgr:805 - Attr not supported : Dmpu
2024-09-15 14:25:57,075 [ERROR] ConditionMgr:805 - Attr not supported : Dmpu
2024-09-15 14:25:57,075 [ERROR] ConditionMgr:805 - Attr not supported : Dmpu
2024-09-15 14:25:57,075 [ERROR] ConditionMgr:805 - Attr not supported : Dmpu
2024-09-15 14:25:57,075 [ERROR] ConditionMgr:805 - Attr not supported : Dmpu
2024-09-15 14:25:57,075 [ERROR] ConditionMgr:805 - Attr not supported : Dmpu
2024-09-15 14:25:57,076 [ERROR] ConditionMgr:805 - Attr not supported : Dmpu
2024-09-15 14:25:57,076 [ERROR] ConditionMgr:805 - Attr not supported : Dmpu
2024-09-15 14:25:57,076 [ERROR] ConditionMgr:805 - Attr not supported : Dmpu
2024-09-15 14:25:57,076 [ERROR] ConditionMgr:805 - Attr not supported : Dmpu
2024-09-15 14:25:57,076 [ERROR] ConditionMgr:805 - Attr not supported : Dmpu
2024-09-15 14:25:57,076 [ERROR] ConditionMgr:805 - Attr not supported : Dmpu
2024-09-15 14:25:57,078 [ERROR] ConditionMgr:805 - Attr not supported : Dmpu
2024-09-15 14:25:57,079 [ERROR] ConditionMgr:805 - Attr not supported : Dmpu
2024-09-15 14:25:57,079 [ERROR] ConditionMgr:805 - Attr not supported : Dmpu
2024-09-15 14:25:57,079 [ERROR] ConditionMgr:805 - Attr not supported : Dmpu
2024-09-15 14:25:57,079 [ERROR] ConditionMgr:805 - Attr not supported : Dmpu
2024-09-15 14:25:57,080 [ERROR] ConditionMgr:805 - Attr not supported : Dmpu
2024-09-15 14:25:57,080 [ERROR] ConditionMgr:805 - Attr not supported : Dmpu
2024-09-15 14:25:57,081 [ERROR] ConditionMgr:805 - Attr not supported : Dmpu
2024-09-15 14:25:57,081 [ERROR] ConditionMgr:805 - Attr not supported : Dmpu
2024-09-15 14:25:57,081 [ERROR] ConditionMgr:805 - Attr not supported : Dmpu
2024-09-15 14:25:57,081 [ERROR] ConditionMgr:805 - Attr not supported : Dmpu
2024-09-15 14:25:57,081 [ERROR] ConditionMgr:805 - Attr not supported : Dmpu
2024-09-15 14:25:57,081 [ERROR] ConditionMgr:805 - Attr not supported : Dmpu
2024-09-15 14:25:57,081 [ERROR] ConditionMgr:805 - Attr not supported : Dmpu
2024-09-15 14:25:57,082 [ERROR] ConditionMgr:805 - Attr not supported : Dmpu
2024-09-15 14:25:57,082 [ERROR] ConditionMgr:805 - Attr not supported : Dmpu
2024-09-15 14:25:57,082 [ERROR] ConditionMgr:805 - Attr not supported : Dmpu
2024-09-15 14:25:57,082 [ERROR] ConditionMgr:805 - Attr not supported : Dmpu
2024-09-15 14:25:57,082 [ERROR] ConditionMgr:805 - Attr not supported : Dmpu
2024-09-15 14:25:57,082 [ERROR] ConditionMgr:805 - Attr not supported : Dmpu
2024-09-15 14:25:57,082 [ERROR] ConditionMgr:805 - Attr not supported : Dmpu
2024-09-15 14:25:57,112 [WARN] PackLoader:240 - Cannot read IP mode file for STMicroelectronics.X-CUBE-BLEMGR.3.0.0
2024-09-15 14:25:57,138 [WARN] PackLoader:240 - Cannot read IP mode file for RealThread.X-CUBE-RT-Thread_Nano.4.1.1
2024-09-15 14:25:57,155 [INFO] WebApp:220 - Starting web application
2024-09-15 14:25:57,156 [INFO] WebApp:578 - Web application path used C:\ST\STM32CubeIDE_1.12.0\STM32CubeIDE\plugins\com.st.stm32cube.common.mx_6.12.0.202406281431\db\plugins\mcufinder\reactClient1\index.html
2024-09-15 14:25:57,160 [WARN] PackLoader:240 - Cannot read IP mode file for STMicroelectronics.FP-ATR-SIGFOX1.3.2.0
2024-09-15 14:25:57,193 [WARN] PackLoader:240 - Cannot read IP mode file for STMicroelectronics.X-CUBE-EEPRMA1.5.1.0
2024-09-15 14:25:57,335 [WARN] PackLoader:240 - Cannot read IP mode file for SEGGER.I-CUBE-embOS.1.3.1
2024-09-15 14:25:57,365 [INFO] UserAuth:417 - Internet connection configuration mode: 1
2024-09-15 14:25:57,419 [WARN] PackLoader:240 - Cannot read IP mode file for STMicroelectronics.X-CUBE-ALGOBUILD.1.4.0
2024-09-15 14:25:57,438 [WARN] PackLoader:240 - Cannot read IP mode file for STMicroelectronics.X-CUBE-GNSS1.6.0.0
2024-09-15 14:25:57,503 [WARN] PackLoader:240 - Cannot read IP mode file for STMicroelectronics.X-CUBE-AZRTOS-F4.1.1.0
2024-09-15 14:25:57,525 [WARN] PackLoader:240 - Cannot read IP mode file for wolfSSL.I-CUBE-wolfSSL.5.6.3
2024-09-15 14:25:57,543 [WARN] PackLoader:240 - Cannot read IP mode file for STMicroelectronics.X-CUBE-FREERTOS.1.2.0
2024-09-15 14:25:57,586 [WARN] PackLoader:240 - Cannot read IP mode file for STMicroelectronics.X-CUBE-AZRTOS-L5.2.0.0
2024-09-15 14:25:57,681 [WARN] PackLoader:240 - Cannot read IP mode file for STMicroelectronics.X-CUBE-MEMS1.9.6.0
2024-09-15 14:25:58,001 [INFO] WebApp:186 - Connection restablished
2024-09-15 14:25:58,258 [WARN] PackLoader:240 - Cannot read IP mode file for STMicroelectronics.X-CUBE-EEPRMA1.4.2.0
2024-09-15 14:25:58,280 [WARN] PackLoader:240 - Cannot read IP mode file for STMicroelectronics.X-CUBE-NFC6.3.1.0
2024-09-15 14:25:58,305 [WARN] PackLoader:240 - Cannot read IP mode file for ITTIA_DB.I-CUBE-ITTIADB.8.8.0
2024-09-15 14:25:58,331 [WARN] PackLoader:240 - Cannot read IP mode file for STMicroelectronics.X-CUBE-BLEMGR.2.0.0
2024-09-15 14:25:58,374 [WARN] PackLoader:240 - Cannot read IP mode file for STMicroelectronics.X-CUBE-DPower.1.2.0
2024-09-15 14:25:58,404 [WARN] PackLoader:240 - Cannot read IP mode file for STMicroelectronics.X-CUBE-AI.9.0.0
2024-09-15 14:25:58,447 [WARN] ConditionMgr:438 - getConditionDescription Invalid condition id : UX DEVICE CLASS RTOS Condition cause : null
2024-09-15 14:25:58,448 [WARN] ConditionMgr:438 - getConditionDescription Invalid condition id : UX DEVICE CLASS RTOS Condition cause : null
2024-09-15 14:25:58,451 [WARN] PackLoader:240 - Cannot read IP mode file for STMicroelectronics.X-CUBE-AZRTOS-H7.3.1.0
2024-09-15 14:25:58,453 [WARN] ConditionMgr:1039 - genDependencies : Invalid condition id : UX DEVICE CLASS RTOS Condition cause : null
2024-09-15 14:25:58,453 [WARN] ConditionMgr:1039 - genDependencies : Invalid condition id : UX DEVICE CLASS RTOS Condition cause : null
2024-09-15 14:25:58,454 [WARN] ConditionMgr:1039 - genDependencies : Invalid condition id : UX DEVICE CLASS RTOS Condition cause : null
2024-09-15 14:25:58,455 [WARN] ConditionMgr:1039 - genDependencies : Invalid condition id : UX DEVICE CLASS RTOS Condition cause : null
2024-09-15 14:25:58,455 [WARN] ConditionMgr:1039 - genDependencies : Invalid condition id : UX DEVICE CLASS RTOS Condition cause : null
2024-09-15 14:25:58,492 [WARN] PackLoader:240 - Cannot read IP mode file for STMicroelectronics.X-CUBE-NFC7.1.0.1
2024-09-15 14:25:58,521 [WARN] PackLoader:240 - Cannot read IP mode file for wolfSSL.I-CUBE-wolfTPM.3.2.0
2024-09-15 14:25:58,542 [WARN] PackLoader:240 - Cannot read IP mode file for STMicroelectronics.X-CUBE-NFC6.3.0.0
2024-09-15 14:25:58,569 [WARN] PackLoader:240 - Cannot read IP mode file for STMicroelectronics.X-CUBE-EEPRMA1.4.1.0
2024-09-15 14:25:58,590 [WARN] PackLoader:240 - Cannot read IP mode file for STMicroelectronics.X-CUBE-AI.8.1.0
2024-09-15 14:25:58,644 [WARN] ConditionMgr:438 - getConditionDescription Invalid condition id : LAN8742 Phy interface Condition cause : null
2024-09-15 14:25:58,646 [WARN] PackLoader:240 - Cannot read IP mode file for STMicroelectronics.X-CUBE-AZRTOS-L4.2.0.0
2024-09-15 14:25:58,647 [WARN] ConditionMgr:1039 - genDependencies : Invalid condition id : LAN8742 Phy interface Condition cause : null
2024-09-15 14:25:58,648 [WARN] ConditionMgr:1039 - genDependencies : Invalid condition id : LAN8742 Phy interface Condition cause : null
2024-09-15 14:25:58,649 [WARN] ConditionMgr:1039 - genDependencies : Invalid condition id : LAN8742 Phy interface Condition cause : null
2024-09-15 14:25:58,672 [WARN] PackLoader:240 - Cannot read IP mode file for STMicroelectronics.X-CUBE-SFXS2LP1.4.0.0
2024-09-15 14:25:58,694 [WARN] PackLoader:240 - Cannot read IP mode file for STMicroelectronics.X-CUBE-ISPU.1.1.0
2024-09-15 14:25:58,736 [WARN] PackLoader:240 - Cannot read IP mode file for STMicroelectronics.X-CUBE-AZRTOS-H7.3.3.0
2024-09-15 14:25:58,770 [WARN] ConditionMgr:438 - getConditionDescription Invalid condition id : UX DEVICE CLASS RTOS Condition cause : null
2024-09-15 14:25:58,770 [WARN] ConditionMgr:438 - getConditionDescription Invalid condition id : UX DEVICE CLASS RTOS Condition cause : null
2024-09-15 14:25:58,773 [WARN] PackLoader:240 - Cannot read IP mode file for STMicroelectronics.X-CUBE-AZRTOS-WB.2.0.0
2024-09-15 14:25:58,773 [WARN] ConditionMgr:1039 - genDependencies : Invalid condition id : UX DEVICE CLASS RTOS Condition cause : null
2024-09-15 14:25:58,773 [WARN] ConditionMgr:1039 - genDependencies : Invalid condition id : UX DEVICE CLASS RTOS Condition cause : null
2024-09-15 14:25:58,774 [WARN] ConditionMgr:1039 - genDependencies : Invalid condition id : UX DEVICE CLASS RTOS Condition cause : null
2024-09-15 14:25:58,774 [WARN] ConditionMgr:1039 - genDependencies : Invalid condition id : UX DEVICE CLASS RTOS Condition cause : null
2024-09-15 14:25:58,774 [WARN] ConditionMgr:1039 - genDependencies : Invalid condition id : UX DEVICE CLASS RTOS Condition cause : null
2024-09-15 14:25:58,799 [WARN] PackLoader:240 - Cannot read IP mode file for STMicroelectronics.X-CUBE-FREERTOS.1.0.1
2024-09-15 14:25:58,816 [WARN] PackLoader:240 - Cannot read IP mode file for STMicroelectronics.X-CUBE-GNSS1.7.0.0
2024-09-15 14:25:58,847 [WARN] PackLoader:240 - Cannot read IP mode file for STMicroelectronics.FP-SNS-STBOX1.2.0.0
2024-09-15 14:25:58,914 [WARN] PackLoader:240 - Cannot read IP mode file for STMicroelectronics.X-CUBE-AZRTOS-L5.1.1.0
2024-09-15 14:25:58,933 [WARN] PackLoader:240 - Cannot read IP mode file for STMicroelectronics.X-CUBE-AI.8.0.1
2024-09-15 14:25:58,993 [WARN] PackLoader:240 - Cannot read IP mode file for STMicroelectronics.X-CUBE-SUBG2.5.0.0
2024-09-15 14:25:59,024 [WARN] PackLoader:240 - Cannot read IP mode file for Cesanta.I-CUBE-Mongoose.7.13.0
2024-09-15 14:25:59,075 [WARN] PackLoader:240 - Cannot read IP mode file for STMicroelectronics.X-CUBE-TOF1.3.3.1
2024-09-15 14:25:59,160 [WARN] PackLoader:240 - Cannot read IP mode file for STMicroelectronics.X-CUBE-AZRTOS-G4.2.0.0
2024-09-15 14:25:59,199 [WARN] PackLoader:240 - Cannot read IP mode file for Infineon.AIROC-Wi-Fi-Bluetooth-STM32.1.5.1
2024-09-15 14:25:59,215 [WARN] PackLoader:240 - Cannot read IP mode file for STMicroelectronics.FP-SNS-MOTENVWB1.1.3.0
2024-09-15 14:25:59,233 [WARN] PackLoader:240 - Cannot read IP mode file for STMicroelectronics.FP-SNS-MOTENVWB1.1.3.1
2024-09-15 14:25:59,248 [WARN] PackLoader:240 - Cannot read IP mode file for STMicroelectronics.X-CUBE-ISPU.2.0.0
2024-09-15 14:25:59,262 [WARN] PackLoader:240 - Cannot read IP mode file for STMicroelectronics.X-CUBE-ALS.1.0.2
2024-09-15 14:25:59,309 [WARN] PackLoader:240 - Cannot read IP mode file for STMicroelectronics.X-CUBE-MEMS1.10.0.0
2024-09-15 14:25:59,404 [WARN] PackLoader:240 - Cannot read IP mode file for STMicroelectronics.X-CUBE-FREERTOS.1.1.0
2024-09-15 14:25:59,415 [WARN] PackLoader:240 - Cannot read IP mode file for STMicroelectronics.X-CUBE-TOUCHGFX.4.24.0
2024-09-15 14:25:59,431 [WARN] PackLoader:240 - Cannot read IP mode file for portGmbH.I-Cube-SoM-uGOAL.1.1.0
2024-09-15 14:25:59,445 [WARN] PackLoader:240 - Cannot read IP mode file for STMicroelectronics.X-CUBE-ALS.1.0.1
2024-09-15 14:25:59,471 [WARN] PackLoader:240 - Cannot read IP mode file for STMicroelectronics.X-CUBE-AZRTOS-WB.1.1.0
2024-09-15 14:25:59,504 [WARN] PackLoader:240 - Cannot read IP mode file for STMicroelectronics.X-CUBE-AZRTOS-H7RS.1.0.0
2024-09-15 14:25:59,520 [WARN] PackLoader:240 - Cannot read IP mode file for STMicroelectronics.FP-ATR-ASTRA1.2.0.0
2024-09-15 14:25:59,541 [WARN] PackLoader:240 - Cannot read IP mode file for STMicroelectronics.X-CUBE-TOF1.3.4.2
2024-09-15 14:25:59,568 [WARN] PackLoader:240 - Cannot read IP mode file for STMicroelectronics.X-CUBE-TOF1.3.4.0
2024-09-15 14:25:59,593 [WARN] PackLoader:240 - Cannot read IP mode file for STMicroelectronics.X-CUBE-TOF1.3.4.1
2024-09-15 14:25:59,631 [WARN] PackLoader:240 - Cannot read IP mode file for STMicroelectronics.X-CUBE-AZRTOS-H7.3.2.0
2024-09-15 14:25:59,646 [WARN] PackLoader:240 - Cannot read IP mode file for wolfSSL.I-CUBE-wolfSSH.1.4.17
2024-09-15 14:25:59,647 [INFO] ThirdParty:978 - Integrity check success = true
2024-09-15 14:25:59,647 [INFO] IntegrityCheckThread:100 - exiting critical section [integrity check]
2024-09-15 14:25:59,647 [INFO] IntegrityCheckThread:103 - End integrity checks thread
2024-09-15 14:26:47,073 [INFO] McuFinderGlobals:63 - Set McuFinder mode to 2 (CubeIDE integrated)
2024-09-15 14:26:47,087 [INFO] MainUpdater:2873 - connection check result : 10
2024-09-15 14:26:47,090 [INFO] MainUpdater:2873 - connection check result : 10
2024-09-15 14:26:47,247 [INFO] RulesReader:64 - Compatibility file has been processed (297 Rules)
2024-09-15 14:26:47,260 [INFO] RulesReader:64 - Compatibility file has been processed (297 Rules)
2024-09-15 14:26:47,263 [INFO] MicroXplorer:468 - Change Database Path : 
2024-09-15 14:26:47,264 [INFO] MicroXplorer:498 - Change Database Version : DB.6.0.120
2024-09-15 14:26:47,275 [WARN] ThirdParty:871 - waiting for thirdparty lock release [close project]
2024-09-15 14:26:47,275 [INFO] ThirdParty:873 - entering critical section [close project]
2024-09-15 14:26:47,277 [INFO] ThirdParty:883 - exiting critical section [close project]
2024-09-15 14:26:47,280 [INFO] PinOutPanel:1561 - setPackage(No Configuration,No Configuration)
2024-09-15 14:26:47,285 [INFO] UtilMem:75 - Begin LoadConfig() Used Memory: 578223744 Bytes (912261120)
2024-09-15 14:26:47,287 [INFO] MicroXplorer:468 - Change Database Path : 
2024-09-15 14:26:47,288 [INFO] MicroXplorer:498 - Change Database Version : DB.6.0.120
2024-09-15 14:26:47,288 [INFO] OpenFileManager:332 - Change cursor
2024-09-15 14:26:47,341 [INFO] Mcu:2032 - Initializing MCU STM32U575VGTx STM32U575VGTx STM32U575VGT6
2024-09-15 14:26:52,204 [INFO] Context:742 - Trying to add GPIOservice into a context  which must be forbidden
2024-09-15 14:26:52,204 [INFO] Context:742 - Trying to add GPIOservice into a context  which must be forbidden
2024-09-15 14:26:56,942 [WARN] ModelIntegratedComponent:63 - No mode defined for component null
2024-09-15 14:26:56,942 [WARN] ModelIntegratedComponent:63 - No mode defined for component null
2024-09-15 14:26:56,942 [WARN] ModelIntegratedComponent:63 - No mode defined for component null
2024-09-15 14:26:56,943 [WARN] ModelIntegratedComponent:63 - No mode defined for component null
2024-09-15 14:26:56,943 [WARN] ModelIntegratedComponent:63 - No mode defined for component null
2024-09-15 14:26:56,943 [WARN] ModelIntegratedComponent:63 - No mode defined for component null
2024-09-15 14:26:56,943 [WARN] ModelIntegratedComponent:63 - No mode defined for component null
2024-09-15 14:26:56,943 [WARN] ModelIntegratedComponent:63 - No mode defined for component null
2024-09-15 14:26:56,943 [WARN] ModelIntegratedComponent:63 - No mode defined for component null
2024-09-15 14:26:56,943 [WARN] ModelIntegratedComponent:63 - No mode defined for component null
2024-09-15 14:26:56,943 [WARN] ModelIntegratedComponent:63 - No mode defined for component null
2024-09-15 14:26:56,943 [WARN] ModelIntegratedComponent:63 - No mode defined for component null
2024-09-15 14:26:56,943 [WARN] ModelIntegratedComponent:63 - No mode defined for component null
2024-09-15 14:26:56,943 [WARN] ModelIntegratedComponent:63 - No mode defined for component null
2024-09-15 14:26:56,943 [WARN] ModelIntegratedComponent:63 - No mode defined for component null
2024-09-15 14:26:56,943 [WARN] ModelIntegratedComponent:63 - No mode defined for component null
2024-09-15 14:26:56,943 [WARN] ModelIntegratedComponent:63 - No mode defined for component null
2024-09-15 14:26:56,943 [WARN] ModelIntegratedComponent:63 - No mode defined for component null
2024-09-15 14:26:56,943 [WARN] ModelIntegratedComponent:63 - No mode defined for component null
2024-09-15 14:26:56,943 [WARN] ModelIntegratedComponent:63 - No mode defined for component null
2024-09-15 14:26:56,943 [WARN] ModelIntegratedComponent:63 - No mode defined for component null
2024-09-15 14:26:56,943 [WARN] ModelIntegratedComponent:63 - No mode defined for component null
2024-09-15 14:26:56,943 [WARN] ModelIntegratedComponent:63 - No mode defined for component null
2024-09-15 14:26:56,943 [WARN] ModelIntegratedComponent:63 - No mode defined for component null
2024-09-15 14:26:56,943 [WARN] ModelIntegratedComponent:63 - No mode defined for component null
2024-09-15 14:26:56,943 [WARN] ModelIntegratedComponent:63 - No mode defined for component null
2024-09-15 14:26:56,943 [WARN] ModelIntegratedComponent:63 - No mode defined for component null
2024-09-15 14:26:56,943 [WARN] ModelIntegratedComponent:63 - No mode defined for component null
2024-09-15 14:26:56,943 [WARN] ModelIntegratedComponent:63 - No mode defined for component null
2024-09-15 14:26:56,943 [WARN] ModelIntegratedComponent:63 - No mode defined for component null
2024-09-15 14:26:56,943 [WARN] ModelIntegratedComponent:63 - No mode defined for component null
2024-09-15 14:26:56,943 [WARN] ModelIntegratedComponent:63 - No mode defined for component null
2024-09-15 14:26:56,943 [WARN] ModelIntegratedComponent:63 - No mode defined for component null
2024-09-15 14:26:56,943 [WARN] ModelIntegratedComponent:63 - No mode defined for component null
2024-09-15 14:26:56,944 [WARN] ModelIntegratedComponent:63 - No mode defined for component null
2024-09-15 14:26:56,944 [WARN] ModelPack:524 - Component already loaded: STMicroelectronics:HAL Drivers:0.0.0:STMicroelectronics:Device:STMicro_Driver:XSPI:HAL::0.0.1:HAL_XSPI
2024-09-15 14:26:57,046 [INFO] RtosManager:555 - Registered RTOS mode: class=RTOS, group=ThreadX, mode=Core, owner=THREADX
2024-09-15 14:26:57,107 [INFO] ThirdPartyModel:298 - Start build external matchings
2024-09-15 14:26:57,878 [INFO] ThirdPartyModel:316 - End build external matchings
2024-09-15 14:26:57,912 [INFO] RtosManager:919 - Current active RTOS is THREADX [CortexM33]
2024-09-15 14:26:57,930 [INFO] HwResourcesManager:1923 - RZone for current mcu STM32U575VGTx : STM32_DIE482_786_1024
2024-09-15 14:26:57,946 [INFO] HwResourcesManager:210 - mpc SRAM1 added
2024-09-15 14:26:57,949 [INFO] HwResourcesManager:210 - mpc SRAM2 added
2024-09-15 14:26:57,952 [INFO] HwResourcesManager:210 - mpc SRAM3 added
2024-09-15 14:26:57,954 [INFO] HwResourcesManager:210 - mpc SRAM4 added
2024-09-15 14:26:57,955 [INFO] HwResourcesManager:210 - mpc Flash Bank1 added
2024-09-15 14:26:57,957 [INFO] HwResourcesManager:231 - sau Non-Secure Code added
2024-09-15 14:26:57,958 [INFO] HwResourcesManager:231 - sau Non-Secure RAM added
2024-09-15 14:26:57,986 [INFO] HwResourcesManager:231 - sau Non-Secure Peripherals added
2024-09-15 14:26:57,991 [INFO] HwResourcesManager:261 - mpcwm OctoSPI1 added
2024-09-15 14:26:57,993 [INFO] HwResourcesManager:261 - mpcwm FMC Bank1 added
2024-09-15 14:26:57,996 [INFO] HwResourcesManager:261 - mpcwm FMC Bank3 added
2024-09-15 14:26:57,998 [INFO] HwResourcesManager:261 - mpcwm Backup SRAM added
2024-09-15 14:26:57,999 [INFO] HwResourcesManager:261 - mpcwm OctoSPI2 added
2024-09-15 14:26:58,001 [INFO] HwResourcesManager:261 - mpcwm Flash Bank1 added
2024-09-15 14:26:58,006 [INFO] HwResourcesManager:461 - Memory Region Flash_Bank1_NS added
2024-09-15 14:26:58,033 [INFO] HwResourcesManager:461 - Memory Region SRAM1_C_NS added
2024-09-15 14:26:58,033 [INFO] HwResourcesManager:461 - Memory Region SRAM2_C_NS added
2024-09-15 14:26:58,034 [INFO] HwResourcesManager:461 - Memory Region SRAM3_C_NS added
2024-09-15 14:26:58,036 [INFO] HwResourcesManager:461 - Memory Region Flash_Bank1_S added
2024-09-15 14:26:58,039 [INFO] HwResourcesManager:461 - Memory Region SRAM1_C_S added
2024-09-15 14:26:58,039 [INFO] HwResourcesManager:461 - Memory Region SRAM2_C_S added
2024-09-15 14:26:58,039 [INFO] HwResourcesManager:461 - Memory Region SRAM3_C_S added
2024-09-15 14:26:58,041 [INFO] HwResourcesManager:461 - Memory Region SRAM1_NS added
2024-09-15 14:26:58,041 [INFO] HwResourcesManager:461 - Memory Region SRAM2_NS added
2024-09-15 14:26:58,041 [INFO] HwResourcesManager:461 - Memory Region SRAM3_NS added
2024-09-15 14:26:58,045 [INFO] HwResourcesManager:461 - Memory Region SRAM4_SRD_NS added
2024-09-15 14:26:58,046 [INFO] HwResourcesManager:461 - Memory Region SRAM1_S added
2024-09-15 14:26:58,046 [INFO] HwResourcesManager:461 - Memory Region SRAM2_S added
2024-09-15 14:26:58,046 [INFO] HwResourcesManager:461 - Memory Region SRAM3_S added
2024-09-15 14:26:58,048 [INFO] HwResourcesManager:461 - Memory Region SRAM4_SRD_S added
2024-09-15 14:26:58,049 [INFO] HwResourcesManager:461 - Memory Region Backup_SRAM_NS added
2024-09-15 14:26:58,052 [INFO] HwResourcesManager:461 - Memory Region Backup_SRAM_S added
2024-09-15 14:26:58,179 [INFO] ImportTextPane:205 - (OptionalMessage_ERROR) IP (ADC1) : Parameter (NbrOfConversion) has invalid value (1)
2024-09-15 14:26:58,180 [INFO] ImportTextPane:205 - (OptionalMessage_ERROR) IP (ADC1) : Parameter (CommonPathInternal) has invalid value (null|null|null|null)
2024-09-15 14:26:58,184 [WARN] IP:2191 - DefaultDataRegion not found: check if there is a RefParameter without a condition.
2024-09-15 14:26:58,186 [INFO] ImportTextPane:205 - (OptionalMessage_ERROR) IP (MEMORYMAP) : Invalid parameter (DefaultDataRegion)
2024-09-15 14:26:58,190 [INFO] ImportTextPane:205 - (OptionalMessage_ERROR) IP (RCC) : Invalid parameter (FamilyName)
2024-09-15 14:26:58,191 [INFO] ImportTextPane:205 - (OptionalMessage_ERROR) IP (RCC) : Invalid parameter (PWRFreq_Value)
2024-09-15 14:26:58,191 [INFO] ImportTextPane:205 - (OptionalMessage_ERROR) IP (RCC) : Parameter (SAI1Freq_Value) has invalid value (3096000000)
2024-09-15 14:26:58,191 [INFO] ImportTextPane:205 - (OptionalMessage_ERROR) IP (RCC) : Parameter (SAI2Freq_Value) has invalid value (3096000000)
2024-09-15 14:26:58,191 [WARN] IP:2191 - TX_APP_CREATION not found: check if there is a RefParameter without a condition.
2024-09-15 14:26:58,192 [WARN] IP:2191 - TX_APP_THREAD_ENTRY not found: check if there is a RefParameter without a condition.
2024-09-15 14:26:58,192 [WARN] IP:2191 - TX_APP_THREAD_NAME not found: check if there is a RefParameter without a condition.
2024-09-15 14:26:58,192 [WARN] IP:2191 - TX_APP_THREAD_PRIO not found: check if there is a RefParameter without a condition.
2024-09-15 14:26:58,192 [WARN] IP:2191 - TX_APP_STACK_SIZE not found: check if there is a RefParameter without a condition.
2024-09-15 14:26:58,192 [WARN] IP:2191 - TX_APP_SEM_CREATION not found: check if there is a RefParameter without a condition.
2024-09-15 14:26:58,192 [WARN] IP:2191 - TX_SEMAPHORE_NAME not found: check if there is a RefParameter without a condition.
2024-09-15 14:26:58,192 [WARN] IP:2191 - TX_SEMAPHORE_COUNT not found: check if there is a RefParameter without a condition.
2024-09-15 14:26:58,192 [WARN] IP:2191 - TX_APP_MUTEX_CREATION not found: check if there is a RefParameter without a condition.
2024-09-15 14:26:58,192 [WARN] IP:2191 - TX_MUTEX_NAME not found: check if there is a RefParameter without a condition.
2024-09-15 14:26:58,192 [WARN] IP:2191 - TX_MUTEX_INHERITANCE not found: check if there is a RefParameter without a condition.
2024-09-15 14:26:58,193 [WARN] IP:2191 - TX_APP_MSG_QUEUE_CREATION not found: check if there is a RefParameter without a condition.
2024-09-15 14:26:58,193 [WARN] IP:2191 - TX_MSG_QUEUE_NAME not found: check if there is a RefParameter without a condition.
2024-09-15 14:26:58,193 [WARN] IP:2191 - TX_MSG_SIZE_WORDS not found: check if there is a RefParameter without a condition.
2024-09-15 14:26:58,193 [WARN] IP:2191 - TX_NB_MSG not found: check if there is a RefParameter without a condition.
2024-09-15 14:26:58,194 [WARN] IP:2191 - TX_BASEPRI_VALUE not found: check if there is a RefParameter without a condition.
2024-09-15 14:26:58,194 [WARN] IP:2191 - TX_PORT_BASEPRI_VALUE not found: check if there is a RefParameter without a condition.
2024-09-15 14:26:58,198 [WARN] IP:2191 - AutonomousMode not found: check if there is a RefParameter without a condition.
2024-09-15 14:26:58,198 [WARN] IP:2191 - TriggerPolarity not found: check if there is a RefParameter without a condition.
2024-09-15 14:26:58,198 [WARN] IP:2191 - TriggerSelection not found: check if there is a RefParameter without a condition.
2024-09-15 14:26:58,198 [WARN] IP:2191 - DataSize not found: check if there is a RefParameter without a condition.
2024-09-15 14:26:58,198 [WARN] IP:2191 - IdleFrame not found: check if there is a RefParameter without a condition.
2024-09-15 14:26:59,145 [INFO] ApiDb:581 - Connected to CubeFinder SQLite database (C:\Users\umutu\.stmcufinder\plugins\mcufinder\mcu\cube-finder-db.db)
2024-09-15 14:26:59,248 [INFO] ApiDb:668 - CubeFinder database Data Model version=2.1
2024-09-15 14:26:59,248 [INFO] ApiDb:669 - CubeFinder database Configuration version=3.0.39
2024-09-15 14:26:59,248 [INFO] ApiDb:670 - CubeFinder database generation date=2024-08-06 (1722941618)
2024-09-15 14:26:59,249 [INFO] ApiDb:671 - CubeFinder database FW Pack versions=[FP-ATR-ASTRA1_V2.0.0, FP-SNS-FLIGHT1_V5.0.2, FP-SNS-MOTENV1_V5.0.0, FP-SNS-MOTENVWB1_V1.4.0, FP-SNS-SMARTAG2_V1.2.0, FP-SNS-STBOX1_V2.0.0, STM32Cube_FW_C0_V1.2.0, STM32Cube_FW_F4_V1.28.0, STM32Cube_FW_F7_V1.17.2, STM32Cube_FW_G0_V1.6.2, STM32Cube_FW_G4_V1.6.0, STM32Cube_FW_H5_V1.3.0, STM32Cube_FW_H7RS_V1.1.0, STM32Cube_FW_H7_V1.11.2, STM32Cube_FW_L0_V1.12.2, STM32Cube_FW_L5_V1.5.1, STM32Cube_FW_U0_V1.1.0, STM32Cube_FW_U5_V1.6.0, STM32Cube_FW_WB0_V1.0.0, STM32Cube_FW_WBA_V1.4.1, STM32Cube_FW_WB_V1.20.0, STM32Cube_FW_WL_V1.3.0, X-CUBE-ALGOBUILD_V1.4.0, X-CUBE-ALS_V1.0.2, X-CUBE-AZRTOS-F4_V1.1.0, X-CUBE-AZRTOS-F7_V1.1.0, X-CUBE-AZRTOS-G0_V1.1.0, X-CUBE-AZRTOS-G4_V2.0.0, X-CUBE-AZRTOS-H7RS_V1.0.0, X-CUBE-AZRTOS-H7_V3.2.0, X-CUBE-AZRTOS-L4_V2.0.0, X-CUBE-AZRTOS-L5_V1.1.0, X-CUBE-AZRTOS-WB_V2.0.0, X-CUBE-AZRTOS-WL_V2.0.0, X-CUBE-BLE1_V7.0.0, X-CUBE-BLE2_V3.3.0, X-CUBE-BLEMGR_V3.1.0, X-CUBE-EEPRMA1_V5.1.0, X-CUBE-FREERTOS_V1.2.0, X-CUBE-GNSS1_V6.0.0, X-CUBE-MEMS1_V10.0.0, X-CUBE-NFC4_V3.0.0, X-CUBE-NFC7_V1.0.1, X-CUBE-SFXS2LP1_V4.0.0, X-CUBE-SUBG2_V5.0.0, X-CUBE-TOF1_V3.4.2]
2024-09-15 14:26:59,390 [INFO] DbBoardsSqlite:226 - include board P-NUCLEO-WB55-NUCLEO as a kit item of type 'Nucleo-64'
2024-09-15 14:26:59,391 [INFO] DbBoardsSqlite:226 - include board P-NUCLEO-WB55-USBDONGLE as a kit item of type 'Nucleo USB Dongle'
2024-09-15 14:26:59,392 [INFO] DbBoardsSqlite:226 - include board STEVAL-IDP005V1 as a kit item of type 'Evaluation Board'
2024-09-15 14:26:59,392 [INFO] DbBoardsSqlite:226 - include board STEVAL-IDP005V2 as a kit item of type 'Evaluation Board'
2024-09-15 14:26:59,700 [INFO] ApiDb:240 - Found 646 in-development CPN: [B-G473E-ZEST1S, B-WB1M-WPAN1, B-WL5M-SUBG1, NUCLEO-C031C6, NUCLEO-C071RB, NUCLEO-H503RB, NUCLEO-H533RE, NUCLEO-H563ZI, NUCLEO-H7S3L8, NUCLEO-U031R8, NUCLEO-U083RC, NUCLEO-U545RE-Q, NUCLEO-U5A5ZJ-Q, NUCLEO-WB05KZ, NUCLEO-WB07CC, NUCLEO-WB09KE, NUCLEO-WBA52CG, NUCLEO-WBA55CG, STEVAL-PROTEUS1, STEVAL-SMARTAG2, STEVAL-STWINBX1, STM320518-EVAL, STM32C0116-DK, STM32C011D6Y3TR, STM32C011D6Y6TR, STM32C011F4P3, STM32C011F4P6, STM32C011F4U3, STM32C011F4U6TR, STM32C011F6P3, STM32C011F6P6, STM32C011F6U3, STM32C011F6U6TR, STM32C011J4M3, STM32C011J4M6, STM32C011J6M3, STM32C011J6M6, STM32C0316-DK, STM32C031C4T3, STM32C031C4T6, STM32C031C4U3, STM32C031C4U6, STM32C031C6T3, STM32C031C6T6, STM32C031C6U3, STM32C031C6U6, STM32C031F4P3, STM32C031F4P6, STM32C031F6P3, STM32C031F6P6, STM32C031G4U3, STM32C031G4U6, STM32C031G6U3, STM32C031G6U6, STM32C031K4T3, STM32C031K4T6, STM32C031K4U3, STM32C031K4U6, STM32C031K6T3, STM32C031K6T6, STM32C031K6U3, STM32C031K6U6, STM32C071C8T6, STM32C071C8T6N, STM32C071C8U6, STM32C071C8U6N, STM32C071CBT6, STM32C071CBT6N, STM32C071CBU6, STM32C071CBU6N, STM32C071F8P6, STM32C071F8P6N, STM32C071FBP6, STM32C071FBP6N, STM32C071FBY6TR, STM32C071G8U6, STM32C071G8U6N, STM32C071GBU6, STM32C071GBU6N, STM32C071K8T6, STM32C071K8T6N, STM32C071K8U6, STM32C071K8U6N, STM32C071KBT6, STM32C071KBT6N, STM32C071KBU6, STM32C071KBU6N, STM32C071R8T6, STM32C071R8T6N, STM32C071RBI6N, STM32C071RBT6, STM32C071RBT6N, STM32G071K8TXN, STM32G071K8UXN, STM32G081GBU6N, STM32G081KBT6N, STM32G081KBUXN, STM32G0B1CCT6N, STM32G0B1KCT6, STM32G0B1NEY6TR, STM32G0B1RCT6N, STM32G0C1CCT6, STM32G0C1CCT6N, STM32G0C1CCU6N, STM32G0C1CET6N, STM32G0C1CEU6N, STM32G0C1KCT6, STM32G0C1NEY6TR, STM32G0C1RCI6N, STM32G0C1RCT6N, STM32G0C1REI6N, STM32G0C1RET6N, STM32G0C1VCI6, STM32G0C1VEI6, STM32G411C6T3, STM32G411C6T6, STM32G411C6U3, STM32G411C6U6, STM32G411C8T3, STM32G411C8T6, STM32G411C8U3, STM32G411C8U6, STM32G411CBT3, STM32G411CBT6, STM32G411CBU3, STM32G411CBU6, STM32G411K6T3, STM32G411K6T6, STM32G411K6U3, STM32G411K6U6, STM32G411K8T3, STM32G411K8T6, STM32G411K8U3, STM32G411K8U6, STM32G411KBT3, STM32G411KBT6, STM32G411KBU3, STM32G411KBU6, STM32G411M6T3, STM32G411M6T6, STM32G411M8T3, STM32G411M8T6, STM32G411MBT3, STM32G411MBT6, STM32G411R6T3, STM32G411R6T6, STM32G411R8T3, STM32G411R8T6, STM32G411RBT3, STM32G411RBT6, STM32G414CBT3, STM32G414CBT6, STM32G414CBU3, STM32G414CBU6, STM32G414CCT3, STM32G414CCT6, STM32G414CCU3, STM32G414CCU6, STM32G414MBT3, STM32G414MBT6, STM32G414MCT3, STM32G414MCT6, STM32G414RBT3, STM32G414RBT6, STM32G414RCT3, STM32G414RCT6, STM32G414VBT3, STM32G414VBT6, STM32G414VCT3, STM32G414VCT6, STM32G431CBT3Z, STM32G431RBT3Z, STM32G471CCT6, STM32G471CCU6, STM32G471CET3, STM32G471CET6, STM32G471CEU3, STM32G471CEU6, STM32G471MCT6, STM32G471MET3, STM32G471MET6, STM32G471MEY6TR, STM32G471QCT6, STM32G471QET3, STM32G471RCT6, STM32G471RET3, STM32G471RET6, STM32G471VCH6, STM32G471VCI6, STM32G471VCT6, STM32G471VEH3, STM32G471VEH6, STM32G471VEI3, STM32G471VEI6, STM32G471VET3, STM32G471VET6, STM32G473QET3Z, STM32G473RET3Z, STM32G474CCT6, STM32G491RET3Z, STM32H503CBT6, STM32H503CBU6, STM32H503EBY6TR, STM32H503KBU6, STM32H503RBT6, STM32H523CCT6, STM32H523CCU6, STM32H523CET6, STM32H523CEU6, STM32H523HEY6TR, STM32H523RCT6, STM32H523RET6, STM32H523VCI6, STM32H523VCT6, STM32H523VEI6, STM32H523VET6, STM32H523ZCJ6, STM32H523ZCT6, STM32H523ZEJ6, STM32H523ZET6, STM32H533CET6, STM32H533CEU6, STM32H533HEY6TR, STM32H533RET6, STM32H533VEI6, STM32H533VET6, STM32H533ZEJ6, STM32H533ZET6, STM32H562AGI6, STM32H562AII6, STM32H562IGK6, STM32H562IGT6, STM32H562IIK6, STM32H562IIT6, STM32H562RGT6, STM32H562RGV6, STM32H562RIT6, STM32H562RIV6, STM32H562VGT6, STM32H562VIT6, STM32H562ZGT6, STM32H562ZIT6, STM32H563AGI6, STM32H563AII3Q, STM32H563AII6, STM32H563IGK6, STM32H563IGT6, STM32H563IIK3Q, STM32H563IIK6, STM32H563IIT3Q, STM32H563IIT6, STM32H563MIY3QTR, STM32H563RGT6, STM32H563RGV6, STM32H563RIT6, STM32H563RIV6, STM32H563VGT6, STM32H563VIT3Q, STM32H563VIT6, STM32H563ZGT6, STM32H563ZIT3Q, STM32H563ZIT6, STM32H573AII3Q, STM32H573AII6, STM32H573I-DK, STM32H573IIK3Q, STM32H573IIK6, STM32H573IIT3Q, STM32H573IIT6, STM32H573MIY3QTR, STM32H573RIT6, STM32H573RIV6, STM32H573VIT3Q, STM32H573VIT6, STM32H573ZIT3Q, STM32H573ZIT6, STM32H7R3A8I6, STM32H7R3I8K6, STM32H7R3I8T6, STM32H7R3L8H6, STM32H7R3L8H6H, STM32H7R3R8V6, STM32H7R3V8H6, STM32H7R3V8T6, STM32H7R3V8Y6TR, STM32H7R3Z8J6, STM32H7R3Z8T6, STM32H7R7A8I6, STM32H7R7I8K6, STM32H7R7I8T6, STM32H7R7L8H6, STM32H7R7L8H6H, STM32H7R7Z8J6, STM32H7S3A8I6, STM32H7S3I8K6, STM32H7S3I8T6, STM32H7S3L8H6, STM32H7S3L8H6H, STM32H7S3R8V6, STM32H7S3V8H6, STM32H7S3V8T6, STM32H7S3V8Y6TR, STM32H7S3Z8J6, STM32H7S3Z8T6, STM32H7S78-DK, STM32H7S7A8I6, STM32H7S7I8K6, STM32H7S7I8T6, STM32H7S7L8H6, STM32H7S7L8H6H, STM32H7S7Z8J6, STM32L4R5QGI6STR, STM32MP131AAE3, STM32MP131AAF3, STM32MP131AAG3, STM32MP131CAE3, STM32MP131CAF3, STM32MP131CAG3, STM32MP131DAE7, STM32MP131DAF7, STM32MP131DAG7, STM32MP131FAE7, STM32MP131FAF7, STM32MP131FAG7, STM32MP133AAE3, STM32MP133AAF3, STM32MP133AAG3, STM32MP133CAE3, STM32MP133CAF3, STM32MP133CAG3, STM32MP133DAE7, STM32MP133DAF7, STM32MP133DAG7, STM32MP133FAE7, STM32MP133FAF7, STM32MP133FAG7, STM32MP135AAE3, STM32MP135AAF3, STM32MP135AAG3, STM32MP135CAE3, STM32MP135CAF3, STM32MP135CAG3, STM32MP135DAE7, STM32MP135DAF7, STM32MP135DAG7, STM32MP135F-DK, STM32MP135FAE7, STM32MP135FAF7, STM32MP135FAF7T, STM32MP135FAF7U, STM32MP135FAG7, STM32MP251AAI3, STM32MP251AAK3, STM32MP251AAL3, STM32MP251CAI3, STM32MP251CAK3, STM32MP251CAL3, STM32MP251DAI3, STM32MP251DAK3, STM32MP251DAL3, STM32MP251FAI3, STM32MP251FAK3, STM32MP251FAL3, STM32MP253AAI3, STM32MP253AAK3, STM32MP253AAL3, STM32MP253CAI3, STM32MP253CAK3, STM32MP253CAL3, STM32MP253DAI3, STM32MP253DAK3, STM32MP253DAL3, STM32MP253FAI3, STM32MP253FAK3, STM32MP253FAL3, STM32MP255AAI3, STM32MP255AAK3, STM32MP255AAL3, STM32MP255CAI3, STM32MP255CAK3, STM32MP255CAL3, STM32MP255DAI3, STM32MP255DAK3, STM32MP255DAL3, STM32MP255FAI3, STM32MP255FAK3, STM32MP255FAL3, STM32MP257AAI3, STM32MP257AAK3, STM32MP257AAL3, STM32MP257CAI3, STM32MP257CAK3, STM32MP257CAL3, STM32MP257DAI3, STM32MP257DAK3, STM32MP257DAL3, STM32MP257F-DK, STM32MP257F-EV1, STM32MP257FAI3, STM32MP257FAK3, STM32MP257FAL3, STM32U031C6T6, STM32U031C6U6, STM32U031C8T6, STM32U031C8U6, STM32U031F4P6, STM32U031F6P6, STM32U031F8P6, STM32U031G6Y6TR, STM32U031G8Y6TR, STM32U031K4U6, STM32U031K6U6, STM32U031K8U6, STM32U031R6I6, STM32U031R6T6, STM32U031R8I6, STM32U031R8T6, STM32U073C8T6, STM32U073C8U6, STM32U073CBT6, STM32U073CBU6, STM32U073CCT6, STM32U073CCU6, STM32U073H8Y6TR, STM32U073HBY6TR, STM32U073HCY6TR, STM32U073K8U6, STM32U073KBU6, STM32U073KCU6, STM32U073M8I6, STM32U073M8T6, STM32U073MBI6, STM32U073MBT6, STM32U073MCI6, STM32U073MCT6, STM32U073R8I6, STM32U073R8T6, STM32U073RBI6, STM32U073RBT6, STM32U073RCI6, STM32U073RCT6, STM32U083C-DK, STM32U083CCT6, STM32U083CCU6, STM32U083HCY6TR, STM32U083KCU6, STM32U083MCI6, STM32U083MCT6, STM32U083RCI6, STM32U083RCT6, STM32U535CBT6, STM32U535CBT6Q, STM32U535CBU6, STM32U535CBU6Q, STM32U535CCT6, STM32U535CCT6Q, STM32U535CCU6, STM32U535CCU6Q, STM32U535CET6, STM32U535CET6Q, STM32U535CEU6, STM32U535CEU6Q, STM32U535JEY6QTR, STM32U535NCY6QTR, STM32U535NEY6QTR, STM32U535RBI6, STM32U535RBI6Q, STM32U535RBT6, STM32U535RBT6Q, STM32U535RCI6, STM32U535RCI6Q, STM32U535RCT6, STM32U535RCT6Q, STM32U535REI6, STM32U535REI6Q, STM32U535RET6, STM32U535RET6Q, STM32U535VCI6, STM32U535VCI6Q, STM32U535VCT6, STM32U535VCT6Q, STM32U535VEI6, STM32U535VEI6Q, STM32U535VET6, STM32U535VET6Q, STM32U545CET6, STM32U545CET6Q, STM32U545CEU6, STM32U545CEU6Q, STM32U545JEY6QTR, STM32U545NEY6QTR, STM32U545REI6, STM32U545REI6Q, STM32U545RET6, STM32U545RET6Q, STM32U545VEI6, STM32U545VEI6Q, STM32U545VET6, STM32U545VET6Q, STM32U595AIH6, STM32U595AIH6Q, STM32U595AJH6, STM32U595AJH6Q, STM32U595QII6, STM32U595QII6Q, STM32U595QJI6, STM32U595QJI6Q, STM32U595RIT6, STM32U595RIT6Q, STM32U595RJT6, STM32U595RJT6Q, STM32U595VIT6, STM32U595VIT6Q, STM32U595VJT6, STM32U595VJT6Q, STM32U595ZIT6, STM32U595ZIT6Q, STM32U595ZIY6QTR, STM32U595ZJT6, STM32U595ZJT6Q, STM32U595ZJY6QTR, STM32U599BJY6QTR, STM32U599NIH6Q, STM32U599NJH6Q, STM32U599VIT6Q, STM32U599VJT6, STM32U599VJT6Q, STM32U599ZIT6Q, STM32U599ZIY6QTR, STM32U599ZJT6Q, STM32U599ZJY6QTR, STM32U5A5AJH6, STM32U5A5AJH6Q, STM32U5A5QII3Q , STM32U5A5QJI6, STM32U5A5QJI6Q, STM32U5A5RJT6, STM32U5A5RJT6Q, STM32U5A5VJT6, STM32U5A5VJT6Q, STM32U5A5ZJT6, STM32U5A5ZJT6Q, STM32U5A5ZJY6QTR, STM32U5A9BJY6QTR, STM32U5A9J-DK, STM32U5A9NJH6Q, STM32U5A9VJT6Q, STM32U5A9ZJT6Q, STM32U5A9ZJY6QTR, STM32U5F7VIT6, STM32U5F7VIT6Q, STM32U5F7VJT6, STM32U5F7VJT6Q, STM32U5F9BJY6QTR, STM32U5F9NJH6Q, STM32U5F9VIT6Q, STM32U5F9VJT6Q, STM32U5F9ZIJ6QTR, STM32U5F9ZIT6Q, STM32U5F9ZJJ6QTR, STM32U5F9ZJT6Q, STM32U5G7VJT6, STM32U5G7VJT6Q, STM32U5G9BJY6QTR, STM32U5G9J-DK1, STM32U5G9J-DK2, STM32U5G9NJH6Q, STM32U5G9VJT6Q, STM32U5G9ZJJ6QTR, STM32U5G9ZJT6Q, STM32WB05KZV6TR, STM32WB05KZV7TR, STM32WB05TZF6TR, STM32WB05TZF7TR, STM32WB06CCF6TR, STM32WB06CCF7TR, STM32WB06CCV6TR, STM32WB06CCV7TR, STM32WB06KCV6TR, STM32WB06KCV7TR, STM32WB07CCF6TR, STM32WB07CCF7TR, STM32WB07CCV6TR, STM32WB07CCV7TR, STM32WB07KCV6TR, STM32WB07KCV7TR, STM32WB09KEV6TR, STM32WB09KEV7TR, STM32WB09TEF6TR, STM32WB09TEF7TR, STM32WB1MMCH6, STM32WBA50KGU6, STM32WBA50KGU6TR, STM32WBA52CEU6, STM32WBA52CEU6TR, STM32WBA52CEU7, STM32WBA52CEU7TR, STM32WBA52CGU6, STM32WBA52CGU6TR, STM32WBA52CGU6U, STM32WBA52CGU7, STM32WBA52CGU7TR, STM32WBA52KEU6, STM32WBA52KEU6TR, STM32WBA52KGU6, STM32WBA52KGU6TR, STM32WBA54CEU6, STM32WBA54CEU6TR, STM32WBA54CEU7, STM32WBA54CEU7TR, STM32WBA54CGU6, STM32WBA54CGU6TR, STM32WBA54CGU7, STM32WBA54CGU7TR, STM32WBA54KEU6, STM32WBA54KEU6TR, STM32WBA54KEU7, STM32WBA54KEU7TR, STM32WBA54KGU6, STM32WBA54KGU6TR, STM32WBA54KGU7, STM32WBA54KGU7TR, STM32WBA55CEU6, STM32WBA55CEU6TR, STM32WBA55CEU7, STM32WBA55CEU7TR, STM32WBA55CGU6, STM32WBA55CGU6TR, STM32WBA55CGU6U, STM32WBA55CGU7, STM32WBA55CGU7TR, STM32WBA55G-DK1, STM32WBA55HEF6, STM32WBA55HEF7, STM32WBA55HGF6, STM32WBA55HGF7, STM32WBA55UEI6, STM32WBA55UEI6TR, STM32WBA55UEI7, STM32WBA55UEI7TR, STM32WBA55UGI6, STM32WBA55UGI6TR, STM32WBA55UGI7, STM32WBA55UGI7TR, STM32WL5MOCH6, STM32WL5MOCH6TR]
2024-09-15 14:26:59,875 [INFO] BoardInfo:889 - No configuration file found for board P-NUCLEO-WB55
2024-09-15 14:26:59,876 [INFO] DbBoards:161 - Kit is not supported: P-NUCLEO-WB55
2024-09-15 14:26:59,885 [INFO] BoardInfo:889 - No configuration file found for board STEVAL-BFA001V1B
2024-09-15 14:26:59,886 [INFO] DbBoards:161 - Kit is not supported: STEVAL-BFA001V1B
2024-09-15 14:26:59,889 [INFO] BoardInfo:889 - No configuration file found for board STEVAL-BFA001V2B
2024-09-15 14:26:59,890 [INFO] DbBoards:161 - Kit is not supported: STEVAL-BFA001V2B
2024-09-15 14:27:00,058 [INFO] DbBoards:168 - Found 201 boards, 198 are supported
2024-09-15 14:27:00,058 [INFO] DbBoards:169 - Found 201 boards, 25 of them is supported for  Bsp
2024-09-15 14:27:00,062 [INFO] ApiDb:668 - CubeFinder database Data Model version=2.1
2024-09-15 14:27:00,062 [INFO] ApiDb:669 - CubeFinder database Configuration version=3.0.39
2024-09-15 14:27:00,062 [INFO] ApiDb:670 - CubeFinder database generation date=2024-08-06 (1722941618)
2024-09-15 14:27:00,062 [INFO] ApiDb:671 - CubeFinder database FW Pack versions=[FP-ATR-ASTRA1_V2.0.0, FP-SNS-FLIGHT1_V5.0.2, FP-SNS-MOTENV1_V5.0.0, FP-SNS-MOTENVWB1_V1.4.0, FP-SNS-SMARTAG2_V1.2.0, FP-SNS-STBOX1_V2.0.0, STM32Cube_FW_C0_V1.2.0, STM32Cube_FW_F4_V1.28.0, STM32Cube_FW_F7_V1.17.2, STM32Cube_FW_G0_V1.6.2, STM32Cube_FW_G4_V1.6.0, STM32Cube_FW_H5_V1.3.0, STM32Cube_FW_H7RS_V1.1.0, STM32Cube_FW_H7_V1.11.2, STM32Cube_FW_L0_V1.12.2, STM32Cube_FW_L5_V1.5.1, STM32Cube_FW_U0_V1.1.0, STM32Cube_FW_U5_V1.6.0, STM32Cube_FW_WB0_V1.0.0, STM32Cube_FW_WBA_V1.4.1, STM32Cube_FW_WB_V1.20.0, STM32Cube_FW_WL_V1.3.0, X-CUBE-ALGOBUILD_V1.4.0, X-CUBE-ALS_V1.0.2, X-CUBE-AZRTOS-F4_V1.1.0, X-CUBE-AZRTOS-F7_V1.1.0, X-CUBE-AZRTOS-G0_V1.1.0, X-CUBE-AZRTOS-G4_V2.0.0, X-CUBE-AZRTOS-H7RS_V1.0.0, X-CUBE-AZRTOS-H7_V3.2.0, X-CUBE-AZRTOS-L4_V2.0.0, X-CUBE-AZRTOS-L5_V1.1.0, X-CUBE-AZRTOS-WB_V2.0.0, X-CUBE-AZRTOS-WL_V2.0.0, X-CUBE-BLE1_V7.0.0, X-CUBE-BLE2_V3.3.0, X-CUBE-BLEMGR_V3.1.0, X-CUBE-EEPRMA1_V5.1.0, X-CUBE-FREERTOS_V1.2.0, X-CUBE-GNSS1_V6.0.0, X-CUBE-MEMS1_V10.0.0, X-CUBE-NFC4_V3.0.0, X-CUBE-NFC7_V1.0.1, X-CUBE-SFXS2LP1_V4.0.0, X-CUBE-SUBG2_V5.0.0, X-CUBE-TOF1_V3.4.2]
2024-09-15 14:27:01,623 [INFO] ApiDb:240 - Found 646 in-development CPN: [B-G473E-ZEST1S, B-WB1M-WPAN1, B-WL5M-SUBG1, NUCLEO-C031C6, NUCLEO-C071RB, NUCLEO-H503RB, NUCLEO-H533RE, NUCLEO-H563ZI, NUCLEO-H7S3L8, NUCLEO-U031R8, NUCLEO-U083RC, NUCLEO-U545RE-Q, NUCLEO-U5A5ZJ-Q, NUCLEO-WB05KZ, NUCLEO-WB07CC, NUCLEO-WB09KE, NUCLEO-WBA52CG, NUCLEO-WBA55CG, STEVAL-PROTEUS1, STEVAL-SMARTAG2, STEVAL-STWINBX1, STM320518-EVAL, STM32C0116-DK, STM32C011D6Y3TR, STM32C011D6Y6TR, STM32C011F4P3, STM32C011F4P6, STM32C011F4U3, STM32C011F4U6TR, STM32C011F6P3, STM32C011F6P6, STM32C011F6U3, STM32C011F6U6TR, STM32C011J4M3, STM32C011J4M6, STM32C011J6M3, STM32C011J6M6, STM32C0316-DK, STM32C031C4T3, STM32C031C4T6, STM32C031C4U3, STM32C031C4U6, STM32C031C6T3, STM32C031C6T6, STM32C031C6U3, STM32C031C6U6, STM32C031F4P3, STM32C031F4P6, STM32C031F6P3, STM32C031F6P6, STM32C031G4U3, STM32C031G4U6, STM32C031G6U3, STM32C031G6U6, STM32C031K4T3, STM32C031K4T6, STM32C031K4U3, STM32C031K4U6, STM32C031K6T3, STM32C031K6T6, STM32C031K6U3, STM32C031K6U6, STM32C071C8T6, STM32C071C8T6N, STM32C071C8U6, STM32C071C8U6N, STM32C071CBT6, STM32C071CBT6N, STM32C071CBU6, STM32C071CBU6N, STM32C071F8P6, STM32C071F8P6N, STM32C071FBP6, STM32C071FBP6N, STM32C071FBY6TR, STM32C071G8U6, STM32C071G8U6N, STM32C071GBU6, STM32C071GBU6N, STM32C071K8T6, STM32C071K8T6N, STM32C071K8U6, STM32C071K8U6N, STM32C071KBT6, STM32C071KBT6N, STM32C071KBU6, STM32C071KBU6N, STM32C071R8T6, STM32C071R8T6N, STM32C071RBI6N, STM32C071RBT6, STM32C071RBT6N, STM32G071K8TXN, STM32G071K8UXN, STM32G081GBU6N, STM32G081KBT6N, STM32G081KBUXN, STM32G0B1CCT6N, STM32G0B1KCT6, STM32G0B1NEY6TR, STM32G0B1RCT6N, STM32G0C1CCT6, STM32G0C1CCT6N, STM32G0C1CCU6N, STM32G0C1CET6N, STM32G0C1CEU6N, STM32G0C1KCT6, STM32G0C1NEY6TR, STM32G0C1RCI6N, STM32G0C1RCT6N, STM32G0C1REI6N, STM32G0C1RET6N, STM32G0C1VCI6, STM32G0C1VEI6, STM32G411C6T3, STM32G411C6T6, STM32G411C6U3, STM32G411C6U6, STM32G411C8T3, STM32G411C8T6, STM32G411C8U3, STM32G411C8U6, STM32G411CBT3, STM32G411CBT6, STM32G411CBU3, STM32G411CBU6, STM32G411K6T3, STM32G411K6T6, STM32G411K6U3, STM32G411K6U6, STM32G411K8T3, STM32G411K8T6, STM32G411K8U3, STM32G411K8U6, STM32G411KBT3, STM32G411KBT6, STM32G411KBU3, STM32G411KBU6, STM32G411M6T3, STM32G411M6T6, STM32G411M8T3, STM32G411M8T6, STM32G411MBT3, STM32G411MBT6, STM32G411R6T3, STM32G411R6T6, STM32G411R8T3, STM32G411R8T6, STM32G411RBT3, STM32G411RBT6, STM32G414CBT3, STM32G414CBT6, STM32G414CBU3, STM32G414CBU6, STM32G414CCT3, STM32G414CCT6, STM32G414CCU3, STM32G414CCU6, STM32G414MBT3, STM32G414MBT6, STM32G414MCT3, STM32G414MCT6, STM32G414RBT3, STM32G414RBT6, STM32G414RCT3, STM32G414RCT6, STM32G414VBT3, STM32G414VBT6, STM32G414VCT3, STM32G414VCT6, STM32G431CBT3Z, STM32G431RBT3Z, STM32G471CCT6, STM32G471CCU6, STM32G471CET3, STM32G471CET6, STM32G471CEU3, STM32G471CEU6, STM32G471MCT6, STM32G471MET3, STM32G471MET6, STM32G471MEY6TR, STM32G471QCT6, STM32G471QET3, STM32G471RCT6, STM32G471RET3, STM32G471RET6, STM32G471VCH6, STM32G471VCI6, STM32G471VCT6, STM32G471VEH3, STM32G471VEH6, STM32G471VEI3, STM32G471VEI6, STM32G471VET3, STM32G471VET6, STM32G473QET3Z, STM32G473RET3Z, STM32G474CCT6, STM32G491RET3Z, STM32H503CBT6, STM32H503CBU6, STM32H503EBY6TR, STM32H503KBU6, STM32H503RBT6, STM32H523CCT6, STM32H523CCU6, STM32H523CET6, STM32H523CEU6, STM32H523HEY6TR, STM32H523RCT6, STM32H523RET6, STM32H523VCI6, STM32H523VCT6, STM32H523VEI6, STM32H523VET6, STM32H523ZCJ6, STM32H523ZCT6, STM32H523ZEJ6, STM32H523ZET6, STM32H533CET6, STM32H533CEU6, STM32H533HEY6TR, STM32H533RET6, STM32H533VEI6, STM32H533VET6, STM32H533ZEJ6, STM32H533ZET6, STM32H562AGI6, STM32H562AII6, STM32H562IGK6, STM32H562IGT6, STM32H562IIK6, STM32H562IIT6, STM32H562RGT6, STM32H562RGV6, STM32H562RIT6, STM32H562RIV6, STM32H562VGT6, STM32H562VIT6, STM32H562ZGT6, STM32H562ZIT6, STM32H563AGI6, STM32H563AII3Q, STM32H563AII6, STM32H563IGK6, STM32H563IGT6, STM32H563IIK3Q, STM32H563IIK6, STM32H563IIT3Q, STM32H563IIT6, STM32H563MIY3QTR, STM32H563RGT6, STM32H563RGV6, STM32H563RIT6, STM32H563RIV6, STM32H563VGT6, STM32H563VIT3Q, STM32H563VIT6, STM32H563ZGT6, STM32H563ZIT3Q, STM32H563ZIT6, STM32H573AII3Q, STM32H573AII6, STM32H573I-DK, STM32H573IIK3Q, STM32H573IIK6, STM32H573IIT3Q, STM32H573IIT6, STM32H573MIY3QTR, STM32H573RIT6, STM32H573RIV6, STM32H573VIT3Q, STM32H573VIT6, STM32H573ZIT3Q, STM32H573ZIT6, STM32H7R3A8I6, STM32H7R3I8K6, STM32H7R3I8T6, STM32H7R3L8H6, STM32H7R3L8H6H, STM32H7R3R8V6, STM32H7R3V8H6, STM32H7R3V8T6, STM32H7R3V8Y6TR, STM32H7R3Z8J6, STM32H7R3Z8T6, STM32H7R7A8I6, STM32H7R7I8K6, STM32H7R7I8T6, STM32H7R7L8H6, STM32H7R7L8H6H, STM32H7R7Z8J6, STM32H7S3A8I6, STM32H7S3I8K6, STM32H7S3I8T6, STM32H7S3L8H6, STM32H7S3L8H6H, STM32H7S3R8V6, STM32H7S3V8H6, STM32H7S3V8T6, STM32H7S3V8Y6TR, STM32H7S3Z8J6, STM32H7S3Z8T6, STM32H7S78-DK, STM32H7S7A8I6, STM32H7S7I8K6, STM32H7S7I8T6, STM32H7S7L8H6, STM32H7S7L8H6H, STM32H7S7Z8J6, STM32L4R5QGI6STR, STM32MP131AAE3, STM32MP131AAF3, STM32MP131AAG3, STM32MP131CAE3, STM32MP131CAF3, STM32MP131CAG3, STM32MP131DAE7, STM32MP131DAF7, STM32MP131DAG7, STM32MP131FAE7, STM32MP131FAF7, STM32MP131FAG7, STM32MP133AAE3, STM32MP133AAF3, STM32MP133AAG3, STM32MP133CAE3, STM32MP133CAF3, STM32MP133CAG3, STM32MP133DAE7, STM32MP133DAF7, STM32MP133DAG7, STM32MP133FAE7, STM32MP133FAF7, STM32MP133FAG7, STM32MP135AAE3, STM32MP135AAF3, STM32MP135AAG3, STM32MP135CAE3, STM32MP135CAF3, STM32MP135CAG3, STM32MP135DAE7, STM32MP135DAF7, STM32MP135DAG7, STM32MP135F-DK, STM32MP135FAE7, STM32MP135FAF7, STM32MP135FAF7T, STM32MP135FAF7U, STM32MP135FAG7, STM32MP251AAI3, STM32MP251AAK3, STM32MP251AAL3, STM32MP251CAI3, STM32MP251CAK3, STM32MP251CAL3, STM32MP251DAI3, STM32MP251DAK3, STM32MP251DAL3, STM32MP251FAI3, STM32MP251FAK3, STM32MP251FAL3, STM32MP253AAI3, STM32MP253AAK3, STM32MP253AAL3, STM32MP253CAI3, STM32MP253CAK3, STM32MP253CAL3, STM32MP253DAI3, STM32MP253DAK3, STM32MP253DAL3, STM32MP253FAI3, STM32MP253FAK3, STM32MP253FAL3, STM32MP255AAI3, STM32MP255AAK3, STM32MP255AAL3, STM32MP255CAI3, STM32MP255CAK3, STM32MP255CAL3, STM32MP255DAI3, STM32MP255DAK3, STM32MP255DAL3, STM32MP255FAI3, STM32MP255FAK3, STM32MP255FAL3, STM32MP257AAI3, STM32MP257AAK3, STM32MP257AAL3, STM32MP257CAI3, STM32MP257CAK3, STM32MP257CAL3, STM32MP257DAI3, STM32MP257DAK3, STM32MP257DAL3, STM32MP257F-DK, STM32MP257F-EV1, STM32MP257FAI3, STM32MP257FAK3, STM32MP257FAL3, STM32U031C6T6, STM32U031C6U6, STM32U031C8T6, STM32U031C8U6, STM32U031F4P6, STM32U031F6P6, STM32U031F8P6, STM32U031G6Y6TR, STM32U031G8Y6TR, STM32U031K4U6, STM32U031K6U6, STM32U031K8U6, STM32U031R6I6, STM32U031R6T6, STM32U031R8I6, STM32U031R8T6, STM32U073C8T6, STM32U073C8U6, STM32U073CBT6, STM32U073CBU6, STM32U073CCT6, STM32U073CCU6, STM32U073H8Y6TR, STM32U073HBY6TR, STM32U073HCY6TR, STM32U073K8U6, STM32U073KBU6, STM32U073KCU6, STM32U073M8I6, STM32U073M8T6, STM32U073MBI6, STM32U073MBT6, STM32U073MCI6, STM32U073MCT6, STM32U073R8I6, STM32U073R8T6, STM32U073RBI6, STM32U073RBT6, STM32U073RCI6, STM32U073RCT6, STM32U083C-DK, STM32U083CCT6, STM32U083CCU6, STM32U083HCY6TR, STM32U083KCU6, STM32U083MCI6, STM32U083MCT6, STM32U083RCI6, STM32U083RCT6, STM32U535CBT6, STM32U535CBT6Q, STM32U535CBU6, STM32U535CBU6Q, STM32U535CCT6, STM32U535CCT6Q, STM32U535CCU6, STM32U535CCU6Q, STM32U535CET6, STM32U535CET6Q, STM32U535CEU6, STM32U535CEU6Q, STM32U535JEY6QTR, STM32U535NCY6QTR, STM32U535NEY6QTR, STM32U535RBI6, STM32U535RBI6Q, STM32U535RBT6, STM32U535RBT6Q, STM32U535RCI6, STM32U535RCI6Q, STM32U535RCT6, STM32U535RCT6Q, STM32U535REI6, STM32U535REI6Q, STM32U535RET6, STM32U535RET6Q, STM32U535VCI6, STM32U535VCI6Q, STM32U535VCT6, STM32U535VCT6Q, STM32U535VEI6, STM32U535VEI6Q, STM32U535VET6, STM32U535VET6Q, STM32U545CET6, STM32U545CET6Q, STM32U545CEU6, STM32U545CEU6Q, STM32U545JEY6QTR, STM32U545NEY6QTR, STM32U545REI6, STM32U545REI6Q, STM32U545RET6, STM32U545RET6Q, STM32U545VEI6, STM32U545VEI6Q, STM32U545VET6, STM32U545VET6Q, STM32U595AIH6, STM32U595AIH6Q, STM32U595AJH6, STM32U595AJH6Q, STM32U595QII6, STM32U595QII6Q, STM32U595QJI6, STM32U595QJI6Q, STM32U595RIT6, STM32U595RIT6Q, STM32U595RJT6, STM32U595RJT6Q, STM32U595VIT6, STM32U595VIT6Q, STM32U595VJT6, STM32U595VJT6Q, STM32U595ZIT6, STM32U595ZIT6Q, STM32U595ZIY6QTR, STM32U595ZJT6, STM32U595ZJT6Q, STM32U595ZJY6QTR, STM32U599BJY6QTR, STM32U599NIH6Q, STM32U599NJH6Q, STM32U599VIT6Q, STM32U599VJT6, STM32U599VJT6Q, STM32U599ZIT6Q, STM32U599ZIY6QTR, STM32U599ZJT6Q, STM32U599ZJY6QTR, STM32U5A5AJH6, STM32U5A5AJH6Q, STM32U5A5QII3Q , STM32U5A5QJI6, STM32U5A5QJI6Q, STM32U5A5RJT6, STM32U5A5RJT6Q, STM32U5A5VJT6, STM32U5A5VJT6Q, STM32U5A5ZJT6, STM32U5A5ZJT6Q, STM32U5A5ZJY6QTR, STM32U5A9BJY6QTR, STM32U5A9J-DK, STM32U5A9NJH6Q, STM32U5A9VJT6Q, STM32U5A9ZJT6Q, STM32U5A9ZJY6QTR, STM32U5F7VIT6, STM32U5F7VIT6Q, STM32U5F7VJT6, STM32U5F7VJT6Q, STM32U5F9BJY6QTR, STM32U5F9NJH6Q, STM32U5F9VIT6Q, STM32U5F9VJT6Q, STM32U5F9ZIJ6QTR, STM32U5F9ZIT6Q, STM32U5F9ZJJ6QTR, STM32U5F9ZJT6Q, STM32U5G7VJT6, STM32U5G7VJT6Q, STM32U5G9BJY6QTR, STM32U5G9J-DK1, STM32U5G9J-DK2, STM32U5G9NJH6Q, STM32U5G9VJT6Q, STM32U5G9ZJJ6QTR, STM32U5G9ZJT6Q, STM32WB05KZV6TR, STM32WB05KZV7TR, STM32WB05TZF6TR, STM32WB05TZF7TR, STM32WB06CCF6TR, STM32WB06CCF7TR, STM32WB06CCV6TR, STM32WB06CCV7TR, STM32WB06KCV6TR, STM32WB06KCV7TR, STM32WB07CCF6TR, STM32WB07CCF7TR, STM32WB07CCV6TR, STM32WB07CCV7TR, STM32WB07KCV6TR, STM32WB07KCV7TR, STM32WB09KEV6TR, STM32WB09KEV7TR, STM32WB09TEF6TR, STM32WB09TEF7TR, STM32WB1MMCH6, STM32WBA50KGU6, STM32WBA50KGU6TR, STM32WBA52CEU6, STM32WBA52CEU6TR, STM32WBA52CEU7, STM32WBA52CEU7TR, STM32WBA52CGU6, STM32WBA52CGU6TR, STM32WBA52CGU6U, STM32WBA52CGU7, STM32WBA52CGU7TR, STM32WBA52KEU6, STM32WBA52KEU6TR, STM32WBA52KGU6, STM32WBA52KGU6TR, STM32WBA54CEU6, STM32WBA54CEU6TR, STM32WBA54CEU7, STM32WBA54CEU7TR, STM32WBA54CGU6, STM32WBA54CGU6TR, STM32WBA54CGU7, STM32WBA54CGU7TR, STM32WBA54KEU6, STM32WBA54KEU6TR, STM32WBA54KEU7, STM32WBA54KEU7TR, STM32WBA54KGU6, STM32WBA54KGU6TR, STM32WBA54KGU7, STM32WBA54KGU7TR, STM32WBA55CEU6, STM32WBA55CEU6TR, STM32WBA55CEU7, STM32WBA55CEU7TR, STM32WBA55CGU6, STM32WBA55CGU6TR, STM32WBA55CGU6U, STM32WBA55CGU7, STM32WBA55CGU7TR, STM32WBA55G-DK1, STM32WBA55HEF6, STM32WBA55HEF7, STM32WBA55HGF6, STM32WBA55HGF7, STM32WBA55UEI6, STM32WBA55UEI6TR, STM32WBA55UEI7, STM32WBA55UEI7TR, STM32WBA55UGI6, STM32WBA55UGI6TR, STM32WBA55UGI7, STM32WBA55UGI7TR, STM32WL5MOCH6, STM32WL5MOCH6TR]
2024-09-15 14:27:01,628 [INFO] DbMcus:218 - Found 4251 MCUs, 4251 are supported
2024-09-15 14:27:01,629 [INFO] ApiDb:423 - Load user favorites file C:\Users\umutu/.stm32cubeide/favorites.mcus.txt: 0 item(s)
2024-09-15 14:27:01,629 [INFO] ApiDb:427 - User favorites MCUs=[]
2024-09-15 14:27:01,630 [INFO] DbMcus:224 - Set 0 / 0 favorites MCUs
2024-09-15 14:27:01,853 [INFO] ApiDb:423 - Load user favorites file C:\Users\umutu/.stm32cubeide/favorites.boards.txt: 1 item(s)
2024-09-15 14:27:01,853 [INFO] ApiDb:427 - User favorites Boards=[NUCLEO-F401RE]
2024-09-15 14:27:01,853 [INFO] DbBoards:198 - Set 1 / 1 favorites Boards
2024-09-15 14:27:01,914 [INFO] UtilMem:75 - End LoadConfig() Used Memory: 882380992 Bytes (1073741824)
2024-09-15 14:27:02,075 [WARN] ThirdParty:833 - waiting for thirdparty lock release [change project]
2024-09-15 14:27:02,075 [INFO] ThirdParty:835 - entering critical section [change project]
2024-09-15 14:27:02,075 [INFO] ThirdParty:1030 - CMSIS Pack Vendor :STMicroelectronics USBPD 4.1
2024-09-15 14:27:02,076 [INFO] ThirdParty:1030 - CMSIS Pack Vendor :STMicroelectronics X-CUBE-GNSS1 6.0.0
2024-09-15 14:27:02,076 [INFO] ThirdParty:1030 - CMSIS Pack Vendor :STMicroelectronics USB_HOST 2.0.0
2024-09-15 14:27:02,076 [INFO] ThirdParty:1030 - CMSIS Pack Vendor :STMicroelectronics FP-SNS-MOTENVWB1 1.4.0
2024-09-15 14:27:02,076 [INFO] ThirdParty:1030 - CMSIS Pack Vendor :STMicroelectronics X-CUBE-AZRTOS-F4 1.1.0
2024-09-15 14:27:02,076 [INFO] ThirdParty:1030 - CMSIS Pack Vendor :STMicroelectronics LIBJPEG 8.0.0
2024-09-15 14:27:02,076 [INFO] ThirdParty:1030 - CMSIS Pack Vendor :wolfSSL I-CUBE-wolfSSL 5.6.3
2024-09-15 14:27:02,076 [INFO] ThirdParty:1030 - CMSIS Pack Vendor :STMicroelectronics X-CUBE-SMBUS 2.1.0
2024-09-15 14:27:02,076 [INFO] ThirdParty:1030 - CMSIS Pack Vendor :STMicroelectronics X-CUBE-FREERTOS 1.2.0
2024-09-15 14:27:02,076 [INFO] ThirdParty:1030 - CMSIS Pack Vendor :STMicroelectronics X-CUBE-TOUCHGFX 4.23.0
2024-09-15 14:27:02,076 [INFO] ThirdParty:1030 - CMSIS Pack Vendor :STMicroelectronics X-CUBE-AZRTOS-F7 1.1.0
2024-09-15 14:27:02,076 [INFO] ThirdParty:1030 - CMSIS Pack Vendor :STMicroelectronics X-CUBE-AZRTOS-L5 2.0.0
2024-09-15 14:27:02,076 [INFO] ThirdParty:1030 - CMSIS Pack Vendor :STMicroelectronics USB_DEVICE 2.0.0
2024-09-15 14:27:02,077 [INFO] ThirdParty:1030 - CMSIS Pack Vendor :STMicroelectronics X-CUBE-MEMS1 9.6.0
2024-09-15 14:27:02,077 [INFO] ThirdParty:1030 - CMSIS Pack Vendor :STMicroelectronics X-CUBE-EEPRMA1 4.2.0
2024-09-15 14:27:02,077 [INFO] ThirdParty:1030 - CMSIS Pack Vendor :STMicroelectronics X-CUBE-NFC6 3.1.0
2024-09-15 14:27:02,077 [INFO] ThirdParty:1030 - CMSIS Pack Vendor :ITTIA_DB I-CUBE-ITTIADB 8.8.0
2024-09-15 14:27:02,077 [INFO] ThirdParty:1030 - CMSIS Pack Vendor :STMicroelectronics FP-SNS-MOTENV1 4.3.2
2024-09-15 14:27:02,077 [INFO] ThirdParty:1030 - CMSIS Pack Vendor :STMicroelectronics X-CUBE-MEMS1 11.0.0
2024-09-15 14:27:02,077 [INFO] ThirdParty:1030 - CMSIS Pack Vendor :STMicroelectronics X-CUBE-BLE1 6.2.4
2024-09-15 14:27:02,077 [INFO] ThirdParty:1030 - CMSIS Pack Vendor :STMicroelectronics FreeRTOS 0.0.1
2024-09-15 14:27:02,077 [INFO] ThirdParty:1030 - CMSIS Pack Vendor :STMicroelectronics X-CUBE-BLEMGR 2.0.0
2024-09-15 14:27:02,077 [INFO] ThirdParty:1030 - CMSIS Pack Vendor :STMicroelectronics X-CUBE-DPower 1.2.0
2024-09-15 14:27:02,077 [INFO] ThirdParty:1030 - CMSIS Pack Vendor :STMicroelectronics FP-SNS-FLIGHT1 5.0.2
2024-09-15 14:27:02,077 [INFO] ThirdParty:1030 - CMSIS Pack Vendor :STMicroelectronics X-CUBE-AI 9.0.0
2024-09-15 14:27:02,077 [INFO] ThirdParty:1030 - CMSIS Pack Vendor :STMicroelectronics X-CUBE-AZRTOS-H7 3.1.0
2024-09-15 14:27:02,077 [INFO] ThirdParty:1030 - CMSIS Pack Vendor :STMicroelectronics PDM2PCM 3.3.0
2024-09-15 14:27:02,077 [INFO] ThirdParty:1030 - CMSIS Pack Vendor :STMicroelectronics X-CUBE-DISPLAY 3.0.0
2024-09-15 14:27:02,077 [INFO] ThirdParty:1030 - CMSIS Pack Vendor :STMicroelectronics X-CUBE-BLE1 7.0.0
2024-09-15 14:27:02,077 [INFO] ThirdParty:1030 - CMSIS Pack Vendor :STMicroelectronics HAL Drivers 0.0.0
2024-09-15 14:27:02,077 [INFO] ThirdParty:1030 - CMSIS Pack Vendor :emotas I-CUBE-CANOPEN 1.3.0
2024-09-15 14:27:02,077 [INFO] ThirdParty:1030 - CMSIS Pack Vendor :STMicroelectronics X-CUBE-TOUCHGFX 4.22.0
2024-09-15 14:27:02,077 [INFO] ThirdParty:1030 - CMSIS Pack Vendor :STMicroelectronics X-CUBE-NFC7 1.0.1
2024-09-15 14:27:02,077 [INFO] ThirdParty:1030 - CMSIS Pack Vendor :STMicroelectronics MBEDTLS 2.14.1
2024-09-15 14:27:02,077 [INFO] ThirdParty:1030 - CMSIS Pack Vendor :STMicroelectronics X-CUBE-TOUCHGFX 4.22.1
2024-09-15 14:27:02,077 [INFO] ThirdParty:1030 - CMSIS Pack Vendor :wolfSSL I-CUBE-wolfTPM 3.2.0
2024-09-15 14:27:02,077 [INFO] ThirdParty:1030 - CMSIS Pack Vendor :STMicroelectronics X-CUBE-NFC6 3.0.0
2024-09-15 14:27:02,077 [INFO] ThirdParty:1030 - CMSIS Pack Vendor :STMicroelectronics X-CUBE-EEPRMA1 4.1.0
2024-09-15 14:27:02,077 [INFO] ThirdParty:1030 - CMSIS Pack Vendor :STMicroelectronics X-CUBE-BLEMGR 3.1.0
2024-09-15 14:27:02,078 [INFO] ThirdParty:1030 - CMSIS Pack Vendor :STMicroelectronics FP-SNS-SMARTAG2 1.2.0
2024-09-15 14:27:02,078 [INFO] ThirdParty:1030 - CMSIS Pack Vendor :STMicroelectronics X-CUBE-AZRTOS-WL 2.0.0
2024-09-15 14:27:02,078 [INFO] ThirdParty:1030 - CMSIS Pack Vendor :STMicroelectronics FP-SNS-MOTENV1 5.0.0
2024-09-15 14:27:02,078 [INFO] ThirdParty:1030 - CMSIS Pack Vendor :STMicroelectronics USB_DEVICE 1.0.0
2024-09-15 14:27:02,078 [INFO] ThirdParty:1030 - CMSIS Pack Vendor :STMicroelectronics X-CUBE-AI 8.1.0
2024-09-15 14:27:02,078 [INFO] ThirdParty:1030 - CMSIS Pack Vendor :wolfSSL I-CUBE-wolfMQTT 1.19.0
2024-09-15 14:27:02,078 [INFO] ThirdParty:1030 - CMSIS Pack Vendor :STMicroelectronics X-CUBE-AZRTOS-L4 2.0.0
2024-09-15 14:27:02,078 [INFO] ThirdParty:1030 - CMSIS Pack Vendor :STMicroelectronics ThreadX 0.0.2
2024-09-15 14:27:02,078 [INFO] ThirdParty:1030 - CMSIS Pack Vendor :WES I-CUBE-Cesium 1.3.0
2024-09-15 14:27:02,078 [INFO] ThirdParty:1030 - CMSIS Pack Vendor :STMicroelectronics lwIP 2.1.2
2024-09-15 14:27:02,078 [INFO] ThirdParty:1030 - CMSIS Pack Vendor :STMicroelectronics X-CUBE-SFXS2LP1 4.0.0
2024-09-15 14:27:02,078 [INFO] ThirdParty:1030 - CMSIS Pack Vendor :STMicroelectronics X-CUBE-BLE2 3.3.0
2024-09-15 14:27:02,078 [INFO] ThirdParty:1030 - CMSIS Pack Vendor :STMicroelectronics PDM2PCM 3.2.0
2024-09-15 14:27:02,078 [INFO] ThirdParty:1030 - CMSIS Pack Vendor :STMicroelectronics X-CUBE-ISPU 1.1.0
2024-09-15 14:27:02,078 [INFO] ThirdParty:1030 - CMSIS Pack Vendor :STMicroelectronics X-CUBE-AZRTOS-H7 3.3.0
2024-09-15 14:27:02,078 [INFO] ThirdParty:1030 - CMSIS Pack Vendor :STMicroelectronics USB_DEVICE 3.0.0
2024-09-15 14:27:02,078 [INFO] ThirdParty:1030 - CMSIS Pack Vendor :STMicroelectronics X-CUBE-TCPP 4.1.0
2024-09-15 14:27:02,078 [INFO] ThirdParty:1030 - CMSIS Pack Vendor :STMicroelectronics X-CUBE-AZRTOS-WB 2.0.0
2024-09-15 14:27:02,078 [INFO] ThirdParty:1030 - CMSIS Pack Vendor :STMicroelectronics X-CUBE-FREERTOS 1.0.1
2024-09-15 14:27:02,078 [INFO] ThirdParty:1030 - CMSIS Pack Vendor :STMicroelectronics X-CUBE-GNSS1 7.0.0
2024-09-15 14:27:02,078 [INFO] ThirdParty:1030 - CMSIS Pack Vendor :STMicroelectronics FP-SNS-STBOX1 2.0.0
2024-09-15 14:27:02,078 [INFO] ThirdParty:1030 - CMSIS Pack Vendor :STMicroelectronics X-CUBE-ALGOBUILD 1.3.0
2024-09-15 14:27:02,078 [INFO] ThirdParty:1030 - CMSIS Pack Vendor :STMicroelectronics X-CUBE-AZRTOS-L5 1.1.0
2024-09-15 14:27:02,078 [INFO] ThirdParty:1030 - CMSIS Pack Vendor :STMicroelectronics X-CUBE-AZRTOS-G0 1.1.0
2024-09-15 14:27:02,078 [INFO] ThirdParty:1030 - CMSIS Pack Vendor :STMicroelectronics X-CUBE-AI 8.0.1
2024-09-15 14:27:02,078 [INFO] ThirdParty:1030 - CMSIS Pack Vendor :STMicroelectronics X-CUBE-SAFEA1 1.2.2
2024-09-15 14:27:02,078 [INFO] ThirdParty:1030 - CMSIS Pack Vendor :STMicroelectronics X-CUBE-NFC4 3.0.0
2024-09-15 14:27:02,078 [INFO] ThirdParty:1030 - CMSIS Pack Vendor :STMicroelectronics X-CUBE-SUBG2 5.0.0
2024-09-15 14:27:02,078 [INFO] ThirdParty:1030 - CMSIS Pack Vendor :STMicroelectronics STM32_WPAN 1.0.0
2024-09-15 14:27:02,078 [INFO] ThirdParty:1030 - CMSIS Pack Vendor :EmbeddedOffice I-CUBE-FS-RTOS 1.0.1
2024-09-15 14:27:02,078 [INFO] ThirdParty:1030 - CMSIS Pack Vendor :STMicroelectronics lwIP 2.0.3
2024-09-15 14:27:02,078 [INFO] ThirdParty:1030 - CMSIS Pack Vendor :Cesanta I-CUBE-Mongoose 7.13.0
2024-09-15 14:27:02,078 [INFO] ThirdParty:1030 - CMSIS Pack Vendor :STMicroelectronics USB_HOST 1.0.0
2024-09-15 14:27:02,078 [INFO] ThirdParty:1030 - CMSIS Pack Vendor :STMicroelectronics X-CUBE-TOF1 3.3.1
2024-09-15 14:27:02,078 [INFO] ThirdParty:1030 - CMSIS Pack Vendor :STMicroelectronics X-CUBE-AZRTOS-G4 2.0.0
2024-09-15 14:27:02,078 [INFO] ThirdParty:1030 - CMSIS Pack Vendor :STMicroelectronics PDM2PCM 3.1.0
2024-09-15 14:27:02,079 [INFO] ThirdParty:1030 - CMSIS Pack Vendor :Infineon AIROC-Wi-Fi-Bluetooth-STM32 1.5.1
2024-09-15 14:27:02,079 [INFO] ThirdParty:1030 - CMSIS Pack Vendor :STMicroelectronics X-CUBE-BLEMGR 3.0.0
2024-09-15 14:27:02,079 [INFO] ThirdParty:1030 - CMSIS Pack Vendor :STMicroelectronics FP-SNS-MOTENVWB1 1.3.0
2024-09-15 14:27:02,079 [INFO] ThirdParty:1030 - CMSIS Pack Vendor :RealThread X-CUBE-RT-Thread_Nano 4.1.1
2024-09-15 14:27:02,079 [INFO] ThirdParty:1030 - CMSIS Pack Vendor :STMicroelectronics FP-SNS-MOTENVWB1 1.3.1
2024-09-15 14:27:02,079 [INFO] ThirdParty:1030 - CMSIS Pack Vendor :STMicroelectronics FP-ATR-SIGFOX1 3.2.0
2024-09-15 14:27:02,079 [INFO] ThirdParty:1030 - CMSIS Pack Vendor :STMicroelectronics X-CUBE-ISPU 2.0.0
2024-09-15 14:27:02,079 [INFO] ThirdParty:1030 - CMSIS Pack Vendor :STMicroelectronics X-CUBE-EEPRMA1 5.1.0
2024-09-15 14:27:02,079 [INFO] ThirdParty:1030 - CMSIS Pack Vendor :STMicroelectronics MBEDTLS 2.16.2
2024-09-15 14:27:02,079 [INFO] ThirdParty:1030 - CMSIS Pack Vendor :STMicroelectronics X-CUBE-ALS 1.0.2
2024-09-15 14:27:02,079 [INFO] ThirdParty:1030 - CMSIS Pack Vendor :STMicroelectronics X-CUBE-MEMS1 10.0.0
2024-09-15 14:27:02,079 [INFO] ThirdParty:1030 - CMSIS Pack Vendor :STMicroelectronics X-CUBE-FREERTOS 1.1.0
2024-09-15 14:27:02,079 [INFO] ThirdParty:1030 - CMSIS Pack Vendor :STMicroelectronics X-CUBE-TOUCHGFX 4.24.0
2024-09-15 14:27:02,079 [INFO] ThirdParty:1030 - CMSIS Pack Vendor :portGmbH I-Cube-SoM-uGOAL 1.1.0
2024-09-15 14:27:02,079 [INFO] ThirdParty:1030 - CMSIS Pack Vendor :STMicroelectronics X-CUBE-ALS 1.0.1
2024-09-15 14:27:02,079 [INFO] ThirdParty:1030 - CMSIS Pack Vendor :STMicroelectronics ThreadX 1.0.0
2024-09-15 14:27:02,079 [INFO] ThirdParty:1030 - CMSIS Pack Vendor :STMicroelectronics X-CUBE-AZRTOS-WB 1.1.0
2024-09-15 14:27:02,079 [INFO] ThirdParty:1030 - CMSIS Pack Vendor :SEGGER I-CUBE-embOS 1.3.1
2024-09-15 14:27:02,079 [INFO] ThirdParty:1030 - CMSIS Pack Vendor :STMicroelectronics X-CUBE-ALGOBUILD 1.4.0
2024-09-15 14:27:02,079 [INFO] ThirdParty:1030 - CMSIS Pack Vendor :STMicroelectronics X-CUBE-AZRTOS-H7RS 1.0.0
2024-09-15 14:27:02,079 [INFO] ThirdParty:1030 - CMSIS Pack Vendor :STMicroelectronics FP-ATR-ASTRA1 2.0.0
2024-09-15 14:27:02,079 [INFO] ThirdParty:1030 - CMSIS Pack Vendor :STMicroelectronics X-CUBE-TOF1 3.4.2
2024-09-15 14:27:02,079 [INFO] ThirdParty:1030 - CMSIS Pack Vendor :STMicroelectronics X-CUBE-TOF1 3.4.0
2024-09-15 14:27:02,079 [INFO] ThirdParty:1030 - CMSIS Pack Vendor :STMicroelectronics X-CUBE-TOF1 3.4.1
2024-09-15 14:27:02,079 [INFO] ThirdParty:1030 - CMSIS Pack Vendor :STMicroelectronics X-CUBE-AZRTOS-H7 3.2.0
2024-09-15 14:27:02,079 [INFO] ThirdParty:1030 - CMSIS Pack Vendor :wolfSSL I-CUBE-wolfSSH 1.4.17
2024-09-15 14:27:02,079 [INFO] ThirdParty:841 - exiting critical section [change project]
2024-09-15 14:27:03,045 [INFO] PinOutPanel:1561 - setPackage(No Configuration,No Configuration)
2024-09-15 14:27:03,047 [INFO] PinOutPanel:1561 - setPackage(STM32U575VGTx,LQFP100)
2024-09-15 14:27:03,638 [INFO] MemInfoExtractor:277 - EVENT_MCU_SET_IP_PARAMETER
2024-09-15 14:27:04,175 [INFO] MemInfoExtractor:277 - EVENT_MCU_SET_IP_PARAMETER
2024-09-15 14:27:04,241 [INFO] UtilMem:75 - Before build in PCC Used Memory: 919008920 Bytes (1073741824)
2024-09-15 14:27:05,398 [INFO] UtilMem:75 - After build in PCC Used Memory: 865681456 Bytes (1073741824)
2024-09-15 14:27:05,482 [INFO] ApiDbMcu:508 - Load IP Config File for ThreadX
2024-09-15 14:27:05,529 [INFO] IPUIPlugin:80 - create IPUIPlugin
2024-09-15 14:27:05,529 [INFO] IPUIPlugin:80 - create IPUIPlugin
2024-09-15 14:27:05,529 [INFO] IPUIPlugin:80 - create IPUIPlugin
2024-09-15 14:27:05,529 [INFO] IPUIPlugin:80 - create IPUIPlugin
2024-09-15 14:27:05,529 [INFO] IPUIPlugin:80 - create IPUIPlugin
2024-09-15 14:27:05,529 [INFO] IPUIPlugin:80 - create IPUIPlugin
2024-09-15 14:27:05,529 [INFO] IPUIPlugin:80 - create IPUIPlugin
2024-09-15 14:27:05,530 [INFO] IPUIPlugin:80 - create IPUIPlugin
2024-09-15 14:27:05,530 [INFO] IPUIPlugin:80 - create IPUIPlugin
2024-09-15 14:27:05,530 [INFO] IPUIPlugin:80 - create IPUIPlugin
2024-09-15 14:27:05,530 [INFO] IPUIPlugin:80 - create IPUIPlugin
2024-09-15 14:27:05,530 [INFO] IPUIPlugin:80 - create IPUIPlugin
2024-09-15 14:27:05,530 [INFO] IPUIPlugin:80 - create IPUIPlugin
2024-09-15 14:27:05,530 [INFO] IPUIPlugin:80 - create IPUIPlugin
2024-09-15 14:27:05,531 [INFO] IPUIPlugin:80 - create IPUIPlugin
2024-09-15 14:27:05,531 [INFO] IPUIPlugin:80 - create IPUIPlugin
2024-09-15 14:27:05,531 [INFO] IPUIPlugin:80 - create IPUIPlugin
2024-09-15 14:27:05,531 [INFO] IPUIPlugin:80 - create IPUIPlugin
2024-09-15 14:27:05,531 [INFO] IPUIPlugin:80 - create IPUIPlugin
2024-09-15 14:27:05,531 [INFO] IPUIPlugin:80 - create IPUIPlugin
2024-09-15 14:27:05,531 [INFO] IPUIPlugin:80 - create IPUIPlugin
2024-09-15 14:27:05,531 [INFO] IPUIPlugin:80 - create IPUIPlugin
2024-09-15 14:27:05,532 [INFO] IPUIPlugin:80 - create IPUIPlugin
2024-09-15 14:27:05,532 [INFO] IPUIPlugin:80 - create IPUIPlugin
2024-09-15 14:27:05,532 [INFO] IPUIPlugin:80 - create IPUIPlugin
2024-09-15 14:27:05,532 [INFO] IPUIPlugin:80 - create IPUIPlugin
2024-09-15 14:27:05,532 [INFO] IPUIPlugin:80 - create IPUIPlugin
2024-09-15 14:27:05,532 [INFO] IPUIPlugin:80 - create IPUIPlugin
2024-09-15 14:27:05,533 [INFO] IPUIPlugin:80 - create IPUIPlugin
2024-09-15 14:27:05,533 [INFO] IPUIPlugin:80 - create IPUIPlugin
2024-09-15 14:27:05,533 [INFO] IPUIPlugin:80 - create IPUIPlugin
2024-09-15 14:27:05,533 [INFO] IPUIPlugin:80 - create IPUIPlugin
2024-09-15 14:27:05,534 [INFO] IPUIPlugin:80 - create IPUIPlugin
2024-09-15 14:27:05,534 [INFO] IPUIPlugin:80 - create IPUIPlugin
2024-09-15 14:27:05,535 [INFO] IPUIPlugin:80 - create IPUIPlugin
2024-09-15 14:27:05,535 [INFO] IPUIPlugin:80 - create IPUIPlugin
2024-09-15 14:27:05,536 [INFO] IPUIPlugin:80 - create IPUIPlugin
2024-09-15 14:27:05,536 [INFO] IPUIPlugin:80 - create IPUIPlugin
2024-09-15 14:27:05,536 [INFO] IPUIPlugin:80 - create IPUIPlugin
2024-09-15 14:27:05,537 [INFO] IPUIPlugin:80 - create IPUIPlugin
2024-09-15 14:27:05,537 [INFO] IPUIPlugin:80 - create IPUIPlugin
2024-09-15 14:27:05,538 [INFO] IPUIPlugin:80 - create IPUIPlugin
2024-09-15 14:27:05,538 [INFO] IPUIPlugin:80 - create IPUIPlugin
2024-09-15 14:27:05,539 [INFO] IPUIPlugin:80 - create IPUIPlugin
2024-09-15 14:27:05,539 [INFO] IPUIPlugin:80 - create IPUIPlugin
2024-09-15 14:27:05,539 [INFO] IPUIPlugin:80 - create IPUIPlugin
2024-09-15 14:27:05,540 [INFO] IPUIPlugin:80 - create IPUIPlugin
2024-09-15 14:27:05,540 [INFO] IPUIPlugin:80 - create IPUIPlugin
2024-09-15 14:27:05,540 [INFO] IPUIPlugin:80 - create IPUIPlugin
2024-09-15 14:27:05,541 [INFO] IPUIPlugin:80 - create IPUIPlugin
2024-09-15 14:27:05,541 [INFO] IPUIPlugin:80 - create IPUIPlugin
2024-09-15 14:27:05,541 [INFO] IPUIPlugin:80 - create IPUIPlugin
2024-09-15 14:27:05,542 [INFO] IPUIPlugin:80 - create IPUIPlugin
2024-09-15 14:27:05,542 [INFO] IPUIPlugin:80 - create IPUIPlugin
2024-09-15 14:27:05,543 [INFO] IPUIPlugin:80 - create IPUIPlugin
2024-09-15 14:27:05,543 [INFO] IPUIPlugin:80 - create IPUIPlugin
2024-09-15 14:27:05,544 [INFO] IPUIPlugin:80 - create IPUIPlugin
2024-09-15 14:27:05,545 [INFO] IPUIPlugin:80 - create IPUIPlugin
2024-09-15 14:27:05,545 [INFO] IPUIPlugin:80 - create IPUIPlugin
2024-09-15 14:27:05,546 [INFO] IPUIPlugin:80 - create IPUIPlugin
2024-09-15 14:27:05,546 [INFO] IPUIPlugin:80 - create IPUIPlugin
2024-09-15 14:27:05,547 [INFO] IPUIPlugin:80 - create IPUIPlugin
2024-09-15 14:27:05,547 [INFO] IPUIPlugin:80 - create IPUIPlugin
2024-09-15 14:27:05,548 [INFO] IPUIPlugin:80 - create IPUIPlugin
2024-09-15 14:27:05,548 [INFO] IPUIPlugin:80 - create IPUIPlugin
2024-09-15 14:27:05,548 [INFO] IPUIPlugin:80 - create IPUIPlugin
2024-09-15 14:27:05,549 [INFO] IPUIPlugin:80 - create IPUIPlugin
2024-09-15 14:27:05,549 [INFO] IPUIPlugin:80 - create IPUIPlugin
2024-09-15 14:27:05,550 [INFO] IPUIPlugin:80 - create IPUIPlugin
2024-09-15 14:27:05,551 [INFO] IPUIPlugin:80 - create IPUIPlugin
2024-09-15 14:27:05,551 [INFO] IPUIPlugin:80 - create IPUIPlugin
2024-09-15 14:27:05,552 [INFO] IPUIPlugin:80 - create IPUIPlugin
2024-09-15 14:27:05,552 [INFO] IPUIPlugin:80 - create IPUIPlugin
2024-09-15 14:27:05,553 [INFO] IPUIPlugin:80 - create IPUIPlugin
2024-09-15 14:27:05,554 [INFO] IPUIPlugin:80 - create IPUIPlugin
2024-09-15 14:27:05,554 [INFO] IPUIPlugin:80 - create IPUIPlugin
2024-09-15 14:27:05,555 [INFO] IPUIPlugin:80 - create IPUIPlugin
2024-09-15 14:27:05,555 [INFO] IPUIPlugin:80 - create IPUIPlugin
2024-09-15 14:27:05,556 [INFO] IPUIPlugin:80 - create IPUIPlugin
2024-09-15 14:27:05,556 [INFO] IPUIPlugin:80 - create IPUIPlugin
2024-09-15 14:27:05,557 [INFO] IPUIPlugin:80 - create IPUIPlugin
2024-09-15 14:27:05,557 [INFO] IPUIPlugin:80 - create IPUIPlugin
2024-09-15 14:27:05,557 [INFO] IPUIPlugin:80 - create IPUIPlugin
2024-09-15 14:27:05,558 [INFO] IPUIPlugin:80 - create IPUIPlugin
2024-09-15 14:27:05,558 [INFO] IPUIPlugin:80 - create IPUIPlugin
2024-09-15 14:27:05,558 [INFO] IPUIPlugin:80 - create IPUIPlugin
2024-09-15 14:27:05,559 [INFO] IPUIPlugin:80 - create IPUIPlugin
2024-09-15 14:27:05,560 [INFO] IPUIPlugin:80 - create IPUIPlugin
2024-09-15 14:27:05,560 [INFO] IPUIPlugin:80 - create IPUIPlugin
2024-09-15 14:27:05,561 [INFO] IPUIPlugin:80 - create IPUIPlugin
2024-09-15 14:27:05,562 [INFO] IPUIPlugin:80 - create IPUIPlugin
2024-09-15 14:27:05,562 [INFO] IPUIPlugin:80 - create IPUIPlugin
2024-09-15 14:27:05,563 [INFO] IPUIPlugin:80 - create IPUIPlugin
2024-09-15 14:27:05,563 [INFO] IPUIPlugin:80 - create IPUIPlugin
2024-09-15 14:27:05,564 [INFO] IPUIPlugin:80 - create IPUIPlugin
2024-09-15 14:27:05,564 [INFO] IPUIPlugin:80 - create IPUIPlugin
2024-09-15 14:27:05,565 [INFO] IPUIPlugin:80 - create IPUIPlugin
2024-09-15 14:27:05,565 [INFO] IPUIPlugin:80 - create IPUIPlugin
2024-09-15 14:27:05,566 [INFO] IPUIPlugin:80 - create IPUIPlugin
2024-09-15 14:27:05,566 [INFO] IPUIPlugin:80 - create IPUIPlugin
2024-09-15 14:27:05,567 [INFO] IPUIPlugin:80 - create IPUIPlugin
2024-09-15 14:27:05,568 [INFO] IPUIPlugin:80 - create IPUIPlugin
2024-09-15 14:27:05,569 [INFO] IPUIPlugin:80 - create IPUIPlugin
2024-09-15 14:27:05,570 [INFO] IPUIPlugin:80 - create IPUIPlugin
2024-09-15 14:27:05,582 [INFO] LogOutputStream:77 - [STDOUT_REDIRECT] Nominal 
2024-09-15 14:27:05,583 [INFO] Can:71 - Can Add PropertyChangeListener com.st.microxplorer.plugins.ip.can.Can@6bcccf01
2024-09-15 14:27:05,598 [WARN] IP:2191 - AutonomousMode not found: check if there is a RefParameter without a condition.
2024-09-15 14:27:05,598 [WARN] IP:2191 - TriggerPolarity not found: check if there is a RefParameter without a condition.
2024-09-15 14:27:05,598 [WARN] IP:2191 - TriggerSelection not found: check if there is a RefParameter without a condition.
2024-09-15 14:27:05,598 [WARN] IP:2191 - DataSize not found: check if there is a RefParameter without a condition.
2024-09-15 14:27:05,598 [WARN] IP:2191 - IdleFrame not found: check if there is a RefParameter without a condition.
2024-09-15 14:27:05,939 [INFO] CADModel:165 - CPN selected for project levelSTM32U575VGT6
2024-09-15 14:27:05,939 [INFO] CADModel:114 - Register for checkConnection events
2024-09-15 14:27:05,942 [INFO] RtosManager:697 - Active RTOS found at IOC load: THREADX [CortexM33]
2024-09-15 14:27:05,994 [INFO] OpenFileManager:363 - Restore cursor
2024-09-15 14:27:06,332 [WARN] IP:2191 - AutonomousMode not found: check if there is a RefParameter without a condition.
2024-09-15 14:27:06,332 [WARN] IP:2191 - TriggerPolarity not found: check if there is a RefParameter without a condition.
2024-09-15 14:27:06,332 [WARN] IP:2191 - TriggerSelection not found: check if there is a RefParameter without a condition.
2024-09-15 14:27:06,332 [WARN] IP:2191 - DataSize not found: check if there is a RefParameter without a condition.
2024-09-15 14:27:06,332 [WARN] IP:2191 - IdleFrame not found: check if there is a RefParameter without a condition.
2024-09-15 14:27:06,333 [WARN] IP:2191 - AutonomousMode not found: check if there is a RefParameter without a condition.
2024-09-15 14:27:06,333 [WARN] IP:2191 - TriggerPolarity not found: check if there is a RefParameter without a condition.
2024-09-15 14:27:06,333 [WARN] IP:2191 - TriggerSelection not found: check if there is a RefParameter without a condition.
2024-09-15 14:27:06,333 [WARN] IP:2191 - DataSize not found: check if there is a RefParameter without a condition.
2024-09-15 14:27:06,333 [WARN] IP:2191 - IdleFrame not found: check if there is a RefParameter without a condition.
2024-09-15 14:27:06,399 [WARN] IP:2191 - TX_APP_CREATION not found: check if there is a RefParameter without a condition.
2024-09-15 14:27:06,399 [WARN] IP:2191 - TX_APP_THREAD_ENTRY not found: check if there is a RefParameter without a condition.
2024-09-15 14:27:06,400 [WARN] IP:2191 - TX_APP_THREAD_NAME not found: check if there is a RefParameter without a condition.
2024-09-15 14:27:06,400 [WARN] IP:2191 - TX_APP_THREAD_PRIO not found: check if there is a RefParameter without a condition.
2024-09-15 14:27:06,400 [WARN] IP:2191 - TX_APP_STACK_SIZE not found: check if there is a RefParameter without a condition.
2024-09-15 14:27:06,400 [WARN] IP:2191 - TX_APP_SEM_CREATION not found: check if there is a RefParameter without a condition.
2024-09-15 14:27:06,401 [WARN] IP:2191 - TX_SEMAPHORE_NAME not found: check if there is a RefParameter without a condition.
2024-09-15 14:27:06,401 [WARN] IP:2191 - TX_SEMAPHORE_COUNT not found: check if there is a RefParameter without a condition.
2024-09-15 14:27:06,401 [WARN] IP:2191 - TX_APP_MUTEX_CREATION not found: check if there is a RefParameter without a condition.
2024-09-15 14:27:06,401 [WARN] IP:2191 - TX_MUTEX_NAME not found: check if there is a RefParameter without a condition.
2024-09-15 14:27:06,402 [WARN] IP:2191 - TX_MUTEX_INHERITANCE not found: check if there is a RefParameter without a condition.
2024-09-15 14:27:06,402 [WARN] IP:2191 - TX_APP_MSG_QUEUE_CREATION not found: check if there is a RefParameter without a condition.
2024-09-15 14:27:06,403 [WARN] IP:2191 - TX_MSG_QUEUE_NAME not found: check if there is a RefParameter without a condition.
2024-09-15 14:27:06,403 [WARN] IP:2191 - TX_MSG_SIZE_WORDS not found: check if there is a RefParameter without a condition.
2024-09-15 14:27:06,403 [WARN] IP:2191 - TX_NB_MSG not found: check if there is a RefParameter without a condition.
2024-09-15 14:27:06,404 [WARN] IP:2191 - TX_BASEPRI_VALUE not found: check if there is a RefParameter without a condition.
2024-09-15 14:27:06,404 [WARN] IP:2191 - TX_PORT_BASEPRI_VALUE not found: check if there is a RefParameter without a condition.
2024-09-15 15:04:22,124 [ERROR] LogOutputStream:75 - [STDERR_REDIRECT] 
